MPBoot version 1.1.1 for Linux 64-bit built Jun 13 2023
Copyright (c) 2016 Diep Thi Hoang, Le Sy Vinh, Tomas Flouri, Alexandros Stamatakis, Arndt von Haeseler and Bui Quang Minh.

Host:    head01.hpc.vast.vn (AVX512F, FMA3, 134 GB RAM)
Command: ../mpboot-avx -s data.17 -af fasta -ao data.17.fa
Seed:    93520 (Using SPRNG - Scalable Parallel Random Number Generator)
Time:    Sun Jun 18 00:52:15 2023
Kernel:  AVX

Reading alignment file data.17 ... Phylip format detected
Alignment most likely contains DNA/RNA sequences
Alignment has 500 sequences with 1000 columns and 1000 patterns
ID   Sequence #Gap/Ambiguity
1    T1    0    (0.000%)	4
2    T438  0    (0.000%)	4
3    T425  0    (0.000%)	4
4    T69   0    (0.000%)	4
5    T450  0    (0.000%)	4
6    T111  0    (0.000%)	4
7    T392  0    (0.000%)	4
8    T314  0    (0.000%)	4
9    T495  0    (0.000%)	4
10   T462  0    (0.000%)	4
11   T175  0    (0.000%)	4
12   T33   0    (0.000%)	4
13   T34   0    (0.000%)	4
14   T463  0    (0.000%)	4
15   T454  0    (0.000%)	4
16   T407  0    (0.000%)	4
17   T489  0    (0.000%)	4
18   T112  0    (0.000%)	4
19   T384  0    (0.000%)	4
20   T265  0    (0.000%)	4
21   T19   0    (0.000%)	4
22   T247  0    (0.000%)	4
23   T82   0    (0.000%)	4
24   T446  0    (0.000%)	4
25   T338  0    (0.000%)	4
26   T361  0    (0.000%)	4
27   T68   0    (0.000%)	4
28   T88   0    (0.000%)	4
29   T313  0    (0.000%)	4
30   T266  0    (0.000%)	4
31   T37   0    (0.000%)	4
32   T232  0    (0.000%)	4
33   T59   0    (0.000%)	4
34   T134  0    (0.000%)	4
35   T295  0    (0.000%)	4
36   T459  0    (0.000%)	4
37   T143  0    (0.000%)	4
38   T330  0    (0.000%)	4
39   T310  0    (0.000%)	4
40   T151  0    (0.000%)	4
41   T142  0    (0.000%)	4
42   T107  0    (0.000%)	4
43   T364  0    (0.000%)	4
44   T479  0    (0.000%)	4
45   T83   0    (0.000%)	4
46   T381  0    (0.000%)	4
47   T394  0    (0.000%)	4
48   T363  0    (0.000%)	4
49   T272  0    (0.000%)	4
50   T70   0    (0.000%)	4
51   T434  0    (0.000%)	4
52   T44   0    (0.000%)	4
53   T253  0    (0.000%)	4
54   T452  0    (0.000%)	4
55   T167  0    (0.000%)	4
56   T499  0    (0.000%)	4
57   T371  0    (0.000%)	4
58   T328  0    (0.000%)	4
59   T273  0    (0.000%)	4
60   T196  0    (0.000%)	4
61   T248  0    (0.000%)	4
62   T28   0    (0.000%)	4
63   T351  0    (0.000%)	4
64   T139  0    (0.000%)	4
65   T229  0    (0.000%)	4
66   T478  0    (0.000%)	4
67   T27   0    (0.000%)	4
68   T455  0    (0.000%)	4
69   T159  0    (0.000%)	4
70   T191  0    (0.000%)	4
71   T211  0    (0.000%)	4
72   T496  0    (0.000%)	4
73   T329  0    (0.000%)	4
74   T457  0    (0.000%)	4
75   T259  0    (0.000%)	4
76   T422  0    (0.000%)	4
77   T461  0    (0.000%)	4
78   T135  0    (0.000%)	4
79   T178  0    (0.000%)	4
80   T285  0    (0.000%)	4
81   T182  0    (0.000%)	4
82   T50   0    (0.000%)	4
83   T144  0    (0.000%)	4
84   T403  0    (0.000%)	4
85   T401  0    (0.000%)	4
86   T359  0    (0.000%)	4
87   T305  0    (0.000%)	4
88   T170  0    (0.000%)	4
89   T81   0    (0.000%)	4
90   T353  0    (0.000%)	4
91   T498  0    (0.000%)	4
92   T219  0    (0.000%)	4
93   T14   0    (0.000%)	4
94   T414  0    (0.000%)	4
95   T188  0    (0.000%)	4
96   T146  0    (0.000%)	4
97   T308  0    (0.000%)	4
98   T319  0    (0.000%)	4
99   T11   0    (0.000%)	4
100  T114  0    (0.000%)	4
101  T91   0    (0.000%)	4
102  T192  0    (0.000%)	4
103  T104  0    (0.000%)	4
104  T327  0    (0.000%)	4
105  T409  0    (0.000%)	4
106  T349  0    (0.000%)	4
107  T101  0    (0.000%)	4
108  T408  0    (0.000%)	4
109  T228  0    (0.000%)	4
110  T244  0    (0.000%)	4
111  T431  0    (0.000%)	4
112  T125  0    (0.000%)	4
113  T382  0    (0.000%)	4
114  T337  0    (0.000%)	4
115  T243  0    (0.000%)	4
116  T336  0    (0.000%)	4
117  T486  0    (0.000%)	4
118  T106  0    (0.000%)	4
119  T344  0    (0.000%)	4
120  T261  0    (0.000%)	4
121  T128  0    (0.000%)	4
122  T202  0    (0.000%)	4
123  T29   0    (0.000%)	4
124  T372  0    (0.000%)	4
125  T383  0    (0.000%)	4
126  T239  0    (0.000%)	4
127  T207  0    (0.000%)	4
128  T303  0    (0.000%)	4
129  T286  0    (0.000%)	4
130  T85   0    (0.000%)	4
131  T291  0    (0.000%)	4
132  T341  0    (0.000%)	4
133  T122  0    (0.000%)	4
134  T222  0    (0.000%)	4
135  T199  0    (0.000%)	4
136  T355  0    (0.000%)	4
137  T488  0    (0.000%)	4
138  T493  0    (0.000%)	4
139  T304  0    (0.000%)	4
140  T388  0    (0.000%)	4
141  T468  0    (0.000%)	4
142  T387  0    (0.000%)	4
143  T118  0    (0.000%)	4
144  T433  0    (0.000%)	4
145  T345  0    (0.000%)	4
146  T467  0    (0.000%)	4
147  T13   0    (0.000%)	4
148  T120  0    (0.000%)	4
149  T322  0    (0.000%)	4
150  T99   0    (0.000%)	4
151  T126  0    (0.000%)	4
152  T267  0    (0.000%)	4
153  T204  0    (0.000%)	4
154  T385  0    (0.000%)	4
155  T491  0    (0.000%)	4
156  T309  0    (0.000%)	4
157  T72   0    (0.000%)	4
158  T292  0    (0.000%)	4
159  T218  0    (0.000%)	4
160  T46   0    (0.000%)	4
161  T494  0    (0.000%)	4
162  T40   0    (0.000%)	4
163  T4    0    (0.000%)	4
164  T3    0    (0.000%)	4
165  T141  0    (0.000%)	4
166  T339  0    (0.000%)	4
167  T90   0    (0.000%)	4
168  T100  0    (0.000%)	4
169  T410  0    (0.000%)	4
170  T406  0    (0.000%)	4
171  T61   0    (0.000%)	4
172  T334  0    (0.000%)	4
173  T48   0    (0.000%)	4
174  T424  0    (0.000%)	4
175  T198  0    (0.000%)	4
176  T280  0    (0.000%)	4
177  T51   0    (0.000%)	4
178  T368  0    (0.000%)	4
179  T49   0    (0.000%)	4
180  T282  0    (0.000%)	4
181  T63   0    (0.000%)	4
182  T7    0    (0.000%)	4
183  T379  0    (0.000%)	4
184  T270  0    (0.000%)	4
185  T444  0    (0.000%)	4
186  T79   0    (0.000%)	4
187  T35   0    (0.000%)	4
188  T102  0    (0.000%)	4
189  T485  0    (0.000%)	4
190  T484  0    (0.000%)	4
191  T377  0    (0.000%)	4
192  T350  0    (0.000%)	4
193  T389  0    (0.000%)	4
194  T288  0    (0.000%)	4
195  T472  0    (0.000%)	4
196  T283  0    (0.000%)	4
197  T429  0    (0.000%)	4
198  T158  0    (0.000%)	4
199  T475  0    (0.000%)	4
200  T171  0    (0.000%)	4
201  T294  0    (0.000%)	4
202  T419  0    (0.000%)	4
203  T217  0    (0.000%)	4
204  T169  0    (0.000%)	4
205  T160  0    (0.000%)	4
206  T301  0    (0.000%)	4
207  T423  0    (0.000%)	4
208  T264  0    (0.000%)	4
209  T260  0    (0.000%)	4
210  T235  0    (0.000%)	4
211  T252  0    (0.000%)	4
212  T397  0    (0.000%)	4
213  T18   0    (0.000%)	4
214  T237  0    (0.000%)	4
215  T223  0    (0.000%)	4
216  T80   0    (0.000%)	4
217  T149  0    (0.000%)	4
218  T443  0    (0.000%)	4
219  T36   0    (0.000%)	4
220  T448  0    (0.000%)	4
221  T268  0    (0.000%)	4
222  T238  0    (0.000%)	4
223  T230  0    (0.000%)	4
224  T456  0    (0.000%)	4
225  T325  0    (0.000%)	4
226  T233  0    (0.000%)	4
227  T315  0    (0.000%)	4
228  T221  0    (0.000%)	4
229  T311  0    (0.000%)	4
230  T348  0    (0.000%)	4
231  T439  0    (0.000%)	4
232  T412  0    (0.000%)	4
233  T480  0    (0.000%)	4
234  T200  0    (0.000%)	4
235  T365  0    (0.000%)	4
236  T195  0    (0.000%)	4
237  T342  0    (0.000%)	4
238  T234  0    (0.000%)	4
239  T357  0    (0.000%)	4
240  T460  0    (0.000%)	4
241  T249  0    (0.000%)	4
242  T168  0    (0.000%)	4
243  T447  0    (0.000%)	4
244  T390  0    (0.000%)	4
245  T131  0    (0.000%)	4
246  T206  0    (0.000%)	4
247  T250  0    (0.000%)	4
248  T241  0    (0.000%)	4
249  T47   0    (0.000%)	4
250  T136  0    (0.000%)	4
251  T21   0    (0.000%)	4
252  T246  0    (0.000%)	4
253  T312  0    (0.000%)	4
254  T209  0    (0.000%)	4
255  T332  0    (0.000%)	4
256  T26   0    (0.000%)	4
257  T117  0    (0.000%)	4
258  T10   0    (0.000%)	4
259  T152  0    (0.000%)	4
260  T193  0    (0.000%)	4
261  T194  0    (0.000%)	4
262  T180  0    (0.000%)	4
263  T130  0    (0.000%)	4
264  T189  0    (0.000%)	4
265  T154  0    (0.000%)	4
266  T402  0    (0.000%)	4
267  T115  0    (0.000%)	4
268  T378  0    (0.000%)	4
269  T451  0    (0.000%)	4
270  T123  0    (0.000%)	4
271  T166  0    (0.000%)	4
272  T173  0    (0.000%)	4
273  T347  0    (0.000%)	4
274  T296  0    (0.000%)	4
275  T203  0    (0.000%)	4
276  T177  0    (0.000%)	4
277  T356  0    (0.000%)	4
278  T78   0    (0.000%)	4
279  T404  0    (0.000%)	4
280  T225  0    (0.000%)	4
281  T108  0    (0.000%)	4
282  T12   0    (0.000%)	4
283  T416  0    (0.000%)	4
284  T476  0    (0.000%)	4
285  T277  0    (0.000%)	4
286  T116  0    (0.000%)	4
287  T324  0    (0.000%)	4
288  T87   0    (0.000%)	4
289  T415  0    (0.000%)	4
290  T20   0    (0.000%)	4
291  T197  0    (0.000%)	4
292  T52   0    (0.000%)	4
293  T278  0    (0.000%)	4
294  T201  0    (0.000%)	4
295  T290  0    (0.000%)	4
296  T376  0    (0.000%)	4
297  T474  0    (0.000%)	4
298  T77   0    (0.000%)	4
299  T258  0    (0.000%)	4
300  T179  0    (0.000%)	4
301  T240  0    (0.000%)	4
302  T366  0    (0.000%)	4
303  T245  0    (0.000%)	4
304  T25   0    (0.000%)	4
305  T9    0    (0.000%)	4
306  T163  0    (0.000%)	4
307  T317  0    (0.000%)	4
308  T32   0    (0.000%)	4
309  T464  0    (0.000%)	4
310  T138  0    (0.000%)	4
311  T162  0    (0.000%)	4
312  T62   0    (0.000%)	4
313  T60   0    (0.000%)	4
314  T396  0    (0.000%)	4
315  T445  0    (0.000%)	4
316  T284  0    (0.000%)	4
317  T254  0    (0.000%)	4
318  T354  0    (0.000%)	4
319  T174  0    (0.000%)	4
320  T164  0    (0.000%)	4
321  T453  0    (0.000%)	4
322  T307  0    (0.000%)	4
323  T373  0    (0.000%)	4
324  T242  0    (0.000%)	4
325  T165  0    (0.000%)	4
326  T183  0    (0.000%)	4
327  T110  0    (0.000%)	4
328  T65   0    (0.000%)	4
329  T321  0    (0.000%)	4
330  T66   0    (0.000%)	4
331  T95   0    (0.000%)	4
332  T157  0    (0.000%)	4
333  T227  0    (0.000%)	4
334  T465  0    (0.000%)	4
335  T8    0    (0.000%)	4
336  T428  0    (0.000%)	4
337  T39   0    (0.000%)	4
338  T105  0    (0.000%)	4
339  T172  0    (0.000%)	4
340  T477  0    (0.000%)	4
341  T427  0    (0.000%)	4
342  T449  0    (0.000%)	4
343  T94   0    (0.000%)	4
344  T275  0    (0.000%)	4
345  T205  0    (0.000%)	4
346  T156  0    (0.000%)	4
347  T89   0    (0.000%)	4
348  T236  0    (0.000%)	4
349  T436  0    (0.000%)	4
350  T316  0    (0.000%)	4
351  T145  0    (0.000%)	4
352  T391  0    (0.000%)	4
353  T148  0    (0.000%)	4
354  T2    0    (0.000%)	4
355  T326  0    (0.000%)	4
356  T186  0    (0.000%)	4
357  T399  0    (0.000%)	4
358  T435  0    (0.000%)	4
359  T103  0    (0.000%)	4
360  T119  0    (0.000%)	4
361  T470  0    (0.000%)	4
362  T42   0    (0.000%)	4
363  T92   0    (0.000%)	4
364  T181  0    (0.000%)	4
365  T56   0    (0.000%)	4
366  T216  0    (0.000%)	4
367  T121  0    (0.000%)	4
368  T375  0    (0.000%)	4
369  T155  0    (0.000%)	4
370  T426  0    (0.000%)	4
371  T30   0    (0.000%)	4
372  T274  0    (0.000%)	4
373  T333  0    (0.000%)	4
374  T184  0    (0.000%)	4
375  T370  0    (0.000%)	4
376  T251  0    (0.000%)	4
377  T369  0    (0.000%)	4
378  T393  0    (0.000%)	4
379  T482  0    (0.000%)	4
380  T113  0    (0.000%)	4
381  T214  0    (0.000%)	4
382  T74   0    (0.000%)	4
383  T255  0    (0.000%)	4
384  T320  0    (0.000%)	4
385  T55   0    (0.000%)	4
386  T127  0    (0.000%)	4
387  T187  0    (0.000%)	4
388  T67   0    (0.000%)	4
389  T302  0    (0.000%)	4
390  T279  0    (0.000%)	4
391  T417  0    (0.000%)	4
392  T276  0    (0.000%)	4
393  T487  0    (0.000%)	4
394  T440  0    (0.000%)	4
395  T210  0    (0.000%)	4
396  T220  0    (0.000%)	4
397  T335  0    (0.000%)	4
398  T76   0    (0.000%)	4
399  T98   0    (0.000%)	4
400  T441  0    (0.000%)	4
401  T53   0    (0.000%)	4
402  T299  0    (0.000%)	4
403  T300  0    (0.000%)	4
404  T293  0    (0.000%)	4
405  T5    0    (0.000%)	4
406  T395  0    (0.000%)	4
407  T400  0    (0.000%)	4
408  T398  0    (0.000%)	4
409  T109  0    (0.000%)	4
410  T442  0    (0.000%)	4
411  T212  0    (0.000%)	4
412  T213  0    (0.000%)	4
413  T297  0    (0.000%)	4
414  T16   0    (0.000%)	4
415  T471  0    (0.000%)	4
416  T358  0    (0.000%)	4
417  T57   0    (0.000%)	4
418  T23   0    (0.000%)	4
419  T24   0    (0.000%)	4
420  T418  0    (0.000%)	4
421  T352  0    (0.000%)	4
422  T190  0    (0.000%)	4
423  T346  0    (0.000%)	4
424  T437  0    (0.000%)	4
425  T430  0    (0.000%)	4
426  T490  0    (0.000%)	4
427  T411  0    (0.000%)	4
428  T73   0    (0.000%)	4
429  T298  0    (0.000%)	4
430  T362  0    (0.000%)	4
431  T281  0    (0.000%)	4
432  T153  0    (0.000%)	4
433  T6    0    (0.000%)	4
434  T84   0    (0.000%)	4
435  T374  0    (0.000%)	4
436  T360  0    (0.000%)	4
437  T331  0    (0.000%)	4
438  T132  0    (0.000%)	4
439  T340  0    (0.000%)	4
440  T208  0    (0.000%)	4
441  T22   0    (0.000%)	4
442  T269  0    (0.000%)	4
443  T31   0    (0.000%)	4
444  T492  0    (0.000%)	4
445  T432  0    (0.000%)	4
446  T421  0    (0.000%)	4
447  T215  0    (0.000%)	4
448  T343  0    (0.000%)	4
449  T96   0    (0.000%)	4
450  T75   0    (0.000%)	4
451  T147  0    (0.000%)	4
452  T473  0    (0.000%)	4
453  T306  0    (0.000%)	4
454  T287  0    (0.000%)	4
455  T263  0    (0.000%)	4
456  T271  0    (0.000%)	4
457  T262  0    (0.000%)	4
458  T93   0    (0.000%)	4
459  T318  0    (0.000%)	4
460  T17   0    (0.000%)	4
461  T380  0    (0.000%)	4
462  T45   0    (0.000%)	4
463  T226  0    (0.000%)	4
464  T86   0    (0.000%)	4
465  T481  0    (0.000%)	4
466  T41   0    (0.000%)	4
467  T367  0    (0.000%)	4
468  T466  0    (0.000%)	4
469  T97   0    (0.000%)	4
470  T469  0    (0.000%)	4
471  T257  0    (0.000%)	4
472  T124  0    (0.000%)	4
473  T150  0    (0.000%)	4
474  T133  0    (0.000%)	4
475  T38   0    (0.000%)	4
476  T58   0    (0.000%)	4
477  T43   0    (0.000%)	4
478  T185  0    (0.000%)	4
479  T483  0    (0.000%)	4
480  T140  0    (0.000%)	4
481  T497  0    (0.000%)	4
482  T420  0    (0.000%)	4
483  T231  0    (0.000%)	4
484  T176  0    (0.000%)	4
485  T405  0    (0.000%)	4
486  T289  0    (0.000%)	4
487  T137  0    (0.000%)	4
488  T413  0    (0.000%)	4
489  T161  0    (0.000%)	4
490  T15   0    (0.000%)	4
491  T54   0    (0.000%)	4
492  T64   0    (0.000%)	4
493  T323  0    (0.000%)	4
494  T386  0    (0.000%)	4
495  T458  0    (0.000%)	4
496  T129  0    (0.000%)	4
497  T71   0    (0.000%)	4
498  T0    0    (0.000%)	4
499  T224  0    (0.000%)	4
500  T256  0    (0.000%)	4
**** TOTAL 0 (0.000%)

Computing random stepwise addition parsimony tree for evaluating patterns...
Time for random stepwise addition parsimony tree construction: 0.166 seconds
Parsimony score: 80544
Reordering patterns in alignment by decreasing order of pattern parsimony... 0.007 seconds
Alignment was printed to data.17.fa
Date and Time: Sun Jun 18 00:52:15 2023
