MPBoot version 1.1.1 for Linux 64-bit built Jun 13 2023
Copyright (c) 2016 Diep Thi Hoang, Le Sy Vinh, Tomas Flouri, Alexandros Stamatakis, Arndt von Haeseler and Bui Quang Minh.

Host:    head01.hpc.vast.vn (AVX512F, FMA3, 134 GB RAM)
Command: ./mpboot-avx -s ./yh3/data.59 -bb 1000 -keep_ident -pure_sa -cooling_schedule 0 -pre ./yh3/data.59.orig.boot -seed 213
Seed:    213 (Using SPRNG - Scalable Parallel Random Number Generator)
Time:    Sun Jun 18 12:02:10 2023
Kernel:  AVX

Reading alignment file ./yh3/data.59 ... Phylip format detected
Alignment most likely contains DNA/RNA sequences
Alignment has 500 sequences with 1000 columns and 1000 patterns
ID   Sequence #Gap/Ambiguity
1    T1    0    (0.000%)	4
2    T399  0    (0.000%)	4
3    T302  0    (0.000%)	4
4    T103  0    (0.000%)	4
5    T2    0    (0.000%)	4
6    T14   0    (0.000%)	4
7    T310  0    (0.000%)	4
8    T16   0    (0.000%)	4
9    T253  0    (0.000%)	4
10   T411  0    (0.000%)	4
11   T79   0    (0.000%)	4
12   T257  0    (0.000%)	4
13   T142  0    (0.000%)	4
14   T343  0    (0.000%)	4
15   T118  0    (0.000%)	4
16   T296  0    (0.000%)	4
17   T321  0    (0.000%)	4
18   T450  0    (0.000%)	4
19   T3    0    (0.000%)	4
20   T242  0    (0.000%)	4
21   T255  0    (0.000%)	4
22   T74   0    (0.000%)	4
23   T456  0    (0.000%)	4
24   T139  0    (0.000%)	4
25   T65   0    (0.000%)	4
26   T444  0    (0.000%)	4
27   T478  0    (0.000%)	4
28   T179  0    (0.000%)	4
29   T429  0    (0.000%)	4
30   T7    0    (0.000%)	4
31   T479  0    (0.000%)	4
32   T113  0    (0.000%)	4
33   T108  0    (0.000%)	4
34   T422  0    (0.000%)	4
35   T440  0    (0.000%)	4
36   T237  0    (0.000%)	4
37   T19   0    (0.000%)	4
38   T261  0    (0.000%)	4
39   T409  0    (0.000%)	4
40   T294  0    (0.000%)	4
41   T17   0    (0.000%)	4
42   T12   0    (0.000%)	4
43   T39   0    (0.000%)	4
44   T437  0    (0.000%)	4
45   T61   0    (0.000%)	4
46   T473  0    (0.000%)	4
47   T400  0    (0.000%)	4
48   T318  0    (0.000%)	4
49   T412  0    (0.000%)	4
50   T173  0    (0.000%)	4
51   T150  0    (0.000%)	4
52   T71   0    (0.000%)	4
53   T372  0    (0.000%)	4
54   T368  0    (0.000%)	4
55   T421  0    (0.000%)	4
56   T54   0    (0.000%)	4
57   T223  0    (0.000%)	4
58   T322  0    (0.000%)	4
59   T330  0    (0.000%)	4
60   T98   0    (0.000%)	4
61   T27   0    (0.000%)	4
62   T284  0    (0.000%)	4
63   T181  0    (0.000%)	4
64   T446  0    (0.000%)	4
65   T447  0    (0.000%)	4
66   T417  0    (0.000%)	4
67   T327  0    (0.000%)	4
68   T393  0    (0.000%)	4
69   T156  0    (0.000%)	4
70   T493  0    (0.000%)	4
71   T311  0    (0.000%)	4
72   T274  0    (0.000%)	4
73   T9    0    (0.000%)	4
74   T141  0    (0.000%)	4
75   T69   0    (0.000%)	4
76   T405  0    (0.000%)	4
77   T109  0    (0.000%)	4
78   T482  0    (0.000%)	4
79   T37   0    (0.000%)	4
80   T66   0    (0.000%)	4
81   T208  0    (0.000%)	4
82   T487  0    (0.000%)	4
83   T428  0    (0.000%)	4
84   T388  0    (0.000%)	4
85   T492  0    (0.000%)	4
86   T243  0    (0.000%)	4
87   T273  0    (0.000%)	4
88   T333  0    (0.000%)	4
89   T233  0    (0.000%)	4
90   T351  0    (0.000%)	4
91   T184  0    (0.000%)	4
92   T78   0    (0.000%)	4
93   T151  0    (0.000%)	4
94   T211  0    (0.000%)	4
95   T337  0    (0.000%)	4
96   T335  0    (0.000%)	4
97   T472  0    (0.000%)	4
98   T35   0    (0.000%)	4
99   T216  0    (0.000%)	4
100  T236  0    (0.000%)	4
101  T361  0    (0.000%)	4
102  T229  0    (0.000%)	4
103  T29   0    (0.000%)	4
104  T95   0    (0.000%)	4
105  T397  0    (0.000%)	4
106  T58   0    (0.000%)	4
107  T77   0    (0.000%)	4
108  T395  0    (0.000%)	4
109  T254  0    (0.000%)	4
110  T476  0    (0.000%)	4
111  T59   0    (0.000%)	4
112  T488  0    (0.000%)	4
113  T50   0    (0.000%)	4
114  T293  0    (0.000%)	4
115  T100  0    (0.000%)	4
116  T381  0    (0.000%)	4
117  T135  0    (0.000%)	4
118  T385  0    (0.000%)	4
119  T432  0    (0.000%)	4
120  T332  0    (0.000%)	4
121  T427  0    (0.000%)	4
122  T219  0    (0.000%)	4
123  T193  0    (0.000%)	4
124  T166  0    (0.000%)	4
125  T188  0    (0.000%)	4
126  T317  0    (0.000%)	4
127  T105  0    (0.000%)	4
128  T464  0    (0.000%)	4
129  T383  0    (0.000%)	4
130  T349  0    (0.000%)	4
131  T107  0    (0.000%)	4
132  T356  0    (0.000%)	4
133  T75   0    (0.000%)	4
134  T42   0    (0.000%)	4
135  T165  0    (0.000%)	4
136  T154  0    (0.000%)	4
137  T260  0    (0.000%)	4
138  T125  0    (0.000%)	4
139  T278  0    (0.000%)	4
140  T120  0    (0.000%)	4
141  T424  0    (0.000%)	4
142  T457  0    (0.000%)	4
143  T224  0    (0.000%)	4
144  T325  0    (0.000%)	4
145  T290  0    (0.000%)	4
146  T459  0    (0.000%)	4
147  T167  0    (0.000%)	4
148  T195  0    (0.000%)	4
149  T34   0    (0.000%)	4
150  T138  0    (0.000%)	4
151  T200  0    (0.000%)	4
152  T316  0    (0.000%)	4
153  T390  0    (0.000%)	4
154  T30   0    (0.000%)	4
155  T191  0    (0.000%)	4
156  T220  0    (0.000%)	4
157  T218  0    (0.000%)	4
158  T483  0    (0.000%)	4
159  T91   0    (0.000%)	4
160  T453  0    (0.000%)	4
161  T183  0    (0.000%)	4
162  T334  0    (0.000%)	4
163  T320  0    (0.000%)	4
164  T398  0    (0.000%)	4
165  T496  0    (0.000%)	4
166  T145  0    (0.000%)	4
167  T57   0    (0.000%)	4
168  T378  0    (0.000%)	4
169  T401  0    (0.000%)	4
170  T68   0    (0.000%)	4
171  T36   0    (0.000%)	4
172  T62   0    (0.000%)	4
173  T416  0    (0.000%)	4
174  T307  0    (0.000%)	4
175  T240  0    (0.000%)	4
176  T203  0    (0.000%)	4
177  T84   0    (0.000%)	4
178  T304  0    (0.000%)	4
179  T153  0    (0.000%)	4
180  T369  0    (0.000%)	4
181  T391  0    (0.000%)	4
182  T20   0    (0.000%)	4
183  T297  0    (0.000%)	4
184  T111  0    (0.000%)	4
185  T268  0    (0.000%)	4
186  T489  0    (0.000%)	4
187  T196  0    (0.000%)	4
188  T382  0    (0.000%)	4
189  T262  0    (0.000%)	4
190  T185  0    (0.000%)	4
191  T247  0    (0.000%)	4
192  T434  0    (0.000%)	4
193  T140  0    (0.000%)	4
194  T389  0    (0.000%)	4
195  T28   0    (0.000%)	4
196  T420  0    (0.000%)	4
197  T159  0    (0.000%)	4
198  T367  0    (0.000%)	4
199  T497  0    (0.000%)	4
200  T49   0    (0.000%)	4
201  T45   0    (0.000%)	4
202  T495  0    (0.000%)	4
203  T56   0    (0.000%)	4
204  T87   0    (0.000%)	4
205  T126  0    (0.000%)	4
206  T115  0    (0.000%)	4
207  T52   0    (0.000%)	4
208  T470  0    (0.000%)	4
209  T364  0    (0.000%)	4
210  T110  0    (0.000%)	4
211  T340  0    (0.000%)	4
212  T43   0    (0.000%)	4
213  T180  0    (0.000%)	4
214  T468  0    (0.000%)	4
215  T270  0    (0.000%)	4
216  T458  0    (0.000%)	4
217  T225  0    (0.000%)	4
218  T164  0    (0.000%)	4
219  T8    0    (0.000%)	4
220  T205  0    (0.000%)	4
221  T279  0    (0.000%)	4
222  T475  0    (0.000%)	4
223  T285  0    (0.000%)	4
224  T82   0    (0.000%)	4
225  T271  0    (0.000%)	4
226  T353  0    (0.000%)	4
227  T363  0    (0.000%)	4
228  T269  0    (0.000%)	4
229  T403  0    (0.000%)	4
230  T102  0    (0.000%)	4
231  T136  0    (0.000%)	4
232  T197  0    (0.000%)	4
233  T244  0    (0.000%)	4
234  T452  0    (0.000%)	4
235  T228  0    (0.000%)	4
236  T413  0    (0.000%)	4
237  T194  0    (0.000%)	4
238  T192  0    (0.000%)	4
239  T92   0    (0.000%)	4
240  T414  0    (0.000%)	4
241  T11   0    (0.000%)	4
242  T175  0    (0.000%)	4
243  T291  0    (0.000%)	4
244  T32   0    (0.000%)	4
245  T210  0    (0.000%)	4
246  T55   0    (0.000%)	4
247  T286  0    (0.000%)	4
248  T202  0    (0.000%)	4
249  T392  0    (0.000%)	4
250  T348  0    (0.000%)	4
251  T292  0    (0.000%)	4
252  T441  0    (0.000%)	4
253  T491  0    (0.000%)	4
254  T338  0    (0.000%)	4
255  T418  0    (0.000%)	4
256  T97   0    (0.000%)	4
257  T264  0    (0.000%)	4
258  T67   0    (0.000%)	4
259  T171  0    (0.000%)	4
260  T275  0    (0.000%)	4
261  T130  0    (0.000%)	4
262  T132  0    (0.000%)	4
263  T445  0    (0.000%)	4
264  T137  0    (0.000%)	4
265  T460  0    (0.000%)	4
266  T329  0    (0.000%)	4
267  T124  0    (0.000%)	4
268  T465  0    (0.000%)	4
269  T47   0    (0.000%)	4
270  T76   0    (0.000%)	4
271  T407  0    (0.000%)	4
272  T263  0    (0.000%)	4
273  T462  0    (0.000%)	4
274  T474  0    (0.000%)	4
275  T301  0    (0.000%)	4
276  T366  0    (0.000%)	4
277  T449  0    (0.000%)	4
278  T252  0    (0.000%)	4
279  T248  0    (0.000%)	4
280  T143  0    (0.000%)	4
281  T431  0    (0.000%)	4
282  T259  0    (0.000%)	4
283  T214  0    (0.000%)	4
284  T358  0    (0.000%)	4
285  T265  0    (0.000%)	4
286  T177  0    (0.000%)	4
287  T494  0    (0.000%)	4
288  T25   0    (0.000%)	4
289  T187  0    (0.000%)	4
290  T471  0    (0.000%)	4
291  T31   0    (0.000%)	4
292  T144  0    (0.000%)	4
293  T21   0    (0.000%)	4
294  T245  0    (0.000%)	4
295  T498  0    (0.000%)	4
296  T288  0    (0.000%)	4
297  T114  0    (0.000%)	4
298  T44   0    (0.000%)	4
299  T425  0    (0.000%)	4
300  T106  0    (0.000%)	4
301  T117  0    (0.000%)	4
302  T490  0    (0.000%)	4
303  T207  0    (0.000%)	4
304  T146  0    (0.000%)	4
305  T466  0    (0.000%)	4
306  T158  0    (0.000%)	4
307  T112  0    (0.000%)	4
308  T160  0    (0.000%)	4
309  T86   0    (0.000%)	4
310  T375  0    (0.000%)	4
311  T319  0    (0.000%)	4
312  T121  0    (0.000%)	4
313  T379  0    (0.000%)	4
314  T6    0    (0.000%)	4
315  T238  0    (0.000%)	4
316  T345  0    (0.000%)	4
317  T209  0    (0.000%)	4
318  T435  0    (0.000%)	4
319  T439  0    (0.000%)	4
320  T365  0    (0.000%)	4
321  T481  0    (0.000%)	4
322  T64   0    (0.000%)	4
323  T281  0    (0.000%)	4
324  T53   0    (0.000%)	4
325  T377  0    (0.000%)	4
326  T326  0    (0.000%)	4
327  T387  0    (0.000%)	4
328  T251  0    (0.000%)	4
329  T346  0    (0.000%)	4
330  T131  0    (0.000%)	4
331  T134  0    (0.000%)	4
332  T83   0    (0.000%)	4
333  T101  0    (0.000%)	4
334  T406  0    (0.000%)	4
335  T350  0    (0.000%)	4
336  T22   0    (0.000%)	4
337  T352  0    (0.000%)	4
338  T199  0    (0.000%)	4
339  T5    0    (0.000%)	4
340  T463  0    (0.000%)	4
341  T198  0    (0.000%)	4
342  T99   0    (0.000%)	4
343  T423  0    (0.000%)	4
344  T90   0    (0.000%)	4
345  T4    0    (0.000%)	4
346  T227  0    (0.000%)	4
347  T234  0    (0.000%)	4
348  T213  0    (0.000%)	4
349  T272  0    (0.000%)	4
350  T18   0    (0.000%)	4
351  T226  0    (0.000%)	4
352  T70   0    (0.000%)	4
353  T303  0    (0.000%)	4
354  T246  0    (0.000%)	4
355  T127  0    (0.000%)	4
356  T170  0    (0.000%)	4
357  T480  0    (0.000%)	4
358  T201  0    (0.000%)	4
359  T94   0    (0.000%)	4
360  T433  0    (0.000%)	4
361  T48   0    (0.000%)	4
362  T161  0    (0.000%)	4
363  T419  0    (0.000%)	4
364  T88   0    (0.000%)	4
365  T89   0    (0.000%)	4
366  T355  0    (0.000%)	4
367  T347  0    (0.000%)	4
368  T461  0    (0.000%)	4
369  T96   0    (0.000%)	4
370  T266  0    (0.000%)	4
371  T299  0    (0.000%)	4
372  T168  0    (0.000%)	4
373  T10   0    (0.000%)	4
374  T128  0    (0.000%)	4
375  T250  0    (0.000%)	4
376  T93   0    (0.000%)	4
377  T155  0    (0.000%)	4
378  T306  0    (0.000%)	4
379  T26   0    (0.000%)	4
380  T312  0    (0.000%)	4
381  T119  0    (0.000%)	4
382  T241  0    (0.000%)	4
383  T163  0    (0.000%)	4
384  T408  0    (0.000%)	4
385  T448  0    (0.000%)	4
386  T280  0    (0.000%)	4
387  T235  0    (0.000%)	4
388  T438  0    (0.000%)	4
389  T133  0    (0.000%)	4
390  T212  0    (0.000%)	4
391  T443  0    (0.000%)	4
392  T40   0    (0.000%)	4
393  T116  0    (0.000%)	4
394  T81   0    (0.000%)	4
395  T305  0    (0.000%)	4
396  T33   0    (0.000%)	4
397  T277  0    (0.000%)	4
398  T85   0    (0.000%)	4
399  T189  0    (0.000%)	4
400  T371  0    (0.000%)	4
401  T215  0    (0.000%)	4
402  T256  0    (0.000%)	4
403  T436  0    (0.000%)	4
404  T46   0    (0.000%)	4
405  T415  0    (0.000%)	4
406  T442  0    (0.000%)	4
407  T23   0    (0.000%)	4
408  T467  0    (0.000%)	4
409  T162  0    (0.000%)	4
410  T484  0    (0.000%)	4
411  T394  0    (0.000%)	4
412  T41   0    (0.000%)	4
413  T169  0    (0.000%)	4
414  T339  0    (0.000%)	4
415  T204  0    (0.000%)	4
416  T359  0    (0.000%)	4
417  T72   0    (0.000%)	4
418  T15   0    (0.000%)	4
419  T300  0    (0.000%)	4
420  T451  0    (0.000%)	4
421  T148  0    (0.000%)	4
422  T477  0    (0.000%)	4
423  T454  0    (0.000%)	4
424  T298  0    (0.000%)	4
425  T384  0    (0.000%)	4
426  T426  0    (0.000%)	4
427  T190  0    (0.000%)	4
428  T324  0    (0.000%)	4
429  T80   0    (0.000%)	4
430  T314  0    (0.000%)	4
431  T336  0    (0.000%)	4
432  T282  0    (0.000%)	4
433  T486  0    (0.000%)	4
434  T230  0    (0.000%)	4
435  T360  0    (0.000%)	4
436  T123  0    (0.000%)	4
437  T410  0    (0.000%)	4
438  T13   0    (0.000%)	4
439  T354  0    (0.000%)	4
440  T221  0    (0.000%)	4
441  T455  0    (0.000%)	4
442  T178  0    (0.000%)	4
443  T60   0    (0.000%)	4
444  T328  0    (0.000%)	4
445  T357  0    (0.000%)	4
446  T206  0    (0.000%)	4
447  T386  0    (0.000%)	4
448  T380  0    (0.000%)	4
449  T63   0    (0.000%)	4
450  T152  0    (0.000%)	4
451  T249  0    (0.000%)	4
452  T122  0    (0.000%)	4
453  T267  0    (0.000%)	4
454  T222  0    (0.000%)	4
455  T469  0    (0.000%)	4
456  T287  0    (0.000%)	4
457  T182  0    (0.000%)	4
458  T341  0    (0.000%)	4
459  T309  0    (0.000%)	4
460  T402  0    (0.000%)	4
461  T323  0    (0.000%)	4
462  T149  0    (0.000%)	4
463  T24   0    (0.000%)	4
464  T289  0    (0.000%)	4
465  T485  0    (0.000%)	4
466  T315  0    (0.000%)	4
467  T376  0    (0.000%)	4
468  T276  0    (0.000%)	4
469  T38   0    (0.000%)	4
470  T51   0    (0.000%)	4
471  T331  0    (0.000%)	4
472  T342  0    (0.000%)	4
473  T147  0    (0.000%)	4
474  T172  0    (0.000%)	4
475  T232  0    (0.000%)	4
476  T217  0    (0.000%)	4
477  T73   0    (0.000%)	4
478  T104  0    (0.000%)	4
479  T430  0    (0.000%)	4
480  T344  0    (0.000%)	4
481  T374  0    (0.000%)	4
482  T239  0    (0.000%)	4
483  T129  0    (0.000%)	4
484  T295  0    (0.000%)	4
485  T362  0    (0.000%)	4
486  T174  0    (0.000%)	4
487  T157  0    (0.000%)	4
488  T231  0    (0.000%)	4
489  T176  0    (0.000%)	4
490  T396  0    (0.000%)	4
491  T283  0    (0.000%)	4
492  T404  0    (0.000%)	4
493  T499  0    (0.000%)	4
494  T308  0    (0.000%)	4
495  T186  0    (0.000%)	4
496  T313  0    (0.000%)	4
497  T370  0    (0.000%)	4
498  T0    0    (0.000%)	4
499  T258  0    (0.000%)	4
500  T373  0    (0.000%)	4
**** TOTAL 0 (0.000%)

Computing random stepwise addition parsimony tree for evaluating patterns...
ok
Time for random stepwise addition parsimony tree construction: 0.166 seconds
Parsimony score: 81750
Reordering patterns in alignment by decreasing order of pattern parsimony... 0.010 seconds

Computing random stepwise addition parsimony tree for evaluating patterns...
ok
Time for random stepwise addition parsimony tree construction: 0.163 seconds
Parsimony score: 81750
Reordering patterns in alignment by decreasing order of pattern parsimony... 0.009 seconds

Create initial parsimony tree by phylogenetic likelihood library (PLL)... 0.174 seconds
Generating 1000 samples for bootstrap approximation...

NOTE: 88.095 MB RAM is required!
Current best tree score: 81737

Generating 99 parsimony trees... (96 duplicated parsimony trees)
CPU time: 11
Finish initializing candidate tree set. Number of distinct locally optimal trees: 4
Current best score: 81737 / CPU time: 11

Time: 0h:0m:12s
NOTE: REPS computation is segmented into 18 parts for speed...
segment#1 ends at 48
segment#2 ends at 96
segment#3 ends at 144
segment#4 ends at 192
segment#5 ends at 240
segment#6 ends at 288
segment#7 ends at 336
segment#8 ends at 400
segment#9 ends at 464
segment#10 ends at 528
segment#11 ends at 592
segment#12 ends at 656
segment#13 ends at 720
segment#14 ends at 784
segment#15 ends at 848
segment#16 ends at 912
segment#17 ends at 976
segment#18 ends at 1000
0 seconds.
RATCHET Iteration 10 / Score: 81737 / Time: 0h:0m:59s
RATCHET Iteration 20 / Score: 81737 / Time: 0h:1m:11s (0h:30m:4s left)
RATCHET Iteration 30 / Score: 81740 / Time: 0h:1m:22s (0h:22m:9s left)
RATCHET Iteration 40 / Score: 81737 / Time: 0h:1m:33s (0h:18m:27s left)
RATCHET Iteration 50 / Score: 81737 / Time: 0h:1m:45s (0h:16m:8s left)
RATCHET Iteration 60 / Score: 81737 / Time: 0h:1m:57s (0h:14m:36s left)
RATCHET Iteration 70 / Score: 81737 / Time: 0h:2m:9s (0h:13m:24s left)
RATCHET Iteration 80 / Score: 81737 / Time: 0h:2m:21s (0h:12m:31s left)
RATCHET Iteration 90 / Score: 81737 / Time: 0h:2m:34s (0h:11m:51s left)
RATCHET Iteration 100 / Score: 81737 / Time: 0h:2m:46s (0h:11m:14s left)
RATCHET Iteration 110 / Score: 81737 / Time: 0h:2m:58s (0h:10m:41s left)
RATCHET Iteration 120 / Score: 81737 / Time: 0h:3m:10s (0h:10m:10s left)
RATCHET Iteration 130 / Score: 81737 / Time: 0h:3m:22s (0h:9m:40s left)
RATCHET Iteration 140 / Score: 81737 / Time: 0h:3m:33s (0h:9m:14s left)
RATCHET Iteration 150 / Score: 81737 / Time: 0h:3m:45s (0h:8m:51s left)
RATCHET Iteration 160 / Score: 81737 / Time: 0h:3m:57s (0h:8m:29s left)
RATCHET Iteration 170 / Score: 81737 / Time: 0h:4m:9s (0h:8m:7s left)
RATCHET Iteration 180 / Score: 81737 / Time: 0h:4m:20s (0h:7m:47s left)
RATCHET Iteration 190 / Score: 81737 / Time: 0h:4m:32s (0h:7m:27s left)
RATCHET Iteration 200 / Score: 81737 / Time: 0h:4m:42s (0h:7m:7s left)
RATCHET Iteration 210 / Score: 81737 / Time: 0h:4m:53s (0h:6m:48s left)
RATCHET Iteration 220 / Score: 81737 / Time: 0h:5m:5s (0h:6m:31s left)
RATCHET Iteration 230 / Score: 81737 / Time: 0h:5m:16s (0h:6m:14s left)
RATCHET Iteration 240 / Score: 81737 / Time: 0h:5m:28s (0h:5m:58s left)
RATCHET Iteration 250 / Score: 81737 / Time: 0h:5m:40s (0h:5m:43s left)
RATCHET Iteration 260 / Score: 81737 / Time: 0h:5m:53s (0h:5m:28s left)
RATCHET Iteration 270 / Score: 81737 / Time: 0h:6m:4s (0h:5m:12s left)
RATCHET Iteration 280 / Score: 81737 / Time: 0h:6m:16s (0h:4m:58s left)
RATCHET Iteration 290 / Score: 81737 / Time: 0h:6m:27s (0h:4m:43s left)
RATCHET Iteration 300 / Score: 81737 / Time: 0h:6m:39s (0h:4m:28s left)
RATCHET Iteration 310 / Score: 81737 / Time: 0h:6m:51s (0h:4m:14s left)
RATCHET Iteration 320 / Score: 81737 / Time: 0h:7m:3s (0h:4m:0s left)
RATCHET Iteration 330 / Score: 81737 / Time: 0h:7m:16s (0h:3m:46s left)
RATCHET Iteration 340 / Score: 81737 / Time: 0h:7m:27s (0h:3m:32s left)
RATCHET Iteration 350 / Score: 81737 / Time: 0h:7m:39s (0h:3m:18s left)
RATCHET Iteration 360 / Score: 81737 / Time: 0h:7m:50s (0h:3m:4s left)
RATCHET Iteration 370 / Score: 81737 / Time: 0h:8m:2s (0h:2m:51s left)
RATCHET Iteration 380 / Score: 81737 / Time: 0h:8m:14s (0h:2m:37s left)
RATCHET Iteration 390 / Score: 81737 / Time: 0h:8m:24s (0h:2m:23s left)
RATCHET Iteration 400 / Score: 81737 / Time: 0h:8m:37s (0h:2m:10s left)
RATCHET Iteration 410 / Score: 81737 / Time: 0h:8m:48s (0h:1m:57s left)
RATCHET Iteration 420 / Score: 81737 / Time: 0h:8m:59s (0h:1m:44s left)
RATCHET Iteration 430 / Score: 81737 / Time: 0h:9m:11s (0h:1m:31s left)
RATCHET Iteration 440 / Score: 81737 / Time: 0h:9m:23s (0h:1m:18s left)
RATCHET Iteration 450 / Score: 81737 / Time: 0h:9m:34s (0h:1m:5s left)
RATCHET Iteration 460 / Score: 81737 / Time: 0h:9m:47s (0h:0m:52s left)
RATCHET Iteration 470 / Score: 81737 / Time: 0h:10m:0s (0h:0m:39s left)
RATCHET Iteration 480 / Score: 81737 / Time: 0h:10m:12s (0h:0m:26s left)
RATCHET Iteration 490 / Score: 81737 / Time: 0h:10m:23s (0h:0m:14s left)
RATCHET Iteration 500 / Score: 81737 / Time: 0h:10m:35s (0h:0m:1s left)
Optimizing bootstrap trees ...
100 replicates done
200 replicates done
300 replicates done
400 replicates done
500 replicates done
600 replicates done
700 replicates done
800 replicates done
900 replicates done
1000 replicates done
CPU Time used:  106 sec.
NOTE: At the end, 154251 bootstrap candidate trees evaluated.
Scores of best 5 trees: 
81737 81737 81738 81740 81740 
BEST SCORE FOUND : 81737
Creating bootstrap support values...
Split supports printed to NEXUS file ./yh3/data.59.orig.boot.splits.nex

CPU time used for tree search: 740.239 sec (0h:12m:20s)
Wall-clock time used for tree search: 742.430 sec (0h:12m:22s)
Total CPU time used: 742.161 sec (0h:12m:22s)
Total wall-clock time used: 744.547 sec (0h:12m:24s)

Computing bootstrap consensus tree...
Reading input file ./yh3/data.59.orig.boot.splits.nex...
500 taxa and 1261 splits.
Consensus tree written to ./yh3/data.59.orig.boot.contree
Parsimony score of consensus tree: 81737

Analysis results written to: 
  MPBoot report:                 ./yh3/data.59.orig.boot.mpboot
  Maximum-parsimony  tree:       ./yh3/data.59.orig.boot.treefile

Maximum parsimony bootstrap approximation results written to:
  Split support values:          ./yh3/data.59.orig.boot.splits.nex
  Consensus tree:                ./yh3/data.59.orig.boot.contree
  Screen log file:               ./yh3/data.59.orig.boot.log

Date and Time: Sun Jun 18 12:14:35 2023
