MPBoot version 1.1.1 for Linux 64-bit built Jun 13 2023
Copyright (c) 2016 Diep Thi Hoang, Le Sy Vinh, Tomas Flouri, Alexandros Stamatakis, Arndt von Haeseler and Bui Quang Minh.

Host:    head01.hpc.vast.vn (AVX512F, FMA3, 134 GB RAM)
Command: ../mpboot-avx -s data.12 -af fasta -ao data.12.fa
Seed:    886830 (Using SPRNG - Scalable Parallel Random Number Generator)
Time:    Sun Jun 18 00:52:10 2023
Kernel:  AVX

Reading alignment file data.12 ... Phylip format detected
Alignment most likely contains DNA/RNA sequences
Alignment has 500 sequences with 1000 columns and 1000 patterns
ID   Sequence #Gap/Ambiguity
1    T1    0    (0.000%)	4
2    T89   0    (0.000%)	4
3    T30   0    (0.000%)	4
4    T362  0    (0.000%)	4
5    T223  0    (0.000%)	4
6    T411  0    (0.000%)	4
7    T269  0    (0.000%)	4
8    T459  0    (0.000%)	4
9    T64   0    (0.000%)	4
10   T397  0    (0.000%)	4
11   T234  0    (0.000%)	4
12   T118  0    (0.000%)	4
13   T465  0    (0.000%)	4
14   T103  0    (0.000%)	4
15   T233  0    (0.000%)	4
16   T198  0    (0.000%)	4
17   T241  0    (0.000%)	4
18   T122  0    (0.000%)	4
19   T138  0    (0.000%)	4
20   T136  0    (0.000%)	4
21   T44   0    (0.000%)	4
22   T170  0    (0.000%)	4
23   T441  0    (0.000%)	4
24   T484  0    (0.000%)	4
25   T446  0    (0.000%)	4
26   T350  0    (0.000%)	4
27   T457  0    (0.000%)	4
28   T217  0    (0.000%)	4
29   T183  0    (0.000%)	4
30   T41   0    (0.000%)	4
31   T221  0    (0.000%)	4
32   T399  0    (0.000%)	4
33   T184  0    (0.000%)	4
34   T228  0    (0.000%)	4
35   T258  0    (0.000%)	4
36   T105  0    (0.000%)	4
37   T407  0    (0.000%)	4
38   T54   0    (0.000%)	4
39   T251  0    (0.000%)	4
40   T348  0    (0.000%)	4
41   T155  0    (0.000%)	4
42   T125  0    (0.000%)	4
43   T404  0    (0.000%)	4
44   T288  0    (0.000%)	4
45   T496  0    (0.000%)	4
46   T187  0    (0.000%)	4
47   T451  0    (0.000%)	4
48   T16   0    (0.000%)	4
49   T402  0    (0.000%)	4
50   T156  0    (0.000%)	4
51   T231  0    (0.000%)	4
52   T32   0    (0.000%)	4
53   T8    0    (0.000%)	4
54   T132  0    (0.000%)	4
55   T121  0    (0.000%)	4
56   T65   0    (0.000%)	4
57   T99   0    (0.000%)	4
58   T410  0    (0.000%)	4
59   T466  0    (0.000%)	4
60   T257  0    (0.000%)	4
61   T448  0    (0.000%)	4
62   T337  0    (0.000%)	4
63   T403  0    (0.000%)	4
64   T476  0    (0.000%)	4
65   T349  0    (0.000%)	4
66   T161  0    (0.000%)	4
67   T185  0    (0.000%)	4
68   T151  0    (0.000%)	4
69   T140  0    (0.000%)	4
70   T453  0    (0.000%)	4
71   T63   0    (0.000%)	4
72   T264  0    (0.000%)	4
73   T190  0    (0.000%)	4
74   T236  0    (0.000%)	4
75   T426  0    (0.000%)	4
76   T91   0    (0.000%)	4
77   T421  0    (0.000%)	4
78   T477  0    (0.000%)	4
79   T423  0    (0.000%)	4
80   T150  0    (0.000%)	4
81   T336  0    (0.000%)	4
82   T235  0    (0.000%)	4
83   T358  0    (0.000%)	4
84   T240  0    (0.000%)	4
85   T129  0    (0.000%)	4
86   T130  0    (0.000%)	4
87   T25   0    (0.000%)	4
88   T205  0    (0.000%)	4
89   T461  0    (0.000%)	4
90   T419  0    (0.000%)	4
91   T211  0    (0.000%)	4
92   T213  0    (0.000%)	4
93   T489  0    (0.000%)	4
94   T265  0    (0.000%)	4
95   T55   0    (0.000%)	4
96   T224  0    (0.000%)	4
97   T216  0    (0.000%)	4
98   T354  0    (0.000%)	4
99   T45   0    (0.000%)	4
100  T439  0    (0.000%)	4
101  T200  0    (0.000%)	4
102  T329  0    (0.000%)	4
103  T323  0    (0.000%)	4
104  T158  0    (0.000%)	4
105  T248  0    (0.000%)	4
106  T287  0    (0.000%)	4
107  T22   0    (0.000%)	4
108  T285  0    (0.000%)	4
109  T177  0    (0.000%)	4
110  T311  0    (0.000%)	4
111  T405  0    (0.000%)	4
112  T171  0    (0.000%)	4
113  T164  0    (0.000%)	4
114  T345  0    (0.000%)	4
115  T23   0    (0.000%)	4
116  T294  0    (0.000%)	4
117  T469  0    (0.000%)	4
118  T19   0    (0.000%)	4
119  T376  0    (0.000%)	4
120  T238  0    (0.000%)	4
121  T74   0    (0.000%)	4
122  T40   0    (0.000%)	4
123  T98   0    (0.000%)	4
124  T388  0    (0.000%)	4
125  T36   0    (0.000%)	4
126  T299  0    (0.000%)	4
127  T302  0    (0.000%)	4
128  T210  0    (0.000%)	4
129  T219  0    (0.000%)	4
130  T487  0    (0.000%)	4
131  T360  0    (0.000%)	4
132  T229  0    (0.000%)	4
133  T442  0    (0.000%)	4
134  T208  0    (0.000%)	4
135  T430  0    (0.000%)	4
136  T309  0    (0.000%)	4
137  T298  0    (0.000%)	4
138  T356  0    (0.000%)	4
139  T117  0    (0.000%)	4
140  T434  0    (0.000%)	4
141  T34   0    (0.000%)	4
142  T193  0    (0.000%)	4
143  T100  0    (0.000%)	4
144  T467  0    (0.000%)	4
145  T147  0    (0.000%)	4
146  T144  0    (0.000%)	4
147  T353  0    (0.000%)	4
148  T308  0    (0.000%)	4
149  T497  0    (0.000%)	4
150  T438  0    (0.000%)	4
151  T452  0    (0.000%)	4
152  T24   0    (0.000%)	4
153  T396  0    (0.000%)	4
154  T56   0    (0.000%)	4
155  T432  0    (0.000%)	4
156  T417  0    (0.000%)	4
157  T291  0    (0.000%)	4
158  T111  0    (0.000%)	4
159  T145  0    (0.000%)	4
160  T290  0    (0.000%)	4
161  T443  0    (0.000%)	4
162  T368  0    (0.000%)	4
163  T357  0    (0.000%)	4
164  T470  0    (0.000%)	4
165  T28   0    (0.000%)	4
166  T347  0    (0.000%)	4
167  T49   0    (0.000%)	4
168  T192  0    (0.000%)	4
169  T93   0    (0.000%)	4
170  T331  0    (0.000%)	4
171  T371  0    (0.000%)	4
172  T254  0    (0.000%)	4
173  T180  0    (0.000%)	4
174  T277  0    (0.000%)	4
175  T315  0    (0.000%)	4
176  T387  0    (0.000%)	4
177  T62   0    (0.000%)	4
178  T176  0    (0.000%)	4
179  T262  0    (0.000%)	4
180  T50   0    (0.000%)	4
181  T436  0    (0.000%)	4
182  T386  0    (0.000%)	4
183  T106  0    (0.000%)	4
184  T480  0    (0.000%)	4
185  T3    0    (0.000%)	4
186  T29   0    (0.000%)	4
187  T472  0    (0.000%)	4
188  T305  0    (0.000%)	4
189  T96   0    (0.000%)	4
190  T134  0    (0.000%)	4
191  T281  0    (0.000%)	4
192  T191  0    (0.000%)	4
193  T296  0    (0.000%)	4
194  T275  0    (0.000%)	4
195  T494  0    (0.000%)	4
196  T312  0    (0.000%)	4
197  T88   0    (0.000%)	4
198  T218  0    (0.000%)	4
199  T471  0    (0.000%)	4
200  T76   0    (0.000%)	4
201  T47   0    (0.000%)	4
202  T166  0    (0.000%)	4
203  T366  0    (0.000%)	4
204  T458  0    (0.000%)	4
205  T339  0    (0.000%)	4
206  T186  0    (0.000%)	4
207  T165  0    (0.000%)	4
208  T239  0    (0.000%)	4
209  T355  0    (0.000%)	4
210  T279  0    (0.000%)	4
211  T274  0    (0.000%)	4
212  T243  0    (0.000%)	4
213  T215  0    (0.000%)	4
214  T201  0    (0.000%)	4
215  T428  0    (0.000%)	4
216  T486  0    (0.000%)	4
217  T293  0    (0.000%)	4
218  T393  0    (0.000%)	4
219  T425  0    (0.000%)	4
220  T20   0    (0.000%)	4
221  T383  0    (0.000%)	4
222  T320  0    (0.000%)	4
223  T276  0    (0.000%)	4
224  T390  0    (0.000%)	4
225  T181  0    (0.000%)	4
226  T464  0    (0.000%)	4
227  T18   0    (0.000%)	4
228  T351  0    (0.000%)	4
229  T450  0    (0.000%)	4
230  T416  0    (0.000%)	4
231  T199  0    (0.000%)	4
232  T479  0    (0.000%)	4
233  T214  0    (0.000%)	4
234  T87   0    (0.000%)	4
235  T437  0    (0.000%)	4
236  T303  0    (0.000%)	4
237  T86   0    (0.000%)	4
238  T189  0    (0.000%)	4
239  T475  0    (0.000%)	4
240  T39   0    (0.000%)	4
241  T110  0    (0.000%)	4
242  T182  0    (0.000%)	4
243  T374  0    (0.000%)	4
244  T409  0    (0.000%)	4
245  T301  0    (0.000%)	4
246  T12   0    (0.000%)	4
247  T10   0    (0.000%)	4
248  T297  0    (0.000%)	4
249  T209  0    (0.000%)	4
250  T473  0    (0.000%)	4
251  T167  0    (0.000%)	4
252  T300  0    (0.000%)	4
253  T282  0    (0.000%)	4
254  T433  0    (0.000%)	4
255  T364  0    (0.000%)	4
256  T46   0    (0.000%)	4
257  T203  0    (0.000%)	4
258  T84   0    (0.000%)	4
259  T401  0    (0.000%)	4
260  T327  0    (0.000%)	4
261  T256  0    (0.000%)	4
262  T267  0    (0.000%)	4
263  T372  0    (0.000%)	4
264  T204  0    (0.000%)	4
265  T31   0    (0.000%)	4
266  T14   0    (0.000%)	4
267  T343  0    (0.000%)	4
268  T310  0    (0.000%)	4
269  T431  0    (0.000%)	4
270  T412  0    (0.000%)	4
271  T321  0    (0.000%)	4
272  T5    0    (0.000%)	4
273  T338  0    (0.000%)	4
274  T460  0    (0.000%)	4
275  T61   0    (0.000%)	4
276  T352  0    (0.000%)	4
277  T252  0    (0.000%)	4
278  T9    0    (0.000%)	4
279  T194  0    (0.000%)	4
280  T249  0    (0.000%)	4
281  T68   0    (0.000%)	4
282  T102  0    (0.000%)	4
283  T286  0    (0.000%)	4
284  T359  0    (0.000%)	4
285  T57   0    (0.000%)	4
286  T97   0    (0.000%)	4
287  T133  0    (0.000%)	4
288  T73   0    (0.000%)	4
289  T175  0    (0.000%)	4
290  T4    0    (0.000%)	4
291  T255  0    (0.000%)	4
292  T324  0    (0.000%)	4
293  T245  0    (0.000%)	4
294  T398  0    (0.000%)	4
295  T490  0    (0.000%)	4
296  T148  0    (0.000%)	4
297  T468  0    (0.000%)	4
298  T43   0    (0.000%)	4
299  T314  0    (0.000%)	4
300  T498  0    (0.000%)	4
301  T80   0    (0.000%)	4
302  T51   0    (0.000%)	4
303  T92   0    (0.000%)	4
304  T246  0    (0.000%)	4
305  T77   0    (0.000%)	4
306  T306  0    (0.000%)	4
307  T220  0    (0.000%)	4
308  T143  0    (0.000%)	4
309  T483  0    (0.000%)	4
310  T363  0    (0.000%)	4
311  T491  0    (0.000%)	4
312  T79   0    (0.000%)	4
313  T341  0    (0.000%)	4
314  T38   0    (0.000%)	4
315  T197  0    (0.000%)	4
316  T283  0    (0.000%)	4
317  T400  0    (0.000%)	4
318  T137  0    (0.000%)	4
319  T230  0    (0.000%)	4
320  T408  0    (0.000%)	4
321  T392  0    (0.000%)	4
322  T377  0    (0.000%)	4
323  T82   0    (0.000%)	4
324  T244  0    (0.000%)	4
325  T131  0    (0.000%)	4
326  T142  0    (0.000%)	4
327  T454  0    (0.000%)	4
328  T139  0    (0.000%)	4
329  T135  0    (0.000%)	4
330  T259  0    (0.000%)	4
331  T247  0    (0.000%)	4
332  T478  0    (0.000%)	4
333  T346  0    (0.000%)	4
334  T332  0    (0.000%)	4
335  T344  0    (0.000%)	4
336  T322  0    (0.000%)	4
337  T212  0    (0.000%)	4
338  T146  0    (0.000%)	4
339  T42   0    (0.000%)	4
340  T292  0    (0.000%)	4
341  T342  0    (0.000%)	4
342  T444  0    (0.000%)	4
343  T369  0    (0.000%)	4
344  T48   0    (0.000%)	4
345  T207  0    (0.000%)	4
346  T270  0    (0.000%)	4
347  T260  0    (0.000%)	4
348  T163  0    (0.000%)	4
349  T149  0    (0.000%)	4
350  T445  0    (0.000%)	4
351  T427  0    (0.000%)	4
352  T261  0    (0.000%)	4
353  T71   0    (0.000%)	4
354  T59   0    (0.000%)	4
355  T196  0    (0.000%)	4
356  T284  0    (0.000%)	4
357  T160  0    (0.000%)	4
358  T13   0    (0.000%)	4
359  T2    0    (0.000%)	4
360  T449  0    (0.000%)	4
361  T174  0    (0.000%)	4
362  T462  0    (0.000%)	4
363  T78   0    (0.000%)	4
364  T33   0    (0.000%)	4
365  T379  0    (0.000%)	4
366  T107  0    (0.000%)	4
367  T116  0    (0.000%)	4
368  T250  0    (0.000%)	4
369  T95   0    (0.000%)	4
370  T115  0    (0.000%)	4
371  T395  0    (0.000%)	4
372  T424  0    (0.000%)	4
373  T429  0    (0.000%)	4
374  T272  0    (0.000%)	4
375  T113  0    (0.000%)	4
376  T188  0    (0.000%)	4
377  T159  0    (0.000%)	4
378  T493  0    (0.000%)	4
379  T72   0    (0.000%)	4
380  T108  0    (0.000%)	4
381  T304  0    (0.000%)	4
382  T69   0    (0.000%)	4
383  T422  0    (0.000%)	4
384  T114  0    (0.000%)	4
385  T415  0    (0.000%)	4
386  T373  0    (0.000%)	4
387  T101  0    (0.000%)	4
388  T278  0    (0.000%)	4
389  T325  0    (0.000%)	4
390  T492  0    (0.000%)	4
391  T162  0    (0.000%)	4
392  T271  0    (0.000%)	4
393  T334  0    (0.000%)	4
394  T474  0    (0.000%)	4
395  T153  0    (0.000%)	4
396  T141  0    (0.000%)	4
397  T435  0    (0.000%)	4
398  T67   0    (0.000%)	4
399  T83   0    (0.000%)	4
400  T202  0    (0.000%)	4
401  T195  0    (0.000%)	4
402  T268  0    (0.000%)	4
403  T266  0    (0.000%)	4
404  T70   0    (0.000%)	4
405  T242  0    (0.000%)	4
406  T126  0    (0.000%)	4
407  T384  0    (0.000%)	4
408  T17   0    (0.000%)	4
409  T456  0    (0.000%)	4
410  T104  0    (0.000%)	4
411  T85   0    (0.000%)	4
412  T226  0    (0.000%)	4
413  T157  0    (0.000%)	4
414  T488  0    (0.000%)	4
415  T391  0    (0.000%)	4
416  T413  0    (0.000%)	4
417  T313  0    (0.000%)	4
418  T382  0    (0.000%)	4
419  T52   0    (0.000%)	4
420  T66   0    (0.000%)	4
421  T330  0    (0.000%)	4
422  T406  0    (0.000%)	4
423  T499  0    (0.000%)	4
424  T112  0    (0.000%)	4
425  T485  0    (0.000%)	4
426  T11   0    (0.000%)	4
427  T127  0    (0.000%)	4
428  T179  0    (0.000%)	4
429  T21   0    (0.000%)	4
430  T90   0    (0.000%)	4
431  T307  0    (0.000%)	4
432  T418  0    (0.000%)	4
433  T380  0    (0.000%)	4
434  T227  0    (0.000%)	4
435  T123  0    (0.000%)	4
436  T280  0    (0.000%)	4
437  T455  0    (0.000%)	4
438  T333  0    (0.000%)	4
439  T318  0    (0.000%)	4
440  T169  0    (0.000%)	4
441  T225  0    (0.000%)	4
442  T414  0    (0.000%)	4
443  T365  0    (0.000%)	4
444  T7    0    (0.000%)	4
445  T316  0    (0.000%)	4
446  T375  0    (0.000%)	4
447  T289  0    (0.000%)	4
448  T27   0    (0.000%)	4
449  T385  0    (0.000%)	4
450  T326  0    (0.000%)	4
451  T381  0    (0.000%)	4
452  T237  0    (0.000%)	4
453  T273  0    (0.000%)	4
454  T178  0    (0.000%)	4
455  T340  0    (0.000%)	4
456  T319  0    (0.000%)	4
457  T15   0    (0.000%)	4
458  T53   0    (0.000%)	4
459  T152  0    (0.000%)	4
460  T335  0    (0.000%)	4
461  T75   0    (0.000%)	4
462  T168  0    (0.000%)	4
463  T328  0    (0.000%)	4
464  T394  0    (0.000%)	4
465  T206  0    (0.000%)	4
466  T37   0    (0.000%)	4
467  T120  0    (0.000%)	4
468  T263  0    (0.000%)	4
469  T94   0    (0.000%)	4
470  T154  0    (0.000%)	4
471  T119  0    (0.000%)	4
472  T81   0    (0.000%)	4
473  T482  0    (0.000%)	4
474  T35   0    (0.000%)	4
475  T222  0    (0.000%)	4
476  T6    0    (0.000%)	4
477  T370  0    (0.000%)	4
478  T124  0    (0.000%)	4
479  T128  0    (0.000%)	4
480  T58   0    (0.000%)	4
481  T60   0    (0.000%)	4
482  T389  0    (0.000%)	4
483  T440  0    (0.000%)	4
484  T295  0    (0.000%)	4
485  T367  0    (0.000%)	4
486  T317  0    (0.000%)	4
487  T232  0    (0.000%)	4
488  T481  0    (0.000%)	4
489  T253  0    (0.000%)	4
490  T495  0    (0.000%)	4
491  T26   0    (0.000%)	4
492  T173  0    (0.000%)	4
493  T447  0    (0.000%)	4
494  T463  0    (0.000%)	4
495  T109  0    (0.000%)	4
496  T378  0    (0.000%)	4
497  T172  0    (0.000%)	4
498  T361  0    (0.000%)	4
499  T0    0    (0.000%)	4
500  T420  0    (0.000%)	4
**** TOTAL 0 (0.000%)

Computing random stepwise addition parsimony tree for evaluating patterns...
Time for random stepwise addition parsimony tree construction: 0.095 seconds
Parsimony score: 83114
Reordering patterns in alignment by decreasing order of pattern parsimony... 0.006 seconds
Alignment was printed to data.12.fa
Date and Time: Sun Jun 18 00:52:11 2023
