MPBoot version 1.1.1 for Linux 64-bit built Jun 13 2023
Copyright (c) 2016 Diep Thi Hoang, Le Sy Vinh, Tomas Flouri, Alexandros Stamatakis, Arndt von Haeseler and Bui Quang Minh.

Host:    head01.hpc.vast.vn (AVX512F, FMA3, 134 GB RAM)
Command: ./mpboot-avx -s ./yh3/data.8 -bb 1000 -keep_ident -pure_sa -cooling_schedule 0 -pre ./yh3/data.8.orig.boot -seed 213
Seed:    213 (Using SPRNG - Scalable Parallel Random Number Generator)
Time:    Sun Jun 18 02:20:48 2023
Kernel:  AVX

Reading alignment file ./yh3/data.8 ... Phylip format detected
Alignment most likely contains DNA/RNA sequences
Alignment has 500 sequences with 1000 columns and 1000 patterns
ID   Sequence #Gap/Ambiguity
1    T1    0    (0.000%)	4
2    T325  0    (0.000%)	4
3    T128  0    (0.000%)	4
4    T281  0    (0.000%)	4
5    T493  0    (0.000%)	4
6    T262  0    (0.000%)	4
7    T470  0    (0.000%)	4
8    T311  0    (0.000%)	4
9    T339  0    (0.000%)	4
10   T282  0    (0.000%)	4
11   T396  0    (0.000%)	4
12   T50   0    (0.000%)	4
13   T215  0    (0.000%)	4
14   T88   0    (0.000%)	4
15   T472  0    (0.000%)	4
16   T244  0    (0.000%)	4
17   T77   0    (0.000%)	4
18   T141  0    (0.000%)	4
19   T324  0    (0.000%)	4
20   T415  0    (0.000%)	4
21   T179  0    (0.000%)	4
22   T118  0    (0.000%)	4
23   T145  0    (0.000%)	4
24   T189  0    (0.000%)	4
25   T166  0    (0.000%)	4
26   T453  0    (0.000%)	4
27   T210  0    (0.000%)	4
28   T375  0    (0.000%)	4
29   T84   0    (0.000%)	4
30   T256  0    (0.000%)	4
31   T299  0    (0.000%)	4
32   T18   0    (0.000%)	4
33   T174  0    (0.000%)	4
34   T425  0    (0.000%)	4
35   T424  0    (0.000%)	4
36   T464  0    (0.000%)	4
37   T419  0    (0.000%)	4
38   T253  0    (0.000%)	4
39   T113  0    (0.000%)	4
40   T66   0    (0.000%)	4
41   T202  0    (0.000%)	4
42   T408  0    (0.000%)	4
43   T122  0    (0.000%)	4
44   T285  0    (0.000%)	4
45   T69   0    (0.000%)	4
46   T315  0    (0.000%)	4
47   T294  0    (0.000%)	4
48   T222  0    (0.000%)	4
49   T378  0    (0.000%)	4
50   T447  0    (0.000%)	4
51   T173  0    (0.000%)	4
52   T477  0    (0.000%)	4
53   T204  0    (0.000%)	4
54   T218  0    (0.000%)	4
55   T29   0    (0.000%)	4
56   T386  0    (0.000%)	4
57   T469  0    (0.000%)	4
58   T201  0    (0.000%)	4
59   T431  0    (0.000%)	4
60   T393  0    (0.000%)	4
61   T406  0    (0.000%)	4
62   T200  0    (0.000%)	4
63   T376  0    (0.000%)	4
64   T34   0    (0.000%)	4
65   T51   0    (0.000%)	4
66   T234  0    (0.000%)	4
67   T25   0    (0.000%)	4
68   T420  0    (0.000%)	4
69   T495  0    (0.000%)	4
70   T152  0    (0.000%)	4
71   T259  0    (0.000%)	4
72   T46   0    (0.000%)	4
73   T313  0    (0.000%)	4
74   T441  0    (0.000%)	4
75   T295  0    (0.000%)	4
76   T482  0    (0.000%)	4
77   T266  0    (0.000%)	4
78   T446  0    (0.000%)	4
79   T301  0    (0.000%)	4
80   T175  0    (0.000%)	4
81   T448  0    (0.000%)	4
82   T87   0    (0.000%)	4
83   T109  0    (0.000%)	4
84   T75   0    (0.000%)	4
85   T42   0    (0.000%)	4
86   T27   0    (0.000%)	4
87   T73   0    (0.000%)	4
88   T37   0    (0.000%)	4
89   T461  0    (0.000%)	4
90   T14   0    (0.000%)	4
91   T460  0    (0.000%)	4
92   T71   0    (0.000%)	4
93   T333  0    (0.000%)	4
94   T209  0    (0.000%)	4
95   T241  0    (0.000%)	4
96   T226  0    (0.000%)	4
97   T143  0    (0.000%)	4
98   T112  0    (0.000%)	4
99   T278  0    (0.000%)	4
100  T257  0    (0.000%)	4
101  T293  0    (0.000%)	4
102  T32   0    (0.000%)	4
103  T444  0    (0.000%)	4
104  T481  0    (0.000%)	4
105  T195  0    (0.000%)	4
106  T480  0    (0.000%)	4
107  T439  0    (0.000%)	4
108  T297  0    (0.000%)	4
109  T344  0    (0.000%)	4
110  T180  0    (0.000%)	4
111  T392  0    (0.000%)	4
112  T157  0    (0.000%)	4
113  T474  0    (0.000%)	4
114  T342  0    (0.000%)	4
115  T332  0    (0.000%)	4
116  T265  0    (0.000%)	4
117  T127  0    (0.000%)	4
118  T463  0    (0.000%)	4
119  T121  0    (0.000%)	4
120  T268  0    (0.000%)	4
121  T95   0    (0.000%)	4
122  T310  0    (0.000%)	4
123  T486  0    (0.000%)	4
124  T387  0    (0.000%)	4
125  T451  0    (0.000%)	4
126  T383  0    (0.000%)	4
127  T438  0    (0.000%)	4
128  T423  0    (0.000%)	4
129  T40   0    (0.000%)	4
130  T8    0    (0.000%)	4
131  T19   0    (0.000%)	4
132  T89   0    (0.000%)	4
133  T99   0    (0.000%)	4
134  T336  0    (0.000%)	4
135  T442  0    (0.000%)	4
136  T248  0    (0.000%)	4
137  T341  0    (0.000%)	4
138  T249  0    (0.000%)	4
139  T54   0    (0.000%)	4
140  T254  0    (0.000%)	4
141  T221  0    (0.000%)	4
142  T270  0    (0.000%)	4
143  T139  0    (0.000%)	4
144  T457  0    (0.000%)	4
145  T114  0    (0.000%)	4
146  T162  0    (0.000%)	4
147  T455  0    (0.000%)	4
148  T255  0    (0.000%)	4
149  T330  0    (0.000%)	4
150  T119  0    (0.000%)	4
151  T411  0    (0.000%)	4
152  T471  0    (0.000%)	4
153  T207  0    (0.000%)	4
154  T385  0    (0.000%)	4
155  T379  0    (0.000%)	4
156  T391  0    (0.000%)	4
157  T407  0    (0.000%)	4
158  T220  0    (0.000%)	4
159  T3    0    (0.000%)	4
160  T105  0    (0.000%)	4
161  T208  0    (0.000%)	4
162  T303  0    (0.000%)	4
163  T133  0    (0.000%)	4
164  T366  0    (0.000%)	4
165  T499  0    (0.000%)	4
166  T369  0    (0.000%)	4
167  T45   0    (0.000%)	4
168  T388  0    (0.000%)	4
169  T151  0    (0.000%)	4
170  T403  0    (0.000%)	4
171  T492  0    (0.000%)	4
172  T316  0    (0.000%)	4
173  T185  0    (0.000%)	4
174  T289  0    (0.000%)	4
175  T161  0    (0.000%)	4
176  T355  0    (0.000%)	4
177  T488  0    (0.000%)	4
178  T15   0    (0.000%)	4
179  T427  0    (0.000%)	4
180  T261  0    (0.000%)	4
181  T360  0    (0.000%)	4
182  T462  0    (0.000%)	4
183  T124  0    (0.000%)	4
184  T260  0    (0.000%)	4
185  T237  0    (0.000%)	4
186  T72   0    (0.000%)	4
187  T468  0    (0.000%)	4
188  T458  0    (0.000%)	4
189  T76   0    (0.000%)	4
190  T489  0    (0.000%)	4
191  T183  0    (0.000%)	4
192  T250  0    (0.000%)	4
193  T382  0    (0.000%)	4
194  T61   0    (0.000%)	4
195  T400  0    (0.000%)	4
196  T146  0    (0.000%)	4
197  T103  0    (0.000%)	4
198  T429  0    (0.000%)	4
199  T81   0    (0.000%)	4
200  T67   0    (0.000%)	4
201  T160  0    (0.000%)	4
202  T144  0    (0.000%)	4
203  T362  0    (0.000%)	4
204  T28   0    (0.000%)	4
205  T211  0    (0.000%)	4
206  T238  0    (0.000%)	4
207  T48   0    (0.000%)	4
208  T404  0    (0.000%)	4
209  T247  0    (0.000%)	4
210  T498  0    (0.000%)	4
211  T138  0    (0.000%)	4
212  T275  0    (0.000%)	4
213  T240  0    (0.000%)	4
214  T398  0    (0.000%)	4
215  T328  0    (0.000%)	4
216  T381  0    (0.000%)	4
217  T227  0    (0.000%)	4
218  T327  0    (0.000%)	4
219  T94   0    (0.000%)	4
220  T17   0    (0.000%)	4
221  T30   0    (0.000%)	4
222  T5    0    (0.000%)	4
223  T494  0    (0.000%)	4
224  T242  0    (0.000%)	4
225  T269  0    (0.000%)	4
226  T437  0    (0.000%)	4
227  T353  0    (0.000%)	4
228  T326  0    (0.000%)	4
229  T186  0    (0.000%)	4
230  T440  0    (0.000%)	4
231  T197  0    (0.000%)	4
232  T373  0    (0.000%)	4
233  T149  0    (0.000%)	4
234  T412  0    (0.000%)	4
235  T12   0    (0.000%)	4
236  T370  0    (0.000%)	4
237  T92   0    (0.000%)	4
238  T130  0    (0.000%)	4
239  T26   0    (0.000%)	4
240  T219  0    (0.000%)	4
241  T347  0    (0.000%)	4
242  T435  0    (0.000%)	4
243  T277  0    (0.000%)	4
244  T167  0    (0.000%)	4
245  T23   0    (0.000%)	4
246  T6    0    (0.000%)	4
247  T232  0    (0.000%)	4
248  T233  0    (0.000%)	4
249  T307  0    (0.000%)	4
250  T191  0    (0.000%)	4
251  T304  0    (0.000%)	4
252  T2    0    (0.000%)	4
253  T475  0    (0.000%)	4
254  T323  0    (0.000%)	4
255  T129  0    (0.000%)	4
256  T490  0    (0.000%)	4
257  T178  0    (0.000%)	4
258  T60   0    (0.000%)	4
259  T117  0    (0.000%)	4
260  T132  0    (0.000%)	4
261  T306  0    (0.000%)	4
262  T184  0    (0.000%)	4
263  T9    0    (0.000%)	4
264  T165  0    (0.000%)	4
265  T57   0    (0.000%)	4
266  T243  0    (0.000%)	4
267  T115  0    (0.000%)	4
268  T340  0    (0.000%)	4
269  T153  0    (0.000%)	4
270  T216  0    (0.000%)	4
271  T63   0    (0.000%)	4
272  T176  0    (0.000%)	4
273  T284  0    (0.000%)	4
274  T177  0    (0.000%)	4
275  T188  0    (0.000%)	4
276  T135  0    (0.000%)	4
277  T53   0    (0.000%)	4
278  T484  0    (0.000%)	4
279  T402  0    (0.000%)	4
280  T82   0    (0.000%)	4
281  T187  0    (0.000%)	4
282  T217  0    (0.000%)	4
283  T223  0    (0.000%)	4
284  T374  0    (0.000%)	4
285  T476  0    (0.000%)	4
286  T395  0    (0.000%)	4
287  T90   0    (0.000%)	4
288  T334  0    (0.000%)	4
289  T483  0    (0.000%)	4
290  T317  0    (0.000%)	4
291  T288  0    (0.000%)	4
292  T4    0    (0.000%)	4
293  T203  0    (0.000%)	4
294  T394  0    (0.000%)	4
295  T449  0    (0.000%)	4
296  T246  0    (0.000%)	4
297  T163  0    (0.000%)	4
298  T58   0    (0.000%)	4
299  T100  0    (0.000%)	4
300  T107  0    (0.000%)	4
301  T116  0    (0.000%)	4
302  T120  0    (0.000%)	4
303  T56   0    (0.000%)	4
304  T267  0    (0.000%)	4
305  T335  0    (0.000%)	4
306  T10   0    (0.000%)	4
307  T399  0    (0.000%)	4
308  T196  0    (0.000%)	4
309  T384  0    (0.000%)	4
310  T450  0    (0.000%)	4
311  T156  0    (0.000%)	4
312  T465  0    (0.000%)	4
313  T371  0    (0.000%)	4
314  T368  0    (0.000%)	4
315  T264  0    (0.000%)	4
316  T123  0    (0.000%)	4
317  T225  0    (0.000%)	4
318  T337  0    (0.000%)	4
319  T164  0    (0.000%)	4
320  T150  0    (0.000%)	4
321  T436  0    (0.000%)	4
322  T39   0    (0.000%)	4
323  T272  0    (0.000%)	4
324  T194  0    (0.000%)	4
325  T426  0    (0.000%)	4
326  T181  0    (0.000%)	4
327  T358  0    (0.000%)	4
328  T286  0    (0.000%)	4
329  T364  0    (0.000%)	4
330  T79   0    (0.000%)	4
331  T206  0    (0.000%)	4
332  T68   0    (0.000%)	4
333  T41   0    (0.000%)	4
334  T433  0    (0.000%)	4
335  T413  0    (0.000%)	4
336  T389  0    (0.000%)	4
337  T422  0    (0.000%)	4
338  T443  0    (0.000%)	4
339  T85   0    (0.000%)	4
340  T102  0    (0.000%)	4
341  T31   0    (0.000%)	4
342  T352  0    (0.000%)	4
343  T343  0    (0.000%)	4
344  T363  0    (0.000%)	4
345  T346  0    (0.000%)	4
346  T414  0    (0.000%)	4
347  T104  0    (0.000%)	4
348  T154  0    (0.000%)	4
349  T485  0    (0.000%)	4
350  T454  0    (0.000%)	4
351  T434  0    (0.000%)	4
352  T7    0    (0.000%)	4
353  T361  0    (0.000%)	4
354  T319  0    (0.000%)	4
355  T273  0    (0.000%)	4
356  T140  0    (0.000%)	4
357  T49   0    (0.000%)	4
358  T258  0    (0.000%)	4
359  T329  0    (0.000%)	4
360  T432  0    (0.000%)	4
361  T111  0    (0.000%)	4
362  T309  0    (0.000%)	4
363  T230  0    (0.000%)	4
364  T356  0    (0.000%)	4
365  T126  0    (0.000%)	4
366  T52   0    (0.000%)	4
367  T228  0    (0.000%)	4
368  T97   0    (0.000%)	4
369  T235  0    (0.000%)	4
370  T98   0    (0.000%)	4
371  T101  0    (0.000%)	4
372  T239  0    (0.000%)	4
373  T348  0    (0.000%)	4
374  T430  0    (0.000%)	4
375  T280  0    (0.000%)	4
376  T276  0    (0.000%)	4
377  T290  0    (0.000%)	4
378  T59   0    (0.000%)	4
379  T224  0    (0.000%)	4
380  T169  0    (0.000%)	4
381  T416  0    (0.000%)	4
382  T380  0    (0.000%)	4
383  T198  0    (0.000%)	4
384  T497  0    (0.000%)	4
385  T466  0    (0.000%)	4
386  T236  0    (0.000%)	4
387  T367  0    (0.000%)	4
388  T274  0    (0.000%)	4
389  T390  0    (0.000%)	4
390  T22   0    (0.000%)	4
391  T11   0    (0.000%)	4
392  T35   0    (0.000%)	4
393  T170  0    (0.000%)	4
394  T321  0    (0.000%)	4
395  T16   0    (0.000%)	4
396  T251  0    (0.000%)	4
397  T20   0    (0.000%)	4
398  T148  0    (0.000%)	4
399  T459  0    (0.000%)	4
400  T83   0    (0.000%)	4
401  T190  0    (0.000%)	4
402  T312  0    (0.000%)	4
403  T62   0    (0.000%)	4
404  T65   0    (0.000%)	4
405  T131  0    (0.000%)	4
406  T158  0    (0.000%)	4
407  T292  0    (0.000%)	4
408  T171  0    (0.000%)	4
409  T305  0    (0.000%)	4
410  T136  0    (0.000%)	4
411  T467  0    (0.000%)	4
412  T74   0    (0.000%)	4
413  T350  0    (0.000%)	4
414  T478  0    (0.000%)	4
415  T229  0    (0.000%)	4
416  T314  0    (0.000%)	4
417  T38   0    (0.000%)	4
418  T86   0    (0.000%)	4
419  T351  0    (0.000%)	4
420  T125  0    (0.000%)	4
421  T291  0    (0.000%)	4
422  T24   0    (0.000%)	4
423  T473  0    (0.000%)	4
424  T377  0    (0.000%)	4
425  T263  0    (0.000%)	4
426  T91   0    (0.000%)	4
427  T13   0    (0.000%)	4
428  T21   0    (0.000%)	4
429  T418  0    (0.000%)	4
430  T365  0    (0.000%)	4
431  T401  0    (0.000%)	4
432  T322  0    (0.000%)	4
433  T214  0    (0.000%)	4
434  T271  0    (0.000%)	4
435  T93   0    (0.000%)	4
436  T55   0    (0.000%)	4
437  T64   0    (0.000%)	4
438  T456  0    (0.000%)	4
439  T205  0    (0.000%)	4
440  T212  0    (0.000%)	4
441  T445  0    (0.000%)	4
442  T80   0    (0.000%)	4
443  T318  0    (0.000%)	4
444  T349  0    (0.000%)	4
445  T199  0    (0.000%)	4
446  T213  0    (0.000%)	4
447  T496  0    (0.000%)	4
448  T302  0    (0.000%)	4
449  T137  0    (0.000%)	4
450  T44   0    (0.000%)	4
451  T283  0    (0.000%)	4
452  T78   0    (0.000%)	4
453  T106  0    (0.000%)	4
454  T231  0    (0.000%)	4
455  T296  0    (0.000%)	4
456  T428  0    (0.000%)	4
457  T298  0    (0.000%)	4
458  T491  0    (0.000%)	4
459  T134  0    (0.000%)	4
460  T338  0    (0.000%)	4
461  T110  0    (0.000%)	4
462  T487  0    (0.000%)	4
463  T410  0    (0.000%)	4
464  T159  0    (0.000%)	4
465  T155  0    (0.000%)	4
466  T359  0    (0.000%)	4
467  T345  0    (0.000%)	4
468  T354  0    (0.000%)	4
469  T168  0    (0.000%)	4
470  T33   0    (0.000%)	4
471  T43   0    (0.000%)	4
472  T0    0    (0.000%)	4
473  T36   0    (0.000%)	4
474  T108  0    (0.000%)	4
475  T421  0    (0.000%)	4
476  T192  0    (0.000%)	4
477  T452  0    (0.000%)	4
478  T372  0    (0.000%)	4
479  T252  0    (0.000%)	4
480  T479  0    (0.000%)	4
481  T172  0    (0.000%)	4
482  T182  0    (0.000%)	4
483  T397  0    (0.000%)	4
484  T320  0    (0.000%)	4
485  T245  0    (0.000%)	4
486  T287  0    (0.000%)	4
487  T193  0    (0.000%)	4
488  T357  0    (0.000%)	4
489  T300  0    (0.000%)	4
490  T308  0    (0.000%)	4
491  T142  0    (0.000%)	4
492  T70   0    (0.000%)	4
493  T279  0    (0.000%)	4
494  T405  0    (0.000%)	4
495  T96   0    (0.000%)	4
496  T331  0    (0.000%)	4
497  T409  0    (0.000%)	4
498  T417  0    (0.000%)	4
499  T47   0    (0.000%)	4
500  T147  0    (0.000%)	4
**** TOTAL 0 (0.000%)

Computing random stepwise addition parsimony tree for evaluating patterns...
ok
Time for random stepwise addition parsimony tree construction: 0.089 seconds
Parsimony score: 82242
Reordering patterns in alignment by decreasing order of pattern parsimony... 0.006 seconds

Computing random stepwise addition parsimony tree for evaluating patterns...
ok
Time for random stepwise addition parsimony tree construction: 0.086 seconds
Parsimony score: 82242
Reordering patterns in alignment by decreasing order of pattern parsimony... 0.006 seconds

Create initial parsimony tree by phylogenetic likelihood library (PLL)... 0.101 seconds
Generating 1000 samples for bootstrap approximation...

NOTE: 88.095 MB RAM is required!
Current best tree score: 81763

Generating 99 parsimony trees... (92 duplicated parsimony trees)
CPU time: 10
Finish initializing candidate tree set. Number of distinct locally optimal trees: 8
Current best score: 81762 / CPU time: 10

Time: 0h:0m:10s
NOTE: REPS computation is segmented into 18 parts for speed...
segment#1 ends at 48
segment#2 ends at 96
segment#3 ends at 144
segment#4 ends at 192
segment#5 ends at 240
segment#6 ends at 288
segment#7 ends at 336
segment#8 ends at 400
segment#9 ends at 464
segment#10 ends at 528
segment#11 ends at 592
segment#12 ends at 656
segment#13 ends at 720
segment#14 ends at 784
segment#15 ends at 848
segment#16 ends at 912
segment#17 ends at 976
segment#18 ends at 1000
0 seconds.
RATCHET Iteration 10 / Score: 81762 / Time: 0h:0m:54s
RATCHET Iteration 20 / Score: 81762 / Time: 0h:1m:4s (0h:27m:11s left)
RATCHET Iteration 30 / Score: 81762 / Time: 0h:1m:14s (0h:20m:3s left)
RATCHET Iteration 40 / Score: 81762 / Time: 0h:1m:23s (0h:16m:28s left)
RATCHET Iteration 50 / Score: 81763 / Time: 0h:1m:33s (0h:14m:20s left)
RATCHET Iteration 60 / Score: 81762 / Time: 0h:1m:43s (0h:12m:55s left)
RATCHET Iteration 70 / Score: 81762 / Time: 0h:1m:54s (0h:11m:51s left)
RATCHET Iteration 80 / Score: 81762 / Time: 0h:2m:4s (0h:11m:3s left)
RATCHET Iteration 90 / Score: 81763 / Time: 0h:2m:14s (0h:10m:22s left)
RATCHET Iteration 100 / Score: 81762 / Time: 0h:2m:24s (0h:9m:45s left)
RATCHET Iteration 110 / Score: 81762 / Time: 0h:2m:33s (0h:9m:11s left)
RATCHET Iteration 120 / Score: 81762 / Time: 0h:2m:44s (0h:8m:45s left)
RATCHET Iteration 130 / Score: 81762 / Time: 0h:2m:54s (0h:8m:20s left)
RATCHET Iteration 140 / Score: 81762 / Time: 0h:3m:6s (0h:8m:4s left)
RATCHET Iteration 150 / Score: 81762 / Time: 0h:3m:16s (0h:7m:42s left)
RATCHET Iteration 160 / Score: 81762 / Time: 0h:3m:26s (0h:7m:22s left)
RATCHET Iteration 170 / Score: 81762 / Time: 0h:3m:37s (0h:7m:4s left)
RATCHET Iteration 180 / Score: 81762 / Time: 0h:3m:48s (0h:6m:49s left)
RATCHET Iteration 190 / Score: 81762 / Time: 0h:3m:58s (0h:6m:31s left)
RATCHET Iteration 200 / Score: 81762 / Time: 0h:4m:7s (0h:6m:14s left)
RATCHET Iteration 210 / Score: 81763 / Time: 0h:4m:18s (0h:6m:0s left)
RATCHET Iteration 220 / Score: 81762 / Time: 0h:4m:30s (0h:5m:46s left)
RATCHET Iteration 230 / Score: 81762 / Time: 0h:4m:39s (0h:5m:30s left)
RATCHET Iteration 240 / Score: 81763 / Time: 0h:4m:49s (0h:5m:15s left)
RATCHET Iteration 250 / Score: 81762 / Time: 0h:5m:0s (0h:5m:2s left)
RATCHET Iteration 260 / Score: 81762 / Time: 0h:5m:9s (0h:4m:47s left)
RATCHET Iteration 270 / Score: 81763 / Time: 0h:5m:19s (0h:4m:34s left)
RATCHET Iteration 280 / Score: 81762 / Time: 0h:5m:28s (0h:4m:20s left)
RATCHET Iteration 290 / Score: 81762 / Time: 0h:5m:38s (0h:4m:6s left)
RATCHET Iteration 300 / Score: 81762 / Time: 0h:5m:47s (0h:3m:53s left)
RATCHET Iteration 310 / Score: 81762 / Time: 0h:5m:59s (0h:3m:42s left)
RATCHET Iteration 320 / Score: 81762 / Time: 0h:6m:9s (0h:3m:29s left)
RATCHET Iteration 330 / Score: 81762 / Time: 0h:6m:19s (0h:3m:17s left)
RATCHET Iteration 340 / Score: 81762 / Time: 0h:6m:29s (0h:3m:4s left)
RATCHET Iteration 350 / Score: 81762 / Time: 0h:6m:40s (0h:2m:53s left)
RATCHET Iteration 360 / Score: 81762 / Time: 0h:6m:50s (0h:2m:41s left)
RATCHET Iteration 370 / Score: 81762 / Time: 0h:7m:0s (0h:2m:29s left)
RATCHET Iteration 380 / Score: 81762 / Time: 0h:7m:10s (0h:2m:17s left)
RATCHET Iteration 390 / Score: 81762 / Time: 0h:7m:21s (0h:2m:6s left)
RATCHET Iteration 400 / Score: 81763 / Time: 0h:7m:31s (0h:1m:54s left)
RATCHET Iteration 410 / Score: 81762 / Time: 0h:7m:41s (0h:1m:42s left)
RATCHET Iteration 420 / Score: 81762 / Time: 0h:7m:51s (0h:1m:31s left)
RATCHET Iteration 430 / Score: 81762 / Time: 0h:8m:1s (0h:1m:19s left)
RATCHET Iteration 440 / Score: 81762 / Time: 0h:8m:10s (0h:1m:8s left)
RATCHET Iteration 450 / Score: 81762 / Time: 0h:8m:18s (0h:0m:56s left)
RATCHET Iteration 460 / Score: 81762 / Time: 0h:8m:28s (0h:0m:45s left)
RATCHET Iteration 470 / Score: 81762 / Time: 0h:8m:38s (0h:0m:34s left)
RATCHET Iteration 480 / Score: 81762 / Time: 0h:8m:47s (0h:0m:23s left)
RATCHET Iteration 490 / Score: 81762 / Time: 0h:8m:57s (0h:0m:12s left)
RATCHET Iteration 500 / Score: 81762 / Time: 0h:9m:7s (0h:0m:1s left)
Optimizing bootstrap trees ...
100 replicates done
200 replicates done
300 replicates done
400 replicates done
500 replicates done
600 replicates done
700 replicates done
800 replicates done
900 replicates done
1000 replicates done
CPU Time used:  89 sec.
NOTE: At the end, 151068 bootstrap candidate trees evaluated.
Scores of best 5 trees: 
81762 81762 81762 81762 81763 
BEST SCORE FOUND : 81762
Creating bootstrap support values...
Split supports printed to NEXUS file ./yh3/data.8.orig.boot.splits.nex

CPU time used for tree search: 634.685 sec (0h:10m:34s)
Wall-clock time used for tree search: 636.325 sec (0h:10m:36s)
Total CPU time used: 636.384 sec (0h:10m:36s)
Total wall-clock time used: 638.159 sec (0h:10m:38s)

Computing bootstrap consensus tree...
Reading input file ./yh3/data.8.orig.boot.splits.nex...
500 taxa and 1258 splits.
Consensus tree written to ./yh3/data.8.orig.boot.contree
Parsimony score of consensus tree: 81763

Analysis results written to: 
  MPBoot report:                 ./yh3/data.8.orig.boot.mpboot
  Maximum-parsimony  tree:       ./yh3/data.8.orig.boot.treefile

Maximum parsimony bootstrap approximation results written to:
  Split support values:          ./yh3/data.8.orig.boot.splits.nex
  Consensus tree:                ./yh3/data.8.orig.boot.contree
  Screen log file:               ./yh3/data.8.orig.boot.log

Date and Time: Sun Jun 18 02:31:27 2023
