MPBoot version 1.1.1 for Linux 64-bit built Jun 13 2023
Copyright (c) 2016 Diep Thi Hoang, Le Sy Vinh, Tomas Flouri, Alexandros Stamatakis, Arndt von Haeseler and Bui Quang Minh.

Host:    head01.hpc.vast.vn (AVX512F, FMA3, 134 GB RAM)
Command: ./mpboot-avx -s ./yh3/data.1 -bb 1000 -keep_ident -pure_sa -cooling_schedule 0 -pre ./yh3/data.1.orig.boot -seed 213
Seed:    213 (Using SPRNG - Scalable Parallel Random Number Generator)
Time:    Sun Jun 18 01:03:22 2023
Kernel:  AVX

Reading alignment file ./yh3/data.1 ... Phylip format detected
Alignment most likely contains DNA/RNA sequences
Alignment has 500 sequences with 1000 columns and 1000 patterns
ID   Sequence #Gap/Ambiguity
1    T1    0    (0.000%)	4
2    T206  0    (0.000%)	4
3    T161  0    (0.000%)	4
4    T246  0    (0.000%)	4
5    T183  0    (0.000%)	4
6    T122  0    (0.000%)	4
7    T288  0    (0.000%)	4
8    T16   0    (0.000%)	4
9    T382  0    (0.000%)	4
10   T442  0    (0.000%)	4
11   T312  0    (0.000%)	4
12   T104  0    (0.000%)	4
13   T484  0    (0.000%)	4
14   T282  0    (0.000%)	4
15   T451  0    (0.000%)	4
16   T212  0    (0.000%)	4
17   T406  0    (0.000%)	4
18   T396  0    (0.000%)	4
19   T476  0    (0.000%)	4
20   T459  0    (0.000%)	4
21   T310  0    (0.000%)	4
22   T245  0    (0.000%)	4
23   T74   0    (0.000%)	4
24   T462  0    (0.000%)	4
25   T169  0    (0.000%)	4
26   T363  0    (0.000%)	4
27   T385  0    (0.000%)	4
28   T278  0    (0.000%)	4
29   T38   0    (0.000%)	4
30   T441  0    (0.000%)	4
31   T238  0    (0.000%)	4
32   T157  0    (0.000%)	4
33   T461  0    (0.000%)	4
34   T231  0    (0.000%)	4
35   T317  0    (0.000%)	4
36   T415  0    (0.000%)	4
37   T315  0    (0.000%)	4
38   T339  0    (0.000%)	4
39   T419  0    (0.000%)	4
40   T297  0    (0.000%)	4
41   T159  0    (0.000%)	4
42   T295  0    (0.000%)	4
43   T88   0    (0.000%)	4
44   T464  0    (0.000%)	4
45   T150  0    (0.000%)	4
46   T174  0    (0.000%)	4
47   T333  0    (0.000%)	4
48   T440  0    (0.000%)	4
49   T199  0    (0.000%)	4
50   T270  0    (0.000%)	4
51   T274  0    (0.000%)	4
52   T165  0    (0.000%)	4
53   T472  0    (0.000%)	4
54   T435  0    (0.000%)	4
55   T53   0    (0.000%)	4
56   T371  0    (0.000%)	4
57   T475  0    (0.000%)	4
58   T351  0    (0.000%)	4
59   T443  0    (0.000%)	4
60   T49   0    (0.000%)	4
61   T64   0    (0.000%)	4
62   T14   0    (0.000%)	4
63   T108  0    (0.000%)	4
64   T381  0    (0.000%)	4
65   T132  0    (0.000%)	4
66   T218  0    (0.000%)	4
67   T20   0    (0.000%)	4
68   T279  0    (0.000%)	4
69   T61   0    (0.000%)	4
70   T177  0    (0.000%)	4
71   T243  0    (0.000%)	4
72   T261  0    (0.000%)	4
73   T101  0    (0.000%)	4
74   T29   0    (0.000%)	4
75   T362  0    (0.000%)	4
76   T454  0    (0.000%)	4
77   T39   0    (0.000%)	4
78   T422  0    (0.000%)	4
79   T214  0    (0.000%)	4
80   T458  0    (0.000%)	4
81   T31   0    (0.000%)	4
82   T145  0    (0.000%)	4
83   T394  0    (0.000%)	4
84   T73   0    (0.000%)	4
85   T323  0    (0.000%)	4
86   T110  0    (0.000%)	4
87   T23   0    (0.000%)	4
88   T5    0    (0.000%)	4
89   T15   0    (0.000%)	4
90   T325  0    (0.000%)	4
91   T251  0    (0.000%)	4
92   T217  0    (0.000%)	4
93   T193  0    (0.000%)	4
94   T58   0    (0.000%)	4
95   T66   0    (0.000%)	4
96   T155  0    (0.000%)	4
97   T342  0    (0.000%)	4
98   T404  0    (0.000%)	4
99   T166  0    (0.000%)	4
100  T100  0    (0.000%)	4
101  T32   0    (0.000%)	4
102  T91   0    (0.000%)	4
103  T466  0    (0.000%)	4
104  T452  0    (0.000%)	4
105  T491  0    (0.000%)	4
106  T328  0    (0.000%)	4
107  T487  0    (0.000%)	4
108  T290  0    (0.000%)	4
109  T284  0    (0.000%)	4
110  T99   0    (0.000%)	4
111  T65   0    (0.000%)	4
112  T196  0    (0.000%)	4
113  T115  0    (0.000%)	4
114  T215  0    (0.000%)	4
115  T370  0    (0.000%)	4
116  T162  0    (0.000%)	4
117  T148  0    (0.000%)	4
118  T393  0    (0.000%)	4
119  T357  0    (0.000%)	4
120  T120  0    (0.000%)	4
121  T2    0    (0.000%)	4
122  T172  0    (0.000%)	4
123  T28   0    (0.000%)	4
124  T111  0    (0.000%)	4
125  T173  0    (0.000%)	4
126  T409  0    (0.000%)	4
127  T236  0    (0.000%)	4
128  T208  0    (0.000%)	4
129  T143  0    (0.000%)	4
130  T423  0    (0.000%)	4
131  T474  0    (0.000%)	4
132  T392  0    (0.000%)	4
133  T221  0    (0.000%)	4
134  T281  0    (0.000%)	4
135  T125  0    (0.000%)	4
136  T379  0    (0.000%)	4
137  T35   0    (0.000%)	4
138  T360  0    (0.000%)	4
139  T36   0    (0.000%)	4
140  T348  0    (0.000%)	4
141  T186  0    (0.000%)	4
142  T80   0    (0.000%)	4
143  T133  0    (0.000%)	4
144  T259  0    (0.000%)	4
145  T486  0    (0.000%)	4
146  T496  0    (0.000%)	4
147  T324  0    (0.000%)	4
148  T240  0    (0.000%)	4
149  T63   0    (0.000%)	4
150  T235  0    (0.000%)	4
151  T227  0    (0.000%)	4
152  T224  0    (0.000%)	4
153  T285  0    (0.000%)	4
154  T298  0    (0.000%)	4
155  T432  0    (0.000%)	4
156  T460  0    (0.000%)	4
157  T106  0    (0.000%)	4
158  T229  0    (0.000%)	4
159  T326  0    (0.000%)	4
160  T190  0    (0.000%)	4
161  T139  0    (0.000%)	4
162  T254  0    (0.000%)	4
163  T146  0    (0.000%)	4
164  T313  0    (0.000%)	4
165  T127  0    (0.000%)	4
166  T257  0    (0.000%)	4
167  T403  0    (0.000%)	4
168  T309  0    (0.000%)	4
169  T119  0    (0.000%)	4
170  T258  0    (0.000%)	4
171  T421  0    (0.000%)	4
172  T387  0    (0.000%)	4
173  T269  0    (0.000%)	4
174  T96   0    (0.000%)	4
175  T10   0    (0.000%)	4
176  T352  0    (0.000%)	4
177  T154  0    (0.000%)	4
178  T47   0    (0.000%)	4
179  T242  0    (0.000%)	4
180  T287  0    (0.000%)	4
181  T130  0    (0.000%)	4
182  T262  0    (0.000%)	4
183  T142  0    (0.000%)	4
184  T188  0    (0.000%)	4
185  T417  0    (0.000%)	4
186  T89   0    (0.000%)	4
187  T205  0    (0.000%)	4
188  T225  0    (0.000%)	4
189  T179  0    (0.000%)	4
190  T247  0    (0.000%)	4
191  T428  0    (0.000%)	4
192  T272  0    (0.000%)	4
193  T67   0    (0.000%)	4
194  T410  0    (0.000%)	4
195  T124  0    (0.000%)	4
196  T220  0    (0.000%)	4
197  T147  0    (0.000%)	4
198  T151  0    (0.000%)	4
199  T485  0    (0.000%)	4
200  T344  0    (0.000%)	4
201  T84   0    (0.000%)	4
202  T398  0    (0.000%)	4
203  T390  0    (0.000%)	4
204  T33   0    (0.000%)	4
205  T374  0    (0.000%)	4
206  T377  0    (0.000%)	4
207  T194  0    (0.000%)	4
208  T266  0    (0.000%)	4
209  T187  0    (0.000%)	4
210  T386  0    (0.000%)	4
211  T384  0    (0.000%)	4
212  T57   0    (0.000%)	4
213  T189  0    (0.000%)	4
214  T204  0    (0.000%)	4
215  T87   0    (0.000%)	4
216  T75   0    (0.000%)	4
217  T376  0    (0.000%)	4
218  T90   0    (0.000%)	4
219  T267  0    (0.000%)	4
220  T4    0    (0.000%)	4
221  T444  0    (0.000%)	4
222  T140  0    (0.000%)	4
223  T30   0    (0.000%)	4
224  T164  0    (0.000%)	4
225  T239  0    (0.000%)	4
226  T402  0    (0.000%)	4
227  T350  0    (0.000%)	4
228  T216  0    (0.000%)	4
229  T427  0    (0.000%)	4
230  T17   0    (0.000%)	4
231  T3    0    (0.000%)	4
232  T232  0    (0.000%)	4
233  T41   0    (0.000%)	4
234  T276  0    (0.000%)	4
235  T128  0    (0.000%)	4
236  T372  0    (0.000%)	4
237  T18   0    (0.000%)	4
238  T163  0    (0.000%)	4
239  T105  0    (0.000%)	4
240  T303  0    (0.000%)	4
241  T397  0    (0.000%)	4
242  T378  0    (0.000%)	4
243  T144  0    (0.000%)	4
244  T55   0    (0.000%)	4
245  T260  0    (0.000%)	4
246  T252  0    (0.000%)	4
247  T477  0    (0.000%)	4
248  T256  0    (0.000%)	4
249  T98   0    (0.000%)	4
250  T26   0    (0.000%)	4
251  T463  0    (0.000%)	4
252  T302  0    (0.000%)	4
253  T430  0    (0.000%)	4
254  T123  0    (0.000%)	4
255  T25   0    (0.000%)	4
256  T405  0    (0.000%)	4
257  T307  0    (0.000%)	4
258  T56   0    (0.000%)	4
259  T160  0    (0.000%)	4
260  T116  0    (0.000%)	4
261  T467  0    (0.000%)	4
262  T437  0    (0.000%)	4
263  T11   0    (0.000%)	4
264  T300  0    (0.000%)	4
265  T471  0    (0.000%)	4
266  T483  0    (0.000%)	4
267  T411  0    (0.000%)	4
268  T237  0    (0.000%)	4
269  T109  0    (0.000%)	4
270  T480  0    (0.000%)	4
271  T478  0    (0.000%)	4
272  T275  0    (0.000%)	4
273  T192  0    (0.000%)	4
274  T255  0    (0.000%)	4
275  T407  0    (0.000%)	4
276  T353  0    (0.000%)	4
277  T346  0    (0.000%)	4
278  T438  0    (0.000%)	4
279  T43   0    (0.000%)	4
280  T102  0    (0.000%)	4
281  T7    0    (0.000%)	4
282  T222  0    (0.000%)	4
283  T230  0    (0.000%)	4
284  T97   0    (0.000%)	4
285  T495  0    (0.000%)	4
286  T482  0    (0.000%)	4
287  T470  0    (0.000%)	4
288  T13   0    (0.000%)	4
289  T207  0    (0.000%)	4
290  T137  0    (0.000%)	4
291  T168  0    (0.000%)	4
292  T134  0    (0.000%)	4
293  T450  0    (0.000%)	4
294  T69   0    (0.000%)	4
295  T8    0    (0.000%)	4
296  T400  0    (0.000%)	4
297  T358  0    (0.000%)	4
298  T364  0    (0.000%)	4
299  T59   0    (0.000%)	4
300  T308  0    (0.000%)	4
301  T354  0    (0.000%)	4
302  T294  0    (0.000%)	4
303  T439  0    (0.000%)	4
304  T54   0    (0.000%)	4
305  T283  0    (0.000%)	4
306  T493  0    (0.000%)	4
307  T304  0    (0.000%)	4
308  T83   0    (0.000%)	4
309  T292  0    (0.000%)	4
310  T103  0    (0.000%)	4
311  T167  0    (0.000%)	4
312  T78   0    (0.000%)	4
313  T92   0    (0.000%)	4
314  T416  0    (0.000%)	4
315  T420  0    (0.000%)	4
316  T408  0    (0.000%)	4
317  T141  0    (0.000%)	4
318  T126  0    (0.000%)	4
319  T388  0    (0.000%)	4
320  T433  0    (0.000%)	4
321  T121  0    (0.000%)	4
322  T498  0    (0.000%)	4
323  T373  0    (0.000%)	4
324  T184  0    (0.000%)	4
325  T368  0    (0.000%)	4
326  T316  0    (0.000%)	4
327  T253  0    (0.000%)	4
328  T299  0    (0.000%)	4
329  T336  0    (0.000%)	4
330  T170  0    (0.000%)	4
331  T68   0    (0.000%)	4
332  T265  0    (0.000%)	4
333  T135  0    (0.000%)	4
334  T488  0    (0.000%)	4
335  T181  0    (0.000%)	4
336  T468  0    (0.000%)	4
337  T156  0    (0.000%)	4
338  T449  0    (0.000%)	4
339  T321  0    (0.000%)	4
340  T228  0    (0.000%)	4
341  T494  0    (0.000%)	4
342  T203  0    (0.000%)	4
343  T391  0    (0.000%)	4
344  T389  0    (0.000%)	4
345  T412  0    (0.000%)	4
346  T72   0    (0.000%)	4
347  T37   0    (0.000%)	4
348  T343  0    (0.000%)	4
349  T366  0    (0.000%)	4
350  T322  0    (0.000%)	4
351  T446  0    (0.000%)	4
352  T273  0    (0.000%)	4
353  T200  0    (0.000%)	4
354  T489  0    (0.000%)	4
355  T424  0    (0.000%)	4
356  T286  0    (0.000%)	4
357  T264  0    (0.000%)	4
358  T359  0    (0.000%)	4
359  T479  0    (0.000%)	4
360  T211  0    (0.000%)	4
361  T492  0    (0.000%)	4
362  T60   0    (0.000%)	4
363  T349  0    (0.000%)	4
364  T176  0    (0.000%)	4
365  T86   0    (0.000%)	4
366  T332  0    (0.000%)	4
367  T9    0    (0.000%)	4
368  T114  0    (0.000%)	4
369  T469  0    (0.000%)	4
370  T95   0    (0.000%)	4
371  T425  0    (0.000%)	4
372  T158  0    (0.000%)	4
373  T210  0    (0.000%)	4
374  T263  0    (0.000%)	4
375  T268  0    (0.000%)	4
376  T426  0    (0.000%)	4
377  T129  0    (0.000%)	4
378  T93   0    (0.000%)	4
379  T12   0    (0.000%)	4
380  T42   0    (0.000%)	4
381  T249  0    (0.000%)	4
382  T361  0    (0.000%)	4
383  T453  0    (0.000%)	4
384  T447  0    (0.000%)	4
385  T195  0    (0.000%)	4
386  T395  0    (0.000%)	4
387  T241  0    (0.000%)	4
388  T45   0    (0.000%)	4
389  T367  0    (0.000%)	4
390  T113  0    (0.000%)	4
391  T375  0    (0.000%)	4
392  T250  0    (0.000%)	4
393  T197  0    (0.000%)	4
394  T202  0    (0.000%)	4
395  T94   0    (0.000%)	4
396  T301  0    (0.000%)	4
397  T226  0    (0.000%)	4
398  T296  0    (0.000%)	4
399  T291  0    (0.000%)	4
400  T198  0    (0.000%)	4
401  T51   0    (0.000%)	4
402  T107  0    (0.000%)	4
403  T271  0    (0.000%)	4
404  T131  0    (0.000%)	4
405  T277  0    (0.000%)	4
406  T27   0    (0.000%)	4
407  T175  0    (0.000%)	4
408  T305  0    (0.000%)	4
409  T337  0    (0.000%)	4
410  T329  0    (0.000%)	4
411  T191  0    (0.000%)	4
412  T401  0    (0.000%)	4
413  T347  0    (0.000%)	4
414  T331  0    (0.000%)	4
415  T76   0    (0.000%)	4
416  T185  0    (0.000%)	4
417  T223  0    (0.000%)	4
418  T34   0    (0.000%)	4
419  T445  0    (0.000%)	4
420  T219  0    (0.000%)	4
421  T319  0    (0.000%)	4
422  T233  0    (0.000%)	4
423  T448  0    (0.000%)	4
424  T182  0    (0.000%)	4
425  T50   0    (0.000%)	4
426  T413  0    (0.000%)	4
427  T334  0    (0.000%)	4
428  T314  0    (0.000%)	4
429  T209  0    (0.000%)	4
430  T48   0    (0.000%)	4
431  T365  0    (0.000%)	4
432  T490  0    (0.000%)	4
433  T201  0    (0.000%)	4
434  T481  0    (0.000%)	4
435  T62   0    (0.000%)	4
436  T369  0    (0.000%)	4
437  T234  0    (0.000%)	4
438  T46   0    (0.000%)	4
439  T356  0    (0.000%)	4
440  T213  0    (0.000%)	4
441  T318  0    (0.000%)	4
442  T338  0    (0.000%)	4
443  T455  0    (0.000%)	4
444  T52   0    (0.000%)	4
445  T21   0    (0.000%)	4
446  T248  0    (0.000%)	4
447  T335  0    (0.000%)	4
448  T138  0    (0.000%)	4
449  T180  0    (0.000%)	4
450  T70   0    (0.000%)	4
451  T418  0    (0.000%)	4
452  T429  0    (0.000%)	4
453  T153  0    (0.000%)	4
454  T77   0    (0.000%)	4
455  T24   0    (0.000%)	4
456  T330  0    (0.000%)	4
457  T383  0    (0.000%)	4
458  T44   0    (0.000%)	4
459  T320  0    (0.000%)	4
460  T289  0    (0.000%)	4
461  T178  0    (0.000%)	4
462  T136  0    (0.000%)	4
463  T341  0    (0.000%)	4
464  T82   0    (0.000%)	4
465  T399  0    (0.000%)	4
466  T152  0    (0.000%)	4
467  T85   0    (0.000%)	4
468  T171  0    (0.000%)	4
469  T434  0    (0.000%)	4
470  T457  0    (0.000%)	4
471  T40   0    (0.000%)	4
472  T327  0    (0.000%)	4
473  T19   0    (0.000%)	4
474  T112  0    (0.000%)	4
475  T431  0    (0.000%)	4
476  T117  0    (0.000%)	4
477  T355  0    (0.000%)	4
478  T340  0    (0.000%)	4
479  T499  0    (0.000%)	4
480  T456  0    (0.000%)	4
481  T414  0    (0.000%)	4
482  T244  0    (0.000%)	4
483  T345  0    (0.000%)	4
484  T79   0    (0.000%)	4
485  T293  0    (0.000%)	4
486  T380  0    (0.000%)	4
487  T473  0    (0.000%)	4
488  T311  0    (0.000%)	4
489  T6    0    (0.000%)	4
490  T497  0    (0.000%)	4
491  T306  0    (0.000%)	4
492  T71   0    (0.000%)	4
493  T149  0    (0.000%)	4
494  T22   0    (0.000%)	4
495  T81   0    (0.000%)	4
496  T465  0    (0.000%)	4
497  T436  0    (0.000%)	4
498  T118  0    (0.000%)	4
499  T0    0    (0.000%)	4
500  T280  0    (0.000%)	4
**** TOTAL 0 (0.000%)

Computing random stepwise addition parsimony tree for evaluating patterns...
Time for random stepwise addition parsimony tree construction: 0.099 seconds
Parsimony score: 78192
Reordering patterns in alignment by decreasing order of pattern parsimony... 0.005 seconds

Computing random stepwise addition parsimony tree for evaluating patterns...
Time for random stepwise addition parsimony tree construction: 0.083 seconds
Parsimony score: 78192
Reordering patterns in alignment by decreasing order of pattern parsimony... 0.005 seconds

Create initial parsimony tree by phylogenetic likelihood library (PLL)... 0.089 seconds
Generating 1000 samples for bootstrap approximation...

NOTE: 88.095 MB RAM is required!
Current best tree score: 78153

Generating 99 parsimony trees... (99 duplicated parsimony trees)
CPU time: 9
Finish initializing candidate tree set. Number of distinct locally optimal trees: 1
Current best score: 78153 / CPU time: 9

Time: 0h:0m:9s
NOTE: REPS computation is segmented into 17 parts for speed...
segment#1 ends at 48
segment#2 ends at 96
segment#3 ends at 144
segment#4 ends at 192
segment#5 ends at 256
segment#6 ends at 320
segment#7 ends at 384
segment#8 ends at 448
segment#9 ends at 512
segment#10 ends at 576
segment#11 ends at 640
segment#12 ends at 704
segment#13 ends at 768
segment#14 ends at 832
segment#15 ends at 896
segment#16 ends at 960
segment#17 ends at 1000
0 seconds.
RATCHET Iteration 10 / Score: 78153 / Time: 0h:0m:43s
RATCHET Iteration 20 / Score: 78153 / Time: 0h:0m:53s (0h:22m:40s left)
RATCHET Iteration 30 / Score: 78153 / Time: 0h:1m:5s (0h:17m:35s left)
RATCHET Iteration 40 / Score: 78153 / Time: 0h:1m:15s (0h:14m:55s left)
RATCHET Iteration 50 / Score: 78153 / Time: 0h:1m:25s (0h:13m:9s left)
RATCHET Iteration 60 / Score: 78153 / Time: 0h:1m:37s (0h:12m:6s left)
RATCHET Iteration 70 / Score: 78153 / Time: 0h:1m:47s (0h:11m:12s left)
RATCHET Iteration 80 / Score: 78153 / Time: 0h:1m:58s (0h:10m:29s left)
RATCHET Iteration 90 / Score: 78153 / Time: 0h:2m:8s (0h:9m:51s left)
RATCHET Iteration 100 / Score: 78153 / Time: 0h:2m:18s (0h:9m:22s left)
RATCHET Iteration 110 / Score: 78153 / Time: 0h:2m:29s (0h:8m:56s left)
RATCHET Iteration 120 / Score: 78153 / Time: 0h:2m:39s (0h:8m:30s left)
RATCHET Iteration 130 / Score: 78153 / Time: 0h:2m:49s (0h:8m:7s left)
RATCHET Iteration 140 / Score: 78153 / Time: 0h:3m:0s (0h:7m:47s left)
RATCHET Iteration 150 / Score: 78153 / Time: 0h:3m:10s (0h:7m:28s left)
RATCHET Iteration 160 / Score: 78153 / Time: 0h:3m:20s (0h:7m:9s left)
RATCHET Iteration 170 / Score: 78153 / Time: 0h:3m:30s (0h:6m:52s left)
RATCHET Iteration 180 / Score: 78153 / Time: 0h:3m:40s (0h:6m:35s left)
RATCHET Iteration 190 / Score: 78153 / Time: 0h:3m:50s (0h:6m:19s left)
RATCHET Iteration 200 / Score: 78153 / Time: 0h:4m:1s (0h:6m:5s left)
RATCHET Iteration 210 / Score: 78153 / Time: 0h:4m:12s (0h:5m:51s left)
RATCHET Iteration 220 / Score: 78153 / Time: 0h:4m:24s (0h:5m:39s left)
RATCHET Iteration 230 / Score: 78153 / Time: 0h:4m:35s (0h:5m:25s left)
RATCHET Iteration 240 / Score: 78153 / Time: 0h:4m:46s (0h:5m:12s left)
RATCHET Iteration 250 / Score: 78153 / Time: 0h:4m:56s (0h:4m:58s left)
RATCHET Iteration 260 / Score: 78153 / Time: 0h:5m:7s (0h:4m:46s left)
RATCHET Iteration 270 / Score: 78153 / Time: 0h:5m:19s (0h:4m:33s left)
RATCHET Iteration 280 / Score: 78153 / Time: 0h:5m:30s (0h:4m:21s left)
RATCHET Iteration 290 / Score: 78153 / Time: 0h:5m:41s (0h:4m:9s left)
RATCHET Iteration 300 / Score: 78153 / Time: 0h:5m:52s (0h:3m:56s left)
RATCHET Iteration 310 / Score: 78153 / Time: 0h:6m:3s (0h:3m:44s left)
RATCHET Iteration 320 / Score: 78153 / Time: 0h:6m:15s (0h:3m:32s left)
RATCHET Iteration 330 / Score: 78153 / Time: 0h:6m:25s (0h:3m:20s left)
RATCHET Iteration 340 / Score: 78153 / Time: 0h:6m:36s (0h:3m:8s left)
RATCHET Iteration 350 / Score: 78153 / Time: 0h:6m:48s (0h:2m:56s left)
RATCHET Iteration 360 / Score: 78153 / Time: 0h:6m:59s (0h:2m:44s left)
RATCHET Iteration 370 / Score: 78153 / Time: 0h:7m:9s (0h:2m:32s left)
RATCHET Iteration 380 / Score: 78153 / Time: 0h:7m:20s (0h:2m:20s left)
RATCHET Iteration 390 / Score: 78153 / Time: 0h:7m:32s (0h:2m:9s left)
RATCHET Iteration 400 / Score: 78153 / Time: 0h:7m:43s (0h:1m:57s left)
RATCHET Iteration 410 / Score: 78153 / Time: 0h:7m:53s (0h:1m:45s left)
RATCHET Iteration 420 / Score: 78153 / Time: 0h:8m:4s (0h:1m:33s left)
RATCHET Iteration 430 / Score: 78153 / Time: 0h:8m:14s (0h:1m:21s left)
RATCHET Iteration 440 / Score: 78153 / Time: 0h:8m:26s (0h:1m:10s left)
RATCHET Iteration 450 / Score: 78153 / Time: 0h:8m:37s (0h:0m:58s left)
RATCHET Iteration 460 / Score: 78153 / Time: 0h:8m:49s (0h:0m:47s left)
RATCHET Iteration 470 / Score: 78153 / Time: 0h:9m:0s (0h:0m:35s left)
RATCHET Iteration 480 / Score: 78153 / Time: 0h:9m:10s (0h:0m:24s left)
RATCHET Iteration 490 / Score: 78153 / Time: 0h:9m:20s (0h:0m:12s left)
RATCHET Iteration 500 / Score: 78153 / Time: 0h:9m:30s (0h:0m:1s left)
Optimizing bootstrap trees ...
100 replicates done
200 replicates done
300 replicates done
400 replicates done
500 replicates done
600 replicates done
700 replicates done
800 replicates done
900 replicates done
1000 replicates done
CPU Time used:  98 sec.
NOTE: At the end, 105354 bootstrap candidate trees evaluated.
Scores of best 5 trees: 
78153 78154 78154 78155 78160 
BEST SCORE FOUND : 78153
Creating bootstrap support values...
Split supports printed to NEXUS file ./yh3/data.1.orig.boot.splits.nex

CPU time used for tree search: 667.875 sec (0h:11m:7s)
Wall-clock time used for tree search: 669.640 sec (0h:11m:9s)
Total CPU time used: 669.688 sec (0h:11m:9s)
Total wall-clock time used: 671.560 sec (0h:11m:11s)

Computing bootstrap consensus tree...
Reading input file ./yh3/data.1.orig.boot.splits.nex...
500 taxa and 1217 splits.
Consensus tree written to ./yh3/data.1.orig.boot.contree
Parsimony score of consensus tree: 78153

Analysis results written to: 
  MPBoot report:                 ./yh3/data.1.orig.boot.mpboot
  Maximum-parsimony  tree:       ./yh3/data.1.orig.boot.treefile

Maximum parsimony bootstrap approximation results written to:
  Split support values:          ./yh3/data.1.orig.boot.splits.nex
  Consensus tree:                ./yh3/data.1.orig.boot.contree
  Screen log file:               ./yh3/data.1.orig.boot.log

Date and Time: Sun Jun 18 01:14:34 2023
