The system is: Linux - 3.10.0-1160.11.1.el7.x86_64 - x86_64
Compiling the C compiler identification source file "CMakeCCompilerId.c" succeeded.
Compiler: /datausers/ioit/thaontp/diepht/clang+llvm-12.0.1-x86_64-linux-gnu-ubuntu-/bin/clang 
Build flags: 
Id flags:  

The output was:
0


Compilation of the C compiler identification source "CMakeCCompilerId.c" produced "a.out"

The C compiler identification is Clang, found in "/datausers/ioit/thaontp/diepht/my-mpboot/build/CMakeFiles/3.20.2/CompilerIdC/a.out"

Compiling the CXX compiler identification source file "CMakeCXXCompilerId.cpp" succeeded.
Compiler: /datausers/ioit/thaontp/diepht/clang+llvm-12.0.1-x86_64-linux-gnu-ubuntu-/bin/clang++ 
Build flags: 
Id flags:  

The output was:
0


Compilation of the CXX compiler identification source "CMakeCXXCompilerId.cpp" produced "a.out"

The CXX compiler identification is Clang, found in "/datausers/ioit/thaontp/diepht/my-mpboot/build/CMakeFiles/3.20.2/CompilerIdCXX/a.out"

Detecting C compiler ABI info compiled with the following output:
Change Dir: /datausers/ioit/thaontp/diepht/my-mpboot/build/CMakeFiles/CMakeTmp

Run Build Command(s):/usr/bin/gmake -f Makefile cmTC_25a1f/fast && /usr/bin/gmake  -f CMakeFiles/cmTC_25a1f.dir/build.make CMakeFiles/cmTC_25a1f.dir/build
gmake[1]: Entering directory `/datausers/ioit/thaontp/diepht/my-mpboot/build/CMakeFiles/CMakeTmp'
Building C object CMakeFiles/cmTC_25a1f.dir/CMakeCCompilerABI.c.o
/datausers/ioit/thaontp/diepht/clang+llvm-12.0.1-x86_64-linux-gnu-ubuntu-/bin/clang   -v -MD -MT CMakeFiles/cmTC_25a1f.dir/CMakeCCompilerABI.c.o -MF CMakeFiles/cmTC_25a1f.dir/CMakeCCompilerABI.c.o.d -o CMakeFiles/cmTC_25a1f.dir/CMakeCCompilerABI.c.o -c /opt/apps/cmake/3.20.2/share/cmake-3.20/Modules/CMakeCCompilerABI.c
clang version 12.0.1
Target: x86_64-unknown-linux-gnu
Thread model: posix
InstalledDir: /datausers/ioit/thaontp/diepht/clang+llvm-12.0.1-x86_64-linux-gnu-ubuntu-/bin
Found candidate GCC installation: /opt/rh/devtoolset-7/root/usr/lib/gcc/x86_64-redhat-linux/7
Found candidate GCC installation: /usr/lib/gcc/x86_64-redhat-linux/4.8.2
Found candidate GCC installation: /usr/lib/gcc/x86_64-redhat-linux/4.8.5
Selected GCC installation: /opt/rh/devtoolset-7/root/usr/lib/gcc/x86_64-redhat-linux/7
Candidate multilib: .;@m64
Candidate multilib: 32;@m32
Selected multilib: .;@m64
Found CUDA installation: /usr/local/cuda-11.3, version 11.0
 (in-process)
 "/datausers/ioit/thaontp/diepht/clang+llvm-12.0.1-x86_64-linux-gnu-ubuntu-/bin/clang-12" -cc1 -triple x86_64-unknown-linux-gnu -emit-obj -mrelax-all --mrelax-relocations -disable-free -disable-llvm-verifier -discard-value-names -main-file-name CMakeCCompilerABI.c -mrelocation-model static -mframe-pointer=all -fmath-errno -fno-rounding-math -mconstructor-aliases -munwind-tables -target-cpu x86-64 -tune-cpu generic -fno-split-dwarf-inlining -debugger-tuning=gdb -v -resource-dir /datausers/ioit/thaontp/diepht/clang+llvm-12.0.1-x86_64-linux-gnu-ubuntu-/lib/clang/12.0.1 -dependency-file CMakeFiles/cmTC_25a1f.dir/CMakeCCompilerABI.c.o.d -MT CMakeFiles/cmTC_25a1f.dir/CMakeCCompilerABI.c.o -sys-header-deps -I/opt/apps/intel/compilers_and_libraries_2017.7.259/linux/ipp/include -I/opt/apps/intel/compilers_and_libraries_2017.7.259/linux/mkl/include -I/opt/apps/intel/compilers_and_libraries_2017.7.259/linux/tbb/include -I/opt/apps/intel/compilers_and_libraries_2017.7.259/linux/daal/include -I/opt/apps/intel/compilers_and_libraries_2017.7.259/linux/ipp/include -I/opt/apps/intel/compilers_and_libraries_2017.7.259/linux/mkl/include -I/opt/apps/intel/compilers_and_libraries_2017.7.259/linux/tbb/include -I/opt/apps/intel/compilers_and_libraries_2017.7.259/linux/daal/include -I/opt/apps/intel/compilers_and_libraries_2017.7.259/linux/ipp/include -I/opt/apps/intel/compilers_and_libraries_2017.7.259/linux/mkl/include -I/opt/apps/intel/compilers_and_libraries_2017.7.259/linux/tbb/include -I/opt/apps/intel/compilers_and_libraries_2017.7.259/linux/daal/include -internal-isystem /usr/local/include -internal-isystem /datausers/ioit/thaontp/diepht/clang+llvm-12.0.1-x86_64-linux-gnu-ubuntu-/lib/clang/12.0.1/include -internal-externc-isystem /include -internal-externc-isystem /usr/include -fdebug-compilation-dir /datausers/ioit/thaontp/diepht/my-mpboot/build/CMakeFiles/CMakeTmp -ferror-limit 19 -fgnuc-version=4.2.1 -faddrsig -o CMakeFiles/cmTC_25a1f.dir/CMakeCCompilerABI.c.o -x c /opt/apps/cmake/3.20.2/share/cmake-3.20/Modules/CMakeCCompilerABI.c
clang -cc1 version 12.0.1 based upon LLVM 12.0.1 default target x86_64-unknown-linux-gnu
ignoring nonexistent directory "/include"
ignoring duplicate directory "/opt/apps/intel/compilers_and_libraries_2017.7.259/linux/ipp/include"
ignoring duplicate directory "/opt/apps/intel/compilers_and_libraries_2017.7.259/linux/mkl/include"
ignoring duplicate directory "/opt/apps/intel/compilers_and_libraries_2017.7.259/linux/tbb/include"
ignoring duplicate directory "/opt/apps/intel/compilers_and_libraries_2017.7.259/linux/daal/include"
ignoring duplicate directory "/opt/apps/intel/compilers_and_libraries_2017.7.259/linux/ipp/include"
ignoring duplicate directory "/opt/apps/intel/compilers_and_libraries_2017.7.259/linux/mkl/include"
ignoring duplicate directory "/opt/apps/intel/compilers_and_libraries_2017.7.259/linux/tbb/include"
ignoring duplicate directory "/opt/apps/intel/compilers_and_libraries_2017.7.259/linux/daal/include"
#include "..." search starts here:
#include <...> search starts here:
 /opt/apps/intel/compilers_and_libraries_2017.7.259/linux/ipp/include
 /opt/apps/intel/compilers_and_libraries_2017.7.259/linux/mkl/include
 /opt/apps/intel/compilers_and_libraries_2017.7.259/linux/tbb/include
 /opt/apps/intel/compilers_and_libraries_2017.7.259/linux/daal/include
 /usr/local/include
 /datausers/ioit/thaontp/diepht/clang+llvm-12.0.1-x86_64-linux-gnu-ubuntu-/lib/clang/12.0.1/include
 /usr/include
End of search list.
Linking C executable cmTC_25a1f
/opt/apps/cmake/3.20.2/bin/cmake -E cmake_link_script CMakeFiles/cmTC_25a1f.dir/link.txt --verbose=1
/datausers/ioit/thaontp/diepht/clang+llvm-12.0.1-x86_64-linux-gnu-ubuntu-/bin/clang  -v -rdynamic CMakeFiles/cmTC_25a1f.dir/CMakeCCompilerABI.c.o -o cmTC_25a1f 
clang version 12.0.1
Target: x86_64-unknown-linux-gnu
Thread model: posix
InstalledDir: /datausers/ioit/thaontp/diepht/clang+llvm-12.0.1-x86_64-linux-gnu-ubuntu-/bin
Found candidate GCC installation: /opt/rh/devtoolset-7/root/usr/lib/gcc/x86_64-redhat-linux/7
Found candidate GCC installation: /usr/lib/gcc/x86_64-redhat-linux/4.8.2
Found candidate GCC installation: /usr/lib/gcc/x86_64-redhat-linux/4.8.5
Selected GCC installation: /opt/rh/devtoolset-7/root/usr/lib/gcc/x86_64-redhat-linux/7
Candidate multilib: .;@m64
Candidate multilib: 32;@m32
Selected multilib: .;@m64
Found CUDA installation: /usr/local/cuda-11.3, version 11.0
 "/opt/rh/devtoolset-7/root/usr/lib/gcc/x86_64-redhat-linux/7/../../../../bin/ld" -export-dynamic --hash-style=gnu --eh-frame-hdr -m elf_x86_64 -export-dynamic -dynamic-linker /lib64/ld-linux-x86-64.so.2 -o cmTC_25a1f /lib/../lib64/crt1.o /lib/../lib64/crti.o /opt/rh/devtoolset-7/root/usr/lib/gcc/x86_64-redhat-linux/7/crtbegin.o -L/opt/rh/devtoolset-7/root/usr/lib/gcc/x86_64-redhat-linux/7 -L/opt/rh/devtoolset-7/root/usr/lib/gcc/x86_64-redhat-linux/7/../../../../lib64 -L/lib/../lib64 -L/usr/lib/../lib64 -L/opt/rh/devtoolset-7/root/usr/lib/gcc/x86_64-redhat-linux/7/../../.. -L/datausers/ioit/thaontp/diepht/clang+llvm-12.0.1-x86_64-linux-gnu-ubuntu-/bin/../lib -L/lib -L/usr/lib -L/opt/apps/intel/compilers_and_libraries_2017.7.259/linux/ipp/lib/intel64 -L/opt/apps/intel/compilers_and_libraries_2017.7.259/linux/compiler/lib/intel64_lin -L/opt/apps/intel/compilers_and_libraries_2017.7.259/linux/mkl/lib/intel64_lin -L/opt/apps/intel/compilers_and_libraries_2017.7.259/linux/tbb/lib/intel64/gcc4.7 -L/opt/apps/intel/compilers_and_libraries_2017.7.259/linux/daal/lib/intel64_lin -L/opt/apps/intel/compilers_and_libraries_2017.7.259/linux/ipp/lib/intel64 -L/opt/apps/intel/compilers_and_libraries_2017.7.259/linux/compiler/lib/intel64_lin -L/opt/apps/intel/compilers_and_libraries_2017.7.259/linux/mkl/lib/intel64_lin -L/opt/apps/intel/compilers_and_libraries_2017.7.259/linux/tbb/lib/intel64/gcc4.7 -L/opt/apps/intel/compilers_and_libraries_2017.7.259/linux/daal/lib/intel64_lin -L/opt/apps/intel/compilers_and_libraries_2017.7.259/linux/ipp/lib/intel64 -L/opt/apps/intel/compilers_and_libraries_2017.7.259/linux/compiler/lib/intel64_lin -L/opt/apps/intel/compilers_and_libraries_2017.7.259/linux/mkl/lib/intel64_lin -L/opt/apps/intel/compilers_and_libraries_2017.7.259/linux/tbb/lib/intel64/gcc4.7 -L/opt/apps/intel/compilers_and_libraries_2017.7.259/linux/daal/lib/intel64_lin -L/opt/apps/intel/compilers_and_libraries_2017.7.259/linux/daal/../tbb/lib/intel64_lin/gcc4.4 CMakeFiles/cmTC_25a1f.dir/CMakeCCompilerABI.c.o -lgcc --as-needed -lgcc_s --no-as-needed -lc -lgcc --as-needed -lgcc_s --no-as-needed /opt/rh/devtoolset-7/root/usr/lib/gcc/x86_64-redhat-linux/7/crtend.o /lib/../lib64/crtn.o
gmake[1]: Leaving directory `/datausers/ioit/thaontp/diepht/my-mpboot/build/CMakeFiles/CMakeTmp'



Parsed C implicit include dir info from above output: rv=done
  found start of include info
  found start of implicit include info
    add: [/opt/apps/intel/compilers_and_libraries_2017.7.259/linux/ipp/include]
    add: [/opt/apps/intel/compilers_and_libraries_2017.7.259/linux/mkl/include]
    add: [/opt/apps/intel/compilers_and_libraries_2017.7.259/linux/tbb/include]
    add: [/opt/apps/intel/compilers_and_libraries_2017.7.259/linux/daal/include]
    add: [/usr/local/include]
    add: [/datausers/ioit/thaontp/diepht/clang+llvm-12.0.1-x86_64-linux-gnu-ubuntu-/lib/clang/12.0.1/include]
    add: [/usr/include]
  end of search list found
  collapse include dir [/opt/apps/intel/compilers_and_libraries_2017.7.259/linux/ipp/include] ==> [/opt/apps/intel/compilers_and_libraries_2017.7.259/linux/ipp/include]
  collapse include dir [/opt/apps/intel/compilers_and_libraries_2017.7.259/linux/mkl/include] ==> [/opt/apps/intel/compilers_and_libraries_2017.7.259/linux/mkl/include]
  collapse include dir [/opt/apps/intel/compilers_and_libraries_2017.7.259/linux/tbb/include] ==> [/opt/apps/intel/compilers_and_libraries_2017.7.259/linux/tbb/include]
  collapse include dir [/opt/apps/intel/compilers_and_libraries_2017.7.259/linux/daal/include] ==> [/opt/apps/intel/compilers_and_libraries_2017.7.259/linux/daal/include]
  collapse include dir [/usr/local/include] ==> [/usr/local/include]
  collapse include dir [/datausers/ioit/thaontp/diepht/clang+llvm-12.0.1-x86_64-linux-gnu-ubuntu-/lib/clang/12.0.1/include] ==> [/datausers/ioit/thaontp/diepht/clang+llvm-12.0.1-x86_64-linux-gnu-ubuntu-/lib/clang/12.0.1/include]
  collapse include dir [/usr/include] ==> [/usr/include]
  implicit include dirs: [/opt/apps/intel/compilers_and_libraries_2017.7.259/linux/ipp/include;/opt/apps/intel/compilers_and_libraries_2017.7.259/linux/mkl/include;/opt/apps/intel/compilers_and_libraries_2017.7.259/linux/tbb/include;/opt/apps/intel/compilers_and_libraries_2017.7.259/linux/daal/include;/usr/local/include;/datausers/ioit/thaontp/diepht/clang+llvm-12.0.1-x86_64-linux-gnu-ubuntu-/lib/clang/12.0.1/include;/usr/include]


Parsed C implicit link information from above output:
  link line regex: [^( *|.*[/\])(ld|CMAKE_LINK_STARTFILE-NOTFOUND|([^/\]+-)?ld|collect2)[^/\]*( |$)]
  ignore line: [Change Dir: /datausers/ioit/thaontp/diepht/my-mpboot/build/CMakeFiles/CMakeTmp]
  ignore line: []
  ignore line: [Run Build Command(s):/usr/bin/gmake -f Makefile cmTC_25a1f/fast && /usr/bin/gmake  -f CMakeFiles/cmTC_25a1f.dir/build.make CMakeFiles/cmTC_25a1f.dir/build]
  ignore line: [gmake[1]: Entering directory `/datausers/ioit/thaontp/diepht/my-mpboot/build/CMakeFiles/CMakeTmp']
  ignore line: [Building C object CMakeFiles/cmTC_25a1f.dir/CMakeCCompilerABI.c.o]
  ignore line: [/datausers/ioit/thaontp/diepht/clang+llvm-12.0.1-x86_64-linux-gnu-ubuntu-/bin/clang   -v -MD -MT CMakeFiles/cmTC_25a1f.dir/CMakeCCompilerABI.c.o -MF CMakeFiles/cmTC_25a1f.dir/CMakeCCompilerABI.c.o.d -o CMakeFiles/cmTC_25a1f.dir/CMakeCCompilerABI.c.o -c /opt/apps/cmake/3.20.2/share/cmake-3.20/Modules/CMakeCCompilerABI.c]
  ignore line: [clang version 12.0.1]
  ignore line: [Target: x86_64-unknown-linux-gnu]
  ignore line: [Thread model: posix]
  ignore line: [InstalledDir: /datausers/ioit/thaontp/diepht/clang+llvm-12.0.1-x86_64-linux-gnu-ubuntu-/bin]
  ignore line: [Found candidate GCC installation: /opt/rh/devtoolset-7/root/usr/lib/gcc/x86_64-redhat-linux/7]
  ignore line: [Found candidate GCC installation: /usr/lib/gcc/x86_64-redhat-linux/4.8.2]
  ignore line: [Found candidate GCC installation: /usr/lib/gcc/x86_64-redhat-linux/4.8.5]
  ignore line: [Selected GCC installation: /opt/rh/devtoolset-7/root/usr/lib/gcc/x86_64-redhat-linux/7]
  ignore line: [Candidate multilib: .]
  ignore line: [@m64]
  ignore line: [Candidate multilib: 32]
  ignore line: [@m32]
  ignore line: [Selected multilib: .]
  ignore line: [@m64]
  ignore line: [Found CUDA installation: /usr/local/cuda-11.3  version 11.0]
  ignore line: [ (in-process)]
  ignore line: [ "/datausers/ioit/thaontp/diepht/clang+llvm-12.0.1-x86_64-linux-gnu-ubuntu-/bin/clang-12" -cc1 -triple x86_64-unknown-linux-gnu -emit-obj -mrelax-all --mrelax-relocations -disable-free -disable-llvm-verifier -discard-value-names -main-file-name CMakeCCompilerABI.c -mrelocation-model static -mframe-pointer=all -fmath-errno -fno-rounding-math -mconstructor-aliases -munwind-tables -target-cpu x86-64 -tune-cpu generic -fno-split-dwarf-inlining -debugger-tuning=gdb -v -resource-dir /datausers/ioit/thaontp/diepht/clang+llvm-12.0.1-x86_64-linux-gnu-ubuntu-/lib/clang/12.0.1 -dependency-file CMakeFiles/cmTC_25a1f.dir/CMakeCCompilerABI.c.o.d -MT CMakeFiles/cmTC_25a1f.dir/CMakeCCompilerABI.c.o -sys-header-deps -I/opt/apps/intel/compilers_and_libraries_2017.7.259/linux/ipp/include -I/opt/apps/intel/compilers_and_libraries_2017.7.259/linux/mkl/include -I/opt/apps/intel/compilers_and_libraries_2017.7.259/linux/tbb/include -I/opt/apps/intel/compilers_and_libraries_2017.7.259/linux/daal/include -I/opt/apps/intel/compilers_and_libraries_2017.7.259/linux/ipp/include -I/opt/apps/intel/compilers_and_libraries_2017.7.259/linux/mkl/include -I/opt/apps/intel/compilers_and_libraries_2017.7.259/linux/tbb/include -I/opt/apps/intel/compilers_and_libraries_2017.7.259/linux/daal/include -I/opt/apps/intel/compilers_and_libraries_2017.7.259/linux/ipp/include -I/opt/apps/intel/compilers_and_libraries_2017.7.259/linux/mkl/include -I/opt/apps/intel/compilers_and_libraries_2017.7.259/linux/tbb/include -I/opt/apps/intel/compilers_and_libraries_2017.7.259/linux/daal/include -internal-isystem /usr/local/include -internal-isystem /datausers/ioit/thaontp/diepht/clang+llvm-12.0.1-x86_64-linux-gnu-ubuntu-/lib/clang/12.0.1/include -internal-externc-isystem /include -internal-externc-isystem /usr/include -fdebug-compilation-dir /datausers/ioit/thaontp/diepht/my-mpboot/build/CMakeFiles/CMakeTmp -ferror-limit 19 -fgnuc-version=4.2.1 -faddrsig -o CMakeFiles/cmTC_25a1f.dir/CMakeCCompilerABI.c.o -x c /opt/apps/cmake/3.20.2/share/cmake-3.20/Modules/CMakeCCompilerABI.c]
  ignore line: [clang -cc1 version 12.0.1 based upon LLVM 12.0.1 default target x86_64-unknown-linux-gnu]
  ignore line: [ignoring nonexistent directory "/include"]
  ignore line: [ignoring duplicate directory "/opt/apps/intel/compilers_and_libraries_2017.7.259/linux/ipp/include"]
  ignore line: [ignoring duplicate directory "/opt/apps/intel/compilers_and_libraries_2017.7.259/linux/mkl/include"]
  ignore line: [ignoring duplicate directory "/opt/apps/intel/compilers_and_libraries_2017.7.259/linux/tbb/include"]
  ignore line: [ignoring duplicate directory "/opt/apps/intel/compilers_and_libraries_2017.7.259/linux/daal/include"]
  ignore line: [ignoring duplicate directory "/opt/apps/intel/compilers_and_libraries_2017.7.259/linux/ipp/include"]
  ignore line: [ignoring duplicate directory "/opt/apps/intel/compilers_and_libraries_2017.7.259/linux/mkl/include"]
  ignore line: [ignoring duplicate directory "/opt/apps/intel/compilers_and_libraries_2017.7.259/linux/tbb/include"]
  ignore line: [ignoring duplicate directory "/opt/apps/intel/compilers_and_libraries_2017.7.259/linux/daal/include"]
  ignore line: [#include "..." search starts here:]
  ignore line: [#include <...> search starts here:]
  ignore line: [ /opt/apps/intel/compilers_and_libraries_2017.7.259/linux/ipp/include]
  ignore line: [ /opt/apps/intel/compilers_and_libraries_2017.7.259/linux/mkl/include]
  ignore line: [ /opt/apps/intel/compilers_and_libraries_2017.7.259/linux/tbb/include]
  ignore line: [ /opt/apps/intel/compilers_and_libraries_2017.7.259/linux/daal/include]
  ignore line: [ /usr/local/include]
  ignore line: [ /datausers/ioit/thaontp/diepht/clang+llvm-12.0.1-x86_64-linux-gnu-ubuntu-/lib/clang/12.0.1/include]
  ignore line: [ /usr/include]
  ignore line: [End of search list.]
  ignore line: [Linking C executable cmTC_25a1f]
  ignore line: [/opt/apps/cmake/3.20.2/bin/cmake -E cmake_link_script CMakeFiles/cmTC_25a1f.dir/link.txt --verbose=1]
  ignore line: [/datausers/ioit/thaontp/diepht/clang+llvm-12.0.1-x86_64-linux-gnu-ubuntu-/bin/clang  -v -rdynamic CMakeFiles/cmTC_25a1f.dir/CMakeCCompilerABI.c.o -o cmTC_25a1f ]
  ignore line: [clang version 12.0.1]
  ignore line: [Target: x86_64-unknown-linux-gnu]
  ignore line: [Thread model: posix]
  ignore line: [InstalledDir: /datausers/ioit/thaontp/diepht/clang+llvm-12.0.1-x86_64-linux-gnu-ubuntu-/bin]
  ignore line: [Found candidate GCC installation: /opt/rh/devtoolset-7/root/usr/lib/gcc/x86_64-redhat-linux/7]
  ignore line: [Found candidate GCC installation: /usr/lib/gcc/x86_64-redhat-linux/4.8.2]
  ignore line: [Found candidate GCC installation: /usr/lib/gcc/x86_64-redhat-linux/4.8.5]
  ignore line: [Selected GCC installation: /opt/rh/devtoolset-7/root/usr/lib/gcc/x86_64-redhat-linux/7]
  ignore line: [Candidate multilib: .]
  ignore line: [@m64]
  ignore line: [Candidate multilib: 32]
  ignore line: [@m32]
  ignore line: [Selected multilib: .]
  ignore line: [@m64]
  ignore line: [Found CUDA installation: /usr/local/cuda-11.3  version 11.0]
  link line: [ "/opt/rh/devtoolset-7/root/usr/lib/gcc/x86_64-redhat-linux/7/../../../../bin/ld" -export-dynamic --hash-style=gnu --eh-frame-hdr -m elf_x86_64 -export-dynamic -dynamic-linker /lib64/ld-linux-x86-64.so.2 -o cmTC_25a1f /lib/../lib64/crt1.o /lib/../lib64/crti.o /opt/rh/devtoolset-7/root/usr/lib/gcc/x86_64-redhat-linux/7/crtbegin.o -L/opt/rh/devtoolset-7/root/usr/lib/gcc/x86_64-redhat-linux/7 -L/opt/rh/devtoolset-7/root/usr/lib/gcc/x86_64-redhat-linux/7/../../../../lib64 -L/lib/../lib64 -L/usr/lib/../lib64 -L/opt/rh/devtoolset-7/root/usr/lib/gcc/x86_64-redhat-linux/7/../../.. -L/datausers/ioit/thaontp/diepht/clang+llvm-12.0.1-x86_64-linux-gnu-ubuntu-/bin/../lib -L/lib -L/usr/lib -L/opt/apps/intel/compilers_and_libraries_2017.7.259/linux/ipp/lib/intel64 -L/opt/apps/intel/compilers_and_libraries_2017.7.259/linux/compiler/lib/intel64_lin -L/opt/apps/intel/compilers_and_libraries_2017.7.259/linux/mkl/lib/intel64_lin -L/opt/apps/intel/compilers_and_libraries_2017.7.259/linux/tbb/lib/intel64/gcc4.7 -L/opt/apps/intel/compilers_and_libraries_2017.7.259/linux/daal/lib/intel64_lin -L/opt/apps/intel/compilers_and_libraries_2017.7.259/linux/ipp/lib/intel64 -L/opt/apps/intel/compilers_and_libraries_2017.7.259/linux/compiler/lib/intel64_lin -L/opt/apps/intel/compilers_and_libraries_2017.7.259/linux/mkl/lib/intel64_lin -L/opt/apps/intel/compilers_and_libraries_2017.7.259/linux/tbb/lib/intel64/gcc4.7 -L/opt/apps/intel/compilers_and_libraries_2017.7.259/linux/daal/lib/intel64_lin -L/opt/apps/intel/compilers_and_libraries_2017.7.259/linux/ipp/lib/intel64 -L/opt/apps/intel/compilers_and_libraries_2017.7.259/linux/compiler/lib/intel64_lin -L/opt/apps/intel/compilers_and_libraries_2017.7.259/linux/mkl/lib/intel64_lin -L/opt/apps/intel/compilers_and_libraries_2017.7.259/linux/tbb/lib/intel64/gcc4.7 -L/opt/apps/intel/compilers_and_libraries_2017.7.259/linux/daal/lib/intel64_lin -L/opt/apps/intel/compilers_and_libraries_2017.7.259/linux/daal/../tbb/lib/intel64_lin/gcc4.4 CMakeFiles/cmTC_25a1f.dir/CMakeCCompilerABI.c.o -lgcc --as-needed -lgcc_s --no-as-needed -lc -lgcc --as-needed -lgcc_s --no-as-needed /opt/rh/devtoolset-7/root/usr/lib/gcc/x86_64-redhat-linux/7/crtend.o /lib/../lib64/crtn.o]
    arg [/opt/rh/devtoolset-7/root/usr/lib/gcc/x86_64-redhat-linux/7/../../../../bin/ld] ==> ignore
    arg [-export-dynamic] ==> ignore
    arg [--hash-style=gnu] ==> ignore
    arg [--eh-frame-hdr] ==> ignore
    arg [-m] ==> ignore
    arg [elf_x86_64] ==> ignore
    arg [-export-dynamic] ==> ignore
    arg [-dynamic-linker] ==> ignore
    arg [/lib64/ld-linux-x86-64.so.2] ==> ignore
    arg [-o] ==> ignore
    arg [cmTC_25a1f] ==> ignore
    arg [/lib/../lib64/crt1.o] ==> obj [/lib/../lib64/crt1.o]
    arg [/lib/../lib64/crti.o] ==> obj [/lib/../lib64/crti.o]
    arg [/opt/rh/devtoolset-7/root/usr/lib/gcc/x86_64-redhat-linux/7/crtbegin.o] ==> obj [/opt/rh/devtoolset-7/root/usr/lib/gcc/x86_64-redhat-linux/7/crtbegin.o]
    arg [-L/opt/rh/devtoolset-7/root/usr/lib/gcc/x86_64-redhat-linux/7] ==> dir [/opt/rh/devtoolset-7/root/usr/lib/gcc/x86_64-redhat-linux/7]
    arg [-L/opt/rh/devtoolset-7/root/usr/lib/gcc/x86_64-redhat-linux/7/../../../../lib64] ==> dir [/opt/rh/devtoolset-7/root/usr/lib/gcc/x86_64-redhat-linux/7/../../../../lib64]
    arg [-L/lib/../lib64] ==> dir [/lib/../lib64]
    arg [-L/usr/lib/../lib64] ==> dir [/usr/lib/../lib64]
    arg [-L/opt/rh/devtoolset-7/root/usr/lib/gcc/x86_64-redhat-linux/7/../../..] ==> dir [/opt/rh/devtoolset-7/root/usr/lib/gcc/x86_64-redhat-linux/7/../../..]
    arg [-L/datausers/ioit/thaontp/diepht/clang+llvm-12.0.1-x86_64-linux-gnu-ubuntu-/bin/../lib] ==> dir [/datausers/ioit/thaontp/diepht/clang+llvm-12.0.1-x86_64-linux-gnu-ubuntu-/bin/../lib]
    arg [-L/lib] ==> dir [/lib]
    arg [-L/usr/lib] ==> dir [/usr/lib]
    arg [-L/opt/apps/intel/compilers_and_libraries_2017.7.259/linux/ipp/lib/intel64] ==> dir [/opt/apps/intel/compilers_and_libraries_2017.7.259/linux/ipp/lib/intel64]
    arg [-L/opt/apps/intel/compilers_and_libraries_2017.7.259/linux/compiler/lib/intel64_lin] ==> dir [/opt/apps/intel/compilers_and_libraries_2017.7.259/linux/compiler/lib/intel64_lin]
    arg [-L/opt/apps/intel/compilers_and_libraries_2017.7.259/linux/mkl/lib/intel64_lin] ==> dir [/opt/apps/intel/compilers_and_libraries_2017.7.259/linux/mkl/lib/intel64_lin]
    arg [-L/opt/apps/intel/compilers_and_libraries_2017.7.259/linux/tbb/lib/intel64/gcc4.7] ==> dir [/opt/apps/intel/compilers_and_libraries_2017.7.259/linux/tbb/lib/intel64/gcc4.7]
    arg [-L/opt/apps/intel/compilers_and_libraries_2017.7.259/linux/daal/lib/intel64_lin] ==> dir [/opt/apps/intel/compilers_and_libraries_2017.7.259/linux/daal/lib/intel64_lin]
    arg [-L/opt/apps/intel/compilers_and_libraries_2017.7.259/linux/ipp/lib/intel64] ==> dir [/opt/apps/intel/compilers_and_libraries_2017.7.259/linux/ipp/lib/intel64]
    arg [-L/opt/apps/intel/compilers_and_libraries_2017.7.259/linux/compiler/lib/intel64_lin] ==> dir [/opt/apps/intel/compilers_and_libraries_2017.7.259/linux/compiler/lib/intel64_lin]
    arg [-L/opt/apps/intel/compilers_and_libraries_2017.7.259/linux/mkl/lib/intel64_lin] ==> dir [/opt/apps/intel/compilers_and_libraries_2017.7.259/linux/mkl/lib/intel64_lin]
    arg [-L/opt/apps/intel/compilers_and_libraries_2017.7.259/linux/tbb/lib/intel64/gcc4.7] ==> dir [/opt/apps/intel/compilers_and_libraries_2017.7.259/linux/tbb/lib/intel64/gcc4.7]
    arg [-L/opt/apps/intel/compilers_and_libraries_2017.7.259/linux/daal/lib/intel64_lin] ==> dir [/opt/apps/intel/compilers_and_libraries_2017.7.259/linux/daal/lib/intel64_lin]
    arg [-L/opt/apps/intel/compilers_and_libraries_2017.7.259/linux/ipp/lib/intel64] ==> dir [/opt/apps/intel/compilers_and_libraries_2017.7.259/linux/ipp/lib/intel64]
    arg [-L/opt/apps/intel/compilers_and_libraries_2017.7.259/linux/compiler/lib/intel64_lin] ==> dir [/opt/apps/intel/compilers_and_libraries_2017.7.259/linux/compiler/lib/intel64_lin]
    arg [-L/opt/apps/intel/compilers_and_libraries_2017.7.259/linux/mkl/lib/intel64_lin] ==> dir [/opt/apps/intel/compilers_and_libraries_2017.7.259/linux/mkl/lib/intel64_lin]
    arg [-L/opt/apps/intel/compilers_and_libraries_2017.7.259/linux/tbb/lib/intel64/gcc4.7] ==> dir [/opt/apps/intel/compilers_and_libraries_2017.7.259/linux/tbb/lib/intel64/gcc4.7]
    arg [-L/opt/apps/intel/compilers_and_libraries_2017.7.259/linux/daal/lib/intel64_lin] ==> dir [/opt/apps/intel/compilers_and_libraries_2017.7.259/linux/daal/lib/intel64_lin]
    arg [-L/opt/apps/intel/compilers_and_libraries_2017.7.259/linux/daal/../tbb/lib/intel64_lin/gcc4.4] ==> dir [/opt/apps/intel/compilers_and_libraries_2017.7.259/linux/daal/../tbb/lib/intel64_lin/gcc4.4]
    arg [CMakeFiles/cmTC_25a1f.dir/CMakeCCompilerABI.c.o] ==> ignore
    arg [-lgcc] ==> lib [gcc]
    arg [--as-needed] ==> ignore
    arg [-lgcc_s] ==> lib [gcc_s]
    arg [--no-as-needed] ==> ignore
    arg [-lc] ==> lib [c]
    arg [-lgcc] ==> lib [gcc]
    arg [--as-needed] ==> ignore
    arg [-lgcc_s] ==> lib [gcc_s]
    arg [--no-as-needed] ==> ignore
    arg [/opt/rh/devtoolset-7/root/usr/lib/gcc/x86_64-redhat-linux/7/crtend.o] ==> obj [/opt/rh/devtoolset-7/root/usr/lib/gcc/x86_64-redhat-linux/7/crtend.o]
    arg [/lib/../lib64/crtn.o] ==> obj [/lib/../lib64/crtn.o]
  collapse obj [/lib/../lib64/crt1.o] ==> [/lib64/crt1.o]
  collapse obj [/lib/../lib64/crti.o] ==> [/lib64/crti.o]
  collapse obj [/lib/../lib64/crtn.o] ==> [/lib64/crtn.o]
  collapse library dir [/opt/rh/devtoolset-7/root/usr/lib/gcc/x86_64-redhat-linux/7] ==> [/opt/rh/devtoolset-7/root/usr/lib/gcc/x86_64-redhat-linux/7]
  collapse library dir [/opt/rh/devtoolset-7/root/usr/lib/gcc/x86_64-redhat-linux/7/../../../../lib64] ==> [/opt/rh/devtoolset-7/root/usr/lib64]
  collapse library dir [/lib/../lib64] ==> [/lib64]
  collapse library dir [/usr/lib/../lib64] ==> [/usr/lib64]
  collapse library dir [/opt/rh/devtoolset-7/root/usr/lib/gcc/x86_64-redhat-linux/7/../../..] ==> [/opt/rh/devtoolset-7/root/usr/lib]
  collapse library dir [/datausers/ioit/thaontp/diepht/clang+llvm-12.0.1-x86_64-linux-gnu-ubuntu-/bin/../lib] ==> [/datausers/ioit/thaontp/diepht/clang+llvm-12.0.1-x86_64-linux-gnu-ubuntu-/lib]
  collapse library dir [/lib] ==> [/lib]
  collapse library dir [/usr/lib] ==> [/usr/lib]
  collapse library dir [/opt/apps/intel/compilers_and_libraries_2017.7.259/linux/ipp/lib/intel64] ==> [/opt/apps/intel/compilers_and_libraries_2017.7.259/linux/ipp/lib/intel64]
  collapse library dir [/opt/apps/intel/compilers_and_libraries_2017.7.259/linux/compiler/lib/intel64_lin] ==> [/opt/apps/intel/compilers_and_libraries_2017.7.259/linux/compiler/lib/intel64_lin]
  collapse library dir [/opt/apps/intel/compilers_and_libraries_2017.7.259/linux/mkl/lib/intel64_lin] ==> [/opt/apps/intel/compilers_and_libraries_2017.7.259/linux/mkl/lib/intel64_lin]
  collapse library dir [/opt/apps/intel/compilers_and_libraries_2017.7.259/linux/tbb/lib/intel64/gcc4.7] ==> [/opt/apps/intel/compilers_and_libraries_2017.7.259/linux/tbb/lib/intel64/gcc4.7]
  collapse library dir [/opt/apps/intel/compilers_and_libraries_2017.7.259/linux/daal/lib/intel64_lin] ==> [/opt/apps/intel/compilers_and_libraries_2017.7.259/linux/daal/lib/intel64_lin]
  collapse library dir [/opt/apps/intel/compilers_and_libraries_2017.7.259/linux/ipp/lib/intel64] ==> [/opt/apps/intel/compilers_and_libraries_2017.7.259/linux/ipp/lib/intel64]
  collapse library dir [/opt/apps/intel/compilers_and_libraries_2017.7.259/linux/compiler/lib/intel64_lin] ==> [/opt/apps/intel/compilers_and_libraries_2017.7.259/linux/compiler/lib/intel64_lin]
  collapse library dir [/opt/apps/intel/compilers_and_libraries_2017.7.259/linux/mkl/lib/intel64_lin] ==> [/opt/apps/intel/compilers_and_libraries_2017.7.259/linux/mkl/lib/intel64_lin]
  collapse library dir [/opt/apps/intel/compilers_and_libraries_2017.7.259/linux/tbb/lib/intel64/gcc4.7] ==> [/opt/apps/intel/compilers_and_libraries_2017.7.259/linux/tbb/lib/intel64/gcc4.7]
  collapse library dir [/opt/apps/intel/compilers_and_libraries_2017.7.259/linux/daal/lib/intel64_lin] ==> [/opt/apps/intel/compilers_and_libraries_2017.7.259/linux/daal/lib/intel64_lin]
  collapse library dir [/opt/apps/intel/compilers_and_libraries_2017.7.259/linux/ipp/lib/intel64] ==> [/opt/apps/intel/compilers_and_libraries_2017.7.259/linux/ipp/lib/intel64]
  collapse library dir [/opt/apps/intel/compilers_and_libraries_2017.7.259/linux/compiler/lib/intel64_lin] ==> [/opt/apps/intel/compilers_and_libraries_2017.7.259/linux/compiler/lib/intel64_lin]
  collapse library dir [/opt/apps/intel/compilers_and_libraries_2017.7.259/linux/mkl/lib/intel64_lin] ==> [/opt/apps/intel/compilers_and_libraries_2017.7.259/linux/mkl/lib/intel64_lin]
  collapse library dir [/opt/apps/intel/compilers_and_libraries_2017.7.259/linux/tbb/lib/intel64/gcc4.7] ==> [/opt/apps/intel/compilers_and_libraries_2017.7.259/linux/tbb/lib/intel64/gcc4.7]
  collapse library dir [/opt/apps/intel/compilers_and_libraries_2017.7.259/linux/daal/lib/intel64_lin] ==> [/opt/apps/intel/compilers_and_libraries_2017.7.259/linux/daal/lib/intel64_lin]
  collapse library dir [/opt/apps/intel/compilers_and_libraries_2017.7.259/linux/daal/../tbb/lib/intel64_lin/gcc4.4] ==> [/opt/apps/intel/compilers_and_libraries_2017.7.259/linux/tbb/lib/intel64_lin/gcc4.4]
  implicit libs: [gcc;gcc_s;c;gcc;gcc_s]
  implicit objs: [/lib64/crt1.o;/lib64/crti.o;/opt/rh/devtoolset-7/root/usr/lib/gcc/x86_64-redhat-linux/7/crtbegin.o;/opt/rh/devtoolset-7/root/usr/lib/gcc/x86_64-redhat-linux/7/crtend.o;/lib64/crtn.o]
  implicit dirs: [/opt/rh/devtoolset-7/root/usr/lib/gcc/x86_64-redhat-linux/7;/opt/rh/devtoolset-7/root/usr/lib64;/lib64;/usr/lib64;/opt/rh/devtoolset-7/root/usr/lib;/datausers/ioit/thaontp/diepht/clang+llvm-12.0.1-x86_64-linux-gnu-ubuntu-/lib;/lib;/usr/lib;/opt/apps/intel/compilers_and_libraries_2017.7.259/linux/ipp/lib/intel64;/opt/apps/intel/compilers_and_libraries_2017.7.259/linux/compiler/lib/intel64_lin;/opt/apps/intel/compilers_and_libraries_2017.7.259/linux/mkl/lib/intel64_lin;/opt/apps/intel/compilers_and_libraries_2017.7.259/linux/tbb/lib/intel64/gcc4.7;/opt/apps/intel/compilers_and_libraries_2017.7.259/linux/daal/lib/intel64_lin;/opt/apps/intel/compilers_and_libraries_2017.7.259/linux/tbb/lib/intel64_lin/gcc4.4]
  implicit fwks: []


Detecting CXX compiler ABI info compiled with the following output:
Change Dir: /datausers/ioit/thaontp/diepht/my-mpboot/build/CMakeFiles/CMakeTmp

Run Build Command(s):/usr/bin/gmake -f Makefile cmTC_f77b0/fast && /usr/bin/gmake  -f CMakeFiles/cmTC_f77b0.dir/build.make CMakeFiles/cmTC_f77b0.dir/build
gmake[1]: Entering directory `/datausers/ioit/thaontp/diepht/my-mpboot/build/CMakeFiles/CMakeTmp'
Building CXX object CMakeFiles/cmTC_f77b0.dir/CMakeCXXCompilerABI.cpp.o
/datausers/ioit/thaontp/diepht/clang+llvm-12.0.1-x86_64-linux-gnu-ubuntu-/bin/clang++   -v -MD -MT CMakeFiles/cmTC_f77b0.dir/CMakeCXXCompilerABI.cpp.o -MF CMakeFiles/cmTC_f77b0.dir/CMakeCXXCompilerABI.cpp.o.d -o CMakeFiles/cmTC_f77b0.dir/CMakeCXXCompilerABI.cpp.o -c /opt/apps/cmake/3.20.2/share/cmake-3.20/Modules/CMakeCXXCompilerABI.cpp
clang version 12.0.1
Target: x86_64-unknown-linux-gnu
Thread model: posix
InstalledDir: /datausers/ioit/thaontp/diepht/clang+llvm-12.0.1-x86_64-linux-gnu-ubuntu-/bin
Found candidate GCC installation: /opt/rh/devtoolset-7/root/usr/lib/gcc/x86_64-redhat-linux/7
Found candidate GCC installation: /usr/lib/gcc/x86_64-redhat-linux/4.8.2
Found candidate GCC installation: /usr/lib/gcc/x86_64-redhat-linux/4.8.5
Selected GCC installation: /opt/rh/devtoolset-7/root/usr/lib/gcc/x86_64-redhat-linux/7
Candidate multilib: .;@m64
Candidate multilib: 32;@m32
Selected multilib: .;@m64
Found CUDA installation: /usr/local/cuda-11.3, version 11.0
 (in-process)
 "/datausers/ioit/thaontp/diepht/clang+llvm-12.0.1-x86_64-linux-gnu-ubuntu-/bin/clang-12" -cc1 -triple x86_64-unknown-linux-gnu -emit-obj -mrelax-all --mrelax-relocations -disable-free -disable-llvm-verifier -discard-value-names -main-file-name CMakeCXXCompilerABI.cpp -mrelocation-model static -mframe-pointer=all -fmath-errno -fno-rounding-math -mconstructor-aliases -munwind-tables -target-cpu x86-64 -tune-cpu generic -fno-split-dwarf-inlining -debugger-tuning=gdb -v -resource-dir /datausers/ioit/thaontp/diepht/clang+llvm-12.0.1-x86_64-linux-gnu-ubuntu-/lib/clang/12.0.1 -dependency-file CMakeFiles/cmTC_f77b0.dir/CMakeCXXCompilerABI.cpp.o.d -MT CMakeFiles/cmTC_f77b0.dir/CMakeCXXCompilerABI.cpp.o -sys-header-deps -I/opt/apps/intel/compilers_and_libraries_2017.7.259/linux/ipp/include -I/opt/apps/intel/compilers_and_libraries_2017.7.259/linux/mkl/include -I/opt/apps/intel/compilers_and_libraries_2017.7.259/linux/tbb/include -I/opt/apps/intel/compilers_and_libraries_2017.7.259/linux/daal/include -I/opt/apps/intel/compilers_and_libraries_2017.7.259/linux/ipp/include -I/opt/apps/intel/compilers_and_libraries_2017.7.259/linux/mkl/include -I/opt/apps/intel/compilers_and_libraries_2017.7.259/linux/tbb/include -I/opt/apps/intel/compilers_and_libraries_2017.7.259/linux/daal/include -I/opt/apps/intel/compilers_and_libraries_2017.7.259/linux/ipp/include -I/opt/apps/intel/compilers_and_libraries_2017.7.259/linux/mkl/include -I/opt/apps/intel/compilers_and_libraries_2017.7.259/linux/tbb/include -I/opt/apps/intel/compilers_and_libraries_2017.7.259/linux/daal/include -internal-isystem /opt/rh/devtoolset-7/root/usr/lib/gcc/x86_64-redhat-linux/7/../../../../include/c++/7 -internal-isystem /opt/rh/devtoolset-7/root/usr/lib/gcc/x86_64-redhat-linux/7/../../../../include/c++/7/x86_64-redhat-linux -internal-isystem /opt/rh/devtoolset-7/root/usr/lib/gcc/x86_64-redhat-linux/7/../../../../include/c++/7/backward -internal-isystem /usr/local/include -internal-isystem /datausers/ioit/thaontp/diepht/clang+llvm-12.0.1-x86_64-linux-gnu-ubuntu-/lib/clang/12.0.1/include -internal-externc-isystem /include -internal-externc-isystem /usr/include -fdeprecated-macro -fdebug-compilation-dir /datausers/ioit/thaontp/diepht/my-mpboot/build/CMakeFiles/CMakeTmp -ferror-limit 19 -fgnuc-version=4.2.1 -fcxx-exceptions -fexceptions -faddrsig -o CMakeFiles/cmTC_f77b0.dir/CMakeCXXCompilerABI.cpp.o -x c++ /opt/apps/cmake/3.20.2/share/cmake-3.20/Modules/CMakeCXXCompilerABI.cpp
clang -cc1 version 12.0.1 based upon LLVM 12.0.1 default target x86_64-unknown-linux-gnu
ignoring nonexistent directory "/include"
ignoring duplicate directory "/opt/apps/intel/compilers_and_libraries_2017.7.259/linux/ipp/include"
ignoring duplicate directory "/opt/apps/intel/compilers_and_libraries_2017.7.259/linux/mkl/include"
ignoring duplicate directory "/opt/apps/intel/compilers_and_libraries_2017.7.259/linux/tbb/include"
ignoring duplicate directory "/opt/apps/intel/compilers_and_libraries_2017.7.259/linux/daal/include"
ignoring duplicate directory "/opt/apps/intel/compilers_and_libraries_2017.7.259/linux/ipp/include"
ignoring duplicate directory "/opt/apps/intel/compilers_and_libraries_2017.7.259/linux/mkl/include"
ignoring duplicate directory "/opt/apps/intel/compilers_and_libraries_2017.7.259/linux/tbb/include"
ignoring duplicate directory "/opt/apps/intel/compilers_and_libraries_2017.7.259/linux/daal/include"
#include "..." search starts here:
#include <...> search starts here:
 /opt/apps/intel/compilers_and_libraries_2017.7.259/linux/ipp/include
 /opt/apps/intel/compilers_and_libraries_2017.7.259/linux/mkl/include
 /opt/apps/intel/compilers_and_libraries_2017.7.259/linux/tbb/include
 /opt/apps/intel/compilers_and_libraries_2017.7.259/linux/daal/include
 /opt/rh/devtoolset-7/root/usr/lib/gcc/x86_64-redhat-linux/7/../../../../include/c++/7
 /opt/rh/devtoolset-7/root/usr/lib/gcc/x86_64-redhat-linux/7/../../../../include/c++/7/x86_64-redhat-linux
 /opt/rh/devtoolset-7/root/usr/lib/gcc/x86_64-redhat-linux/7/../../../../include/c++/7/backward
 /usr/local/include
 /datausers/ioit/thaontp/diepht/clang+llvm-12.0.1-x86_64-linux-gnu-ubuntu-/lib/clang/12.0.1/include
 /usr/include
End of search list.
Linking CXX executable cmTC_f77b0
/opt/apps/cmake/3.20.2/bin/cmake -E cmake_link_script CMakeFiles/cmTC_f77b0.dir/link.txt --verbose=1
/datausers/ioit/thaontp/diepht/clang+llvm-12.0.1-x86_64-linux-gnu-ubuntu-/bin/clang++  -v -rdynamic CMakeFiles/cmTC_f77b0.dir/CMakeCXXCompilerABI.cpp.o -o cmTC_f77b0 
clang version 12.0.1
Target: x86_64-unknown-linux-gnu
Thread model: posix
InstalledDir: /datausers/ioit/thaontp/diepht/clang+llvm-12.0.1-x86_64-linux-gnu-ubuntu-/bin
Found candidate GCC installation: /opt/rh/devtoolset-7/root/usr/lib/gcc/x86_64-redhat-linux/7
Found candidate GCC installation: /usr/lib/gcc/x86_64-redhat-linux/4.8.2
Found candidate GCC installation: /usr/lib/gcc/x86_64-redhat-linux/4.8.5
Selected GCC installation: /opt/rh/devtoolset-7/root/usr/lib/gcc/x86_64-redhat-linux/7
Candidate multilib: .;@m64
Candidate multilib: 32;@m32
Selected multilib: .;@m64
Found CUDA installation: /usr/local/cuda-11.3, version 11.0
 "/opt/rh/devtoolset-7/root/usr/lib/gcc/x86_64-redhat-linux/7/../../../../bin/ld" -export-dynamic --hash-style=gnu --eh-frame-hdr -m elf_x86_64 -export-dynamic -dynamic-linker /lib64/ld-linux-x86-64.so.2 -o cmTC_f77b0 /lib/../lib64/crt1.o /lib/../lib64/crti.o /opt/rh/devtoolset-7/root/usr/lib/gcc/x86_64-redhat-linux/7/crtbegin.o -L/opt/rh/devtoolset-7/root/usr/lib/gcc/x86_64-redhat-linux/7 -L/opt/rh/devtoolset-7/root/usr/lib/gcc/x86_64-redhat-linux/7/../../../../lib64 -L/lib/../lib64 -L/usr/lib/../lib64 -L/opt/rh/devtoolset-7/root/usr/lib/gcc/x86_64-redhat-linux/7/../../.. -L/datausers/ioit/thaontp/diepht/clang+llvm-12.0.1-x86_64-linux-gnu-ubuntu-/bin/../lib -L/lib -L/usr/lib -L/opt/apps/intel/compilers_and_libraries_2017.7.259/linux/ipp/lib/intel64 -L/opt/apps/intel/compilers_and_libraries_2017.7.259/linux/compiler/lib/intel64_lin -L/opt/apps/intel/compilers_and_libraries_2017.7.259/linux/mkl/lib/intel64_lin -L/opt/apps/intel/compilers_and_libraries_2017.7.259/linux/tbb/lib/intel64/gcc4.7 -L/opt/apps/intel/compilers_and_libraries_2017.7.259/linux/daal/lib/intel64_lin -L/opt/apps/intel/compilers_and_libraries_2017.7.259/linux/ipp/lib/intel64 -L/opt/apps/intel/compilers_and_libraries_2017.7.259/linux/compiler/lib/intel64_lin -L/opt/apps/intel/compilers_and_libraries_2017.7.259/linux/mkl/lib/intel64_lin -L/opt/apps/intel/compilers_and_libraries_2017.7.259/linux/tbb/lib/intel64/gcc4.7 -L/opt/apps/intel/compilers_and_libraries_2017.7.259/linux/daal/lib/intel64_lin -L/opt/apps/intel/compilers_and_libraries_2017.7.259/linux/ipp/lib/intel64 -L/opt/apps/intel/compilers_and_libraries_2017.7.259/linux/compiler/lib/intel64_lin -L/opt/apps/intel/compilers_and_libraries_2017.7.259/linux/mkl/lib/intel64_lin -L/opt/apps/intel/compilers_and_libraries_2017.7.259/linux/tbb/lib/intel64/gcc4.7 -L/opt/apps/intel/compilers_and_libraries_2017.7.259/linux/daal/lib/intel64_lin -L/opt/apps/intel/compilers_and_libraries_2017.7.259/linux/daal/../tbb/lib/intel64_lin/gcc4.4 CMakeFiles/cmTC_f77b0.dir/CMakeCXXCompilerABI.cpp.o -lstdc++ -lm -lgcc_s -lgcc -lc -lgcc_s -lgcc /opt/rh/devtoolset-7/root/usr/lib/gcc/x86_64-redhat-linux/7/crtend.o /lib/../lib64/crtn.o
gmake[1]: Leaving directory `/datausers/ioit/thaontp/diepht/my-mpboot/build/CMakeFiles/CMakeTmp'



Parsed CXX implicit include dir info from above output: rv=done
  found start of include info
  found start of implicit include info
    add: [/opt/apps/intel/compilers_and_libraries_2017.7.259/linux/ipp/include]
    add: [/opt/apps/intel/compilers_and_libraries_2017.7.259/linux/mkl/include]
    add: [/opt/apps/intel/compilers_and_libraries_2017.7.259/linux/tbb/include]
    add: [/opt/apps/intel/compilers_and_libraries_2017.7.259/linux/daal/include]
    add: [/opt/rh/devtoolset-7/root/usr/lib/gcc/x86_64-redhat-linux/7/../../../../include/c++/7]
    add: [/opt/rh/devtoolset-7/root/usr/lib/gcc/x86_64-redhat-linux/7/../../../../include/c++/7/x86_64-redhat-linux]
    add: [/opt/rh/devtoolset-7/root/usr/lib/gcc/x86_64-redhat-linux/7/../../../../include/c++/7/backward]
    add: [/usr/local/include]
    add: [/datausers/ioit/thaontp/diepht/clang+llvm-12.0.1-x86_64-linux-gnu-ubuntu-/lib/clang/12.0.1/include]
    add: [/usr/include]
  end of search list found
  collapse include dir [/opt/apps/intel/compilers_and_libraries_2017.7.259/linux/ipp/include] ==> [/opt/apps/intel/compilers_and_libraries_2017.7.259/linux/ipp/include]
  collapse include dir [/opt/apps/intel/compilers_and_libraries_2017.7.259/linux/mkl/include] ==> [/opt/apps/intel/compilers_and_libraries_2017.7.259/linux/mkl/include]
  collapse include dir [/opt/apps/intel/compilers_and_libraries_2017.7.259/linux/tbb/include] ==> [/opt/apps/intel/compilers_and_libraries_2017.7.259/linux/tbb/include]
  collapse include dir [/opt/apps/intel/compilers_and_libraries_2017.7.259/linux/daal/include] ==> [/opt/apps/intel/compilers_and_libraries_2017.7.259/linux/daal/include]
  collapse include dir [/opt/rh/devtoolset-7/root/usr/lib/gcc/x86_64-redhat-linux/7/../../../../include/c++/7] ==> [/opt/rh/devtoolset-7/root/usr/include/c++/7]
  collapse include dir [/opt/rh/devtoolset-7/root/usr/lib/gcc/x86_64-redhat-linux/7/../../../../include/c++/7/x86_64-redhat-linux] ==> [/opt/rh/devtoolset-7/root/usr/include/c++/7/x86_64-redhat-linux]
  collapse include dir [/opt/rh/devtoolset-7/root/usr/lib/gcc/x86_64-redhat-linux/7/../../../../include/c++/7/backward] ==> [/opt/rh/devtoolset-7/root/usr/include/c++/7/backward]
  collapse include dir [/usr/local/include] ==> [/usr/local/include]
  collapse include dir [/datausers/ioit/thaontp/diepht/clang+llvm-12.0.1-x86_64-linux-gnu-ubuntu-/lib/clang/12.0.1/include] ==> [/datausers/ioit/thaontp/diepht/clang+llvm-12.0.1-x86_64-linux-gnu-ubuntu-/lib/clang/12.0.1/include]
  collapse include dir [/usr/include] ==> [/usr/include]
  implicit include dirs: [/opt/apps/intel/compilers_and_libraries_2017.7.259/linux/ipp/include;/opt/apps/intel/compilers_and_libraries_2017.7.259/linux/mkl/include;/opt/apps/intel/compilers_and_libraries_2017.7.259/linux/tbb/include;/opt/apps/intel/compilers_and_libraries_2017.7.259/linux/daal/include;/opt/rh/devtoolset-7/root/usr/include/c++/7;/opt/rh/devtoolset-7/root/usr/include/c++/7/x86_64-redhat-linux;/opt/rh/devtoolset-7/root/usr/include/c++/7/backward;/usr/local/include;/datausers/ioit/thaontp/diepht/clang+llvm-12.0.1-x86_64-linux-gnu-ubuntu-/lib/clang/12.0.1/include;/usr/include]


Parsed CXX implicit link information from above output:
  link line regex: [^( *|.*[/\])(ld|CMAKE_LINK_STARTFILE-NOTFOUND|([^/\]+-)?ld|collect2)[^/\]*( |$)]
  ignore line: [Change Dir: /datausers/ioit/thaontp/diepht/my-mpboot/build/CMakeFiles/CMakeTmp]
  ignore line: []
  ignore line: [Run Build Command(s):/usr/bin/gmake -f Makefile cmTC_f77b0/fast && /usr/bin/gmake  -f CMakeFiles/cmTC_f77b0.dir/build.make CMakeFiles/cmTC_f77b0.dir/build]
  ignore line: [gmake[1]: Entering directory `/datausers/ioit/thaontp/diepht/my-mpboot/build/CMakeFiles/CMakeTmp']
  ignore line: [Building CXX object CMakeFiles/cmTC_f77b0.dir/CMakeCXXCompilerABI.cpp.o]
  ignore line: [/datausers/ioit/thaontp/diepht/clang+llvm-12.0.1-x86_64-linux-gnu-ubuntu-/bin/clang++   -v -MD -MT CMakeFiles/cmTC_f77b0.dir/CMakeCXXCompilerABI.cpp.o -MF CMakeFiles/cmTC_f77b0.dir/CMakeCXXCompilerABI.cpp.o.d -o CMakeFiles/cmTC_f77b0.dir/CMakeCXXCompilerABI.cpp.o -c /opt/apps/cmake/3.20.2/share/cmake-3.20/Modules/CMakeCXXCompilerABI.cpp]
  ignore line: [clang version 12.0.1]
  ignore line: [Target: x86_64-unknown-linux-gnu]
  ignore line: [Thread model: posix]
  ignore line: [InstalledDir: /datausers/ioit/thaontp/diepht/clang+llvm-12.0.1-x86_64-linux-gnu-ubuntu-/bin]
  ignore line: [Found candidate GCC installation: /opt/rh/devtoolset-7/root/usr/lib/gcc/x86_64-redhat-linux/7]
  ignore line: [Found candidate GCC installation: /usr/lib/gcc/x86_64-redhat-linux/4.8.2]
  ignore line: [Found candidate GCC installation: /usr/lib/gcc/x86_64-redhat-linux/4.8.5]
  ignore line: [Selected GCC installation: /opt/rh/devtoolset-7/root/usr/lib/gcc/x86_64-redhat-linux/7]
  ignore line: [Candidate multilib: .]
  ignore line: [@m64]
  ignore line: [Candidate multilib: 32]
  ignore line: [@m32]
  ignore line: [Selected multilib: .]
  ignore line: [@m64]
  ignore line: [Found CUDA installation: /usr/local/cuda-11.3  version 11.0]
  ignore line: [ (in-process)]
  ignore line: [ "/datausers/ioit/thaontp/diepht/clang+llvm-12.0.1-x86_64-linux-gnu-ubuntu-/bin/clang-12" -cc1 -triple x86_64-unknown-linux-gnu -emit-obj -mrelax-all --mrelax-relocations -disable-free -disable-llvm-verifier -discard-value-names -main-file-name CMakeCXXCompilerABI.cpp -mrelocation-model static -mframe-pointer=all -fmath-errno -fno-rounding-math -mconstructor-aliases -munwind-tables -target-cpu x86-64 -tune-cpu generic -fno-split-dwarf-inlining -debugger-tuning=gdb -v -resource-dir /datausers/ioit/thaontp/diepht/clang+llvm-12.0.1-x86_64-linux-gnu-ubuntu-/lib/clang/12.0.1 -dependency-file CMakeFiles/cmTC_f77b0.dir/CMakeCXXCompilerABI.cpp.o.d -MT CMakeFiles/cmTC_f77b0.dir/CMakeCXXCompilerABI.cpp.o -sys-header-deps -I/opt/apps/intel/compilers_and_libraries_2017.7.259/linux/ipp/include -I/opt/apps/intel/compilers_and_libraries_2017.7.259/linux/mkl/include -I/opt/apps/intel/compilers_and_libraries_2017.7.259/linux/tbb/include -I/opt/apps/intel/compilers_and_libraries_2017.7.259/linux/daal/include -I/opt/apps/intel/compilers_and_libraries_2017.7.259/linux/ipp/include -I/opt/apps/intel/compilers_and_libraries_2017.7.259/linux/mkl/include -I/opt/apps/intel/compilers_and_libraries_2017.7.259/linux/tbb/include -I/opt/apps/intel/compilers_and_libraries_2017.7.259/linux/daal/include -I/opt/apps/intel/compilers_and_libraries_2017.7.259/linux/ipp/include -I/opt/apps/intel/compilers_and_libraries_2017.7.259/linux/mkl/include -I/opt/apps/intel/compilers_and_libraries_2017.7.259/linux/tbb/include -I/opt/apps/intel/compilers_and_libraries_2017.7.259/linux/daal/include -internal-isystem /opt/rh/devtoolset-7/root/usr/lib/gcc/x86_64-redhat-linux/7/../../../../include/c++/7 -internal-isystem /opt/rh/devtoolset-7/root/usr/lib/gcc/x86_64-redhat-linux/7/../../../../include/c++/7/x86_64-redhat-linux -internal-isystem /opt/rh/devtoolset-7/root/usr/lib/gcc/x86_64-redhat-linux/7/../../../../include/c++/7/backward -internal-isystem /usr/local/include -internal-isystem /datausers/ioit/thaontp/diepht/clang+llvm-12.0.1-x86_64-linux-gnu-ubuntu-/lib/clang/12.0.1/include -internal-externc-isystem /include -internal-externc-isystem /usr/include -fdeprecated-macro -fdebug-compilation-dir /datausers/ioit/thaontp/diepht/my-mpboot/build/CMakeFiles/CMakeTmp -ferror-limit 19 -fgnuc-version=4.2.1 -fcxx-exceptions -fexceptions -faddrsig -o CMakeFiles/cmTC_f77b0.dir/CMakeCXXCompilerABI.cpp.o -x c++ /opt/apps/cmake/3.20.2/share/cmake-3.20/Modules/CMakeCXXCompilerABI.cpp]
  ignore line: [clang -cc1 version 12.0.1 based upon LLVM 12.0.1 default target x86_64-unknown-linux-gnu]
  ignore line: [ignoring nonexistent directory "/include"]
  ignore line: [ignoring duplicate directory "/opt/apps/intel/compilers_and_libraries_2017.7.259/linux/ipp/include"]
  ignore line: [ignoring duplicate directory "/opt/apps/intel/compilers_and_libraries_2017.7.259/linux/mkl/include"]
  ignore line: [ignoring duplicate directory "/opt/apps/intel/compilers_and_libraries_2017.7.259/linux/tbb/include"]
  ignore line: [ignoring duplicate directory "/opt/apps/intel/compilers_and_libraries_2017.7.259/linux/daal/include"]
  ignore line: [ignoring duplicate directory "/opt/apps/intel/compilers_and_libraries_2017.7.259/linux/ipp/include"]
  ignore line: [ignoring duplicate directory "/opt/apps/intel/compilers_and_libraries_2017.7.259/linux/mkl/include"]
  ignore line: [ignoring duplicate directory "/opt/apps/intel/compilers_and_libraries_2017.7.259/linux/tbb/include"]
  ignore line: [ignoring duplicate directory "/opt/apps/intel/compilers_and_libraries_2017.7.259/linux/daal/include"]
  ignore line: [#include "..." search starts here:]
  ignore line: [#include <...> search starts here:]
  ignore line: [ /opt/apps/intel/compilers_and_libraries_2017.7.259/linux/ipp/include]
  ignore line: [ /opt/apps/intel/compilers_and_libraries_2017.7.259/linux/mkl/include]
  ignore line: [ /opt/apps/intel/compilers_and_libraries_2017.7.259/linux/tbb/include]
  ignore line: [ /opt/apps/intel/compilers_and_libraries_2017.7.259/linux/daal/include]
  ignore line: [ /opt/rh/devtoolset-7/root/usr/lib/gcc/x86_64-redhat-linux/7/../../../../include/c++/7]
  ignore line: [ /opt/rh/devtoolset-7/root/usr/lib/gcc/x86_64-redhat-linux/7/../../../../include/c++/7/x86_64-redhat-linux]
  ignore line: [ /opt/rh/devtoolset-7/root/usr/lib/gcc/x86_64-redhat-linux/7/../../../../include/c++/7/backward]
  ignore line: [ /usr/local/include]
  ignore line: [ /datausers/ioit/thaontp/diepht/clang+llvm-12.0.1-x86_64-linux-gnu-ubuntu-/lib/clang/12.0.1/include]
  ignore line: [ /usr/include]
  ignore line: [End of search list.]
  ignore line: [Linking CXX executable cmTC_f77b0]
  ignore line: [/opt/apps/cmake/3.20.2/bin/cmake -E cmake_link_script CMakeFiles/cmTC_f77b0.dir/link.txt --verbose=1]
  ignore line: [/datausers/ioit/thaontp/diepht/clang+llvm-12.0.1-x86_64-linux-gnu-ubuntu-/bin/clang++  -v -rdynamic CMakeFiles/cmTC_f77b0.dir/CMakeCXXCompilerABI.cpp.o -o cmTC_f77b0 ]
  ignore line: [clang version 12.0.1]
  ignore line: [Target: x86_64-unknown-linux-gnu]
  ignore line: [Thread model: posix]
  ignore line: [InstalledDir: /datausers/ioit/thaontp/diepht/clang+llvm-12.0.1-x86_64-linux-gnu-ubuntu-/bin]
  ignore line: [Found candidate GCC installation: /opt/rh/devtoolset-7/root/usr/lib/gcc/x86_64-redhat-linux/7]
  ignore line: [Found candidate GCC installation: /usr/lib/gcc/x86_64-redhat-linux/4.8.2]
  ignore line: [Found candidate GCC installation: /usr/lib/gcc/x86_64-redhat-linux/4.8.5]
  ignore line: [Selected GCC installation: /opt/rh/devtoolset-7/root/usr/lib/gcc/x86_64-redhat-linux/7]
  ignore line: [Candidate multilib: .]
  ignore line: [@m64]
  ignore line: [Candidate multilib: 32]
  ignore line: [@m32]
  ignore line: [Selected multilib: .]
  ignore line: [@m64]
  ignore line: [Found CUDA installation: /usr/local/cuda-11.3  version 11.0]
  link line: [ "/opt/rh/devtoolset-7/root/usr/lib/gcc/x86_64-redhat-linux/7/../../../../bin/ld" -export-dynamic --hash-style=gnu --eh-frame-hdr -m elf_x86_64 -export-dynamic -dynamic-linker /lib64/ld-linux-x86-64.so.2 -o cmTC_f77b0 /lib/../lib64/crt1.o /lib/../lib64/crti.o /opt/rh/devtoolset-7/root/usr/lib/gcc/x86_64-redhat-linux/7/crtbegin.o -L/opt/rh/devtoolset-7/root/usr/lib/gcc/x86_64-redhat-linux/7 -L/opt/rh/devtoolset-7/root/usr/lib/gcc/x86_64-redhat-linux/7/../../../../lib64 -L/lib/../lib64 -L/usr/lib/../lib64 -L/opt/rh/devtoolset-7/root/usr/lib/gcc/x86_64-redhat-linux/7/../../.. -L/datausers/ioit/thaontp/diepht/clang+llvm-12.0.1-x86_64-linux-gnu-ubuntu-/bin/../lib -L/lib -L/usr/lib -L/opt/apps/intel/compilers_and_libraries_2017.7.259/linux/ipp/lib/intel64 -L/opt/apps/intel/compilers_and_libraries_2017.7.259/linux/compiler/lib/intel64_lin -L/opt/apps/intel/compilers_and_libraries_2017.7.259/linux/mkl/lib/intel64_lin -L/opt/apps/intel/compilers_and_libraries_2017.7.259/linux/tbb/lib/intel64/gcc4.7 -L/opt/apps/intel/compilers_and_libraries_2017.7.259/linux/daal/lib/intel64_lin -L/opt/apps/intel/compilers_and_libraries_2017.7.259/linux/ipp/lib/intel64 -L/opt/apps/intel/compilers_and_libraries_2017.7.259/linux/compiler/lib/intel64_lin -L/opt/apps/intel/compilers_and_libraries_2017.7.259/linux/mkl/lib/intel64_lin -L/opt/apps/intel/compilers_and_libraries_2017.7.259/linux/tbb/lib/intel64/gcc4.7 -L/opt/apps/intel/compilers_and_libraries_2017.7.259/linux/daal/lib/intel64_lin -L/opt/apps/intel/compilers_and_libraries_2017.7.259/linux/ipp/lib/intel64 -L/opt/apps/intel/compilers_and_libraries_2017.7.259/linux/compiler/lib/intel64_lin -L/opt/apps/intel/compilers_and_libraries_2017.7.259/linux/mkl/lib/intel64_lin -L/opt/apps/intel/compilers_and_libraries_2017.7.259/linux/tbb/lib/intel64/gcc4.7 -L/opt/apps/intel/compilers_and_libraries_2017.7.259/linux/daal/lib/intel64_lin -L/opt/apps/intel/compilers_and_libraries_2017.7.259/linux/daal/../tbb/lib/intel64_lin/gcc4.4 CMakeFiles/cmTC_f77b0.dir/CMakeCXXCompilerABI.cpp.o -lstdc++ -lm -lgcc_s -lgcc -lc -lgcc_s -lgcc /opt/rh/devtoolset-7/root/usr/lib/gcc/x86_64-redhat-linux/7/crtend.o /lib/../lib64/crtn.o]
    arg [/opt/rh/devtoolset-7/root/usr/lib/gcc/x86_64-redhat-linux/7/../../../../bin/ld] ==> ignore
    arg [-export-dynamic] ==> ignore
    arg [--hash-style=gnu] ==> ignore
    arg [--eh-frame-hdr] ==> ignore
    arg [-m] ==> ignore
    arg [elf_x86_64] ==> ignore
    arg [-export-dynamic] ==> ignore
    arg [-dynamic-linker] ==> ignore
    arg [/lib64/ld-linux-x86-64.so.2] ==> ignore
    arg [-o] ==> ignore
    arg [cmTC_f77b0] ==> ignore
    arg [/lib/../lib64/crt1.o] ==> obj [/lib/../lib64/crt1.o]
    arg [/lib/../lib64/crti.o] ==> obj [/lib/../lib64/crti.o]
    arg [/opt/rh/devtoolset-7/root/usr/lib/gcc/x86_64-redhat-linux/7/crtbegin.o] ==> obj [/opt/rh/devtoolset-7/root/usr/lib/gcc/x86_64-redhat-linux/7/crtbegin.o]
    arg [-L/opt/rh/devtoolset-7/root/usr/lib/gcc/x86_64-redhat-linux/7] ==> dir [/opt/rh/devtoolset-7/root/usr/lib/gcc/x86_64-redhat-linux/7]
    arg [-L/opt/rh/devtoolset-7/root/usr/lib/gcc/x86_64-redhat-linux/7/../../../../lib64] ==> dir [/opt/rh/devtoolset-7/root/usr/lib/gcc/x86_64-redhat-linux/7/../../../../lib64]
    arg [-L/lib/../lib64] ==> dir [/lib/../lib64]
    arg [-L/usr/lib/../lib64] ==> dir [/usr/lib/../lib64]
    arg [-L/opt/rh/devtoolset-7/root/usr/lib/gcc/x86_64-redhat-linux/7/../../..] ==> dir [/opt/rh/devtoolset-7/root/usr/lib/gcc/x86_64-redhat-linux/7/../../..]
    arg [-L/datausers/ioit/thaontp/diepht/clang+llvm-12.0.1-x86_64-linux-gnu-ubuntu-/bin/../lib] ==> dir [/datausers/ioit/thaontp/diepht/clang+llvm-12.0.1-x86_64-linux-gnu-ubuntu-/bin/../lib]
    arg [-L/lib] ==> dir [/lib]
    arg [-L/usr/lib] ==> dir [/usr/lib]
    arg [-L/opt/apps/intel/compilers_and_libraries_2017.7.259/linux/ipp/lib/intel64] ==> dir [/opt/apps/intel/compilers_and_libraries_2017.7.259/linux/ipp/lib/intel64]
    arg [-L/opt/apps/intel/compilers_and_libraries_2017.7.259/linux/compiler/lib/intel64_lin] ==> dir [/opt/apps/intel/compilers_and_libraries_2017.7.259/linux/compiler/lib/intel64_lin]
    arg [-L/opt/apps/intel/compilers_and_libraries_2017.7.259/linux/mkl/lib/intel64_lin] ==> dir [/opt/apps/intel/compilers_and_libraries_2017.7.259/linux/mkl/lib/intel64_lin]
    arg [-L/opt/apps/intel/compilers_and_libraries_2017.7.259/linux/tbb/lib/intel64/gcc4.7] ==> dir [/opt/apps/intel/compilers_and_libraries_2017.7.259/linux/tbb/lib/intel64/gcc4.7]
    arg [-L/opt/apps/intel/compilers_and_libraries_2017.7.259/linux/daal/lib/intel64_lin] ==> dir [/opt/apps/intel/compilers_and_libraries_2017.7.259/linux/daal/lib/intel64_lin]
    arg [-L/opt/apps/intel/compilers_and_libraries_2017.7.259/linux/ipp/lib/intel64] ==> dir [/opt/apps/intel/compilers_and_libraries_2017.7.259/linux/ipp/lib/intel64]
    arg [-L/opt/apps/intel/compilers_and_libraries_2017.7.259/linux/compiler/lib/intel64_lin] ==> dir [/opt/apps/intel/compilers_and_libraries_2017.7.259/linux/compiler/lib/intel64_lin]
    arg [-L/opt/apps/intel/compilers_and_libraries_2017.7.259/linux/mkl/lib/intel64_lin] ==> dir [/opt/apps/intel/compilers_and_libraries_2017.7.259/linux/mkl/lib/intel64_lin]
    arg [-L/opt/apps/intel/compilers_and_libraries_2017.7.259/linux/tbb/lib/intel64/gcc4.7] ==> dir [/opt/apps/intel/compilers_and_libraries_2017.7.259/linux/tbb/lib/intel64/gcc4.7]
    arg [-L/opt/apps/intel/compilers_and_libraries_2017.7.259/linux/daal/lib/intel64_lin] ==> dir [/opt/apps/intel/compilers_and_libraries_2017.7.259/linux/daal/lib/intel64_lin]
    arg [-L/opt/apps/intel/compilers_and_libraries_2017.7.259/linux/ipp/lib/intel64] ==> dir [/opt/apps/intel/compilers_and_libraries_2017.7.259/linux/ipp/lib/intel64]
    arg [-L/opt/apps/intel/compilers_and_libraries_2017.7.259/linux/compiler/lib/intel64_lin] ==> dir [/opt/apps/intel/compilers_and_libraries_2017.7.259/linux/compiler/lib/intel64_lin]
    arg [-L/opt/apps/intel/compilers_and_libraries_2017.7.259/linux/mkl/lib/intel64_lin] ==> dir [/opt/apps/intel/compilers_and_libraries_2017.7.259/linux/mkl/lib/intel64_lin]
    arg [-L/opt/apps/intel/compilers_and_libraries_2017.7.259/linux/tbb/lib/intel64/gcc4.7] ==> dir [/opt/apps/intel/compilers_and_libraries_2017.7.259/linux/tbb/lib/intel64/gcc4.7]
    arg [-L/opt/apps/intel/compilers_and_libraries_2017.7.259/linux/daal/lib/intel64_lin] ==> dir [/opt/apps/intel/compilers_and_libraries_2017.7.259/linux/daal/lib/intel64_lin]
    arg [-L/opt/apps/intel/compilers_and_libraries_2017.7.259/linux/daal/../tbb/lib/intel64_lin/gcc4.4] ==> dir [/opt/apps/intel/compilers_and_libraries_2017.7.259/linux/daal/../tbb/lib/intel64_lin/gcc4.4]
    arg [CMakeFiles/cmTC_f77b0.dir/CMakeCXXCompilerABI.cpp.o] ==> ignore
    arg [-lstdc++] ==> lib [stdc++]
    arg [-lm] ==> lib [m]
    arg [-lgcc_s] ==> lib [gcc_s]
    arg [-lgcc] ==> lib [gcc]
    arg [-lc] ==> lib [c]
    arg [-lgcc_s] ==> lib [gcc_s]
    arg [-lgcc] ==> lib [gcc]
    arg [/opt/rh/devtoolset-7/root/usr/lib/gcc/x86_64-redhat-linux/7/crtend.o] ==> obj [/opt/rh/devtoolset-7/root/usr/lib/gcc/x86_64-redhat-linux/7/crtend.o]
    arg [/lib/../lib64/crtn.o] ==> obj [/lib/../lib64/crtn.o]
  collapse obj [/lib/../lib64/crt1.o] ==> [/lib64/crt1.o]
  collapse obj [/lib/../lib64/crti.o] ==> [/lib64/crti.o]
  collapse obj [/lib/../lib64/crtn.o] ==> [/lib64/crtn.o]
  collapse library dir [/opt/rh/devtoolset-7/root/usr/lib/gcc/x86_64-redhat-linux/7] ==> [/opt/rh/devtoolset-7/root/usr/lib/gcc/x86_64-redhat-linux/7]
  collapse library dir [/opt/rh/devtoolset-7/root/usr/lib/gcc/x86_64-redhat-linux/7/../../../../lib64] ==> [/opt/rh/devtoolset-7/root/usr/lib64]
  collapse library dir [/lib/../lib64] ==> [/lib64]
  collapse library dir [/usr/lib/../lib64] ==> [/usr/lib64]
  collapse library dir [/opt/rh/devtoolset-7/root/usr/lib/gcc/x86_64-redhat-linux/7/../../..] ==> [/opt/rh/devtoolset-7/root/usr/lib]
  collapse library dir [/datausers/ioit/thaontp/diepht/clang+llvm-12.0.1-x86_64-linux-gnu-ubuntu-/bin/../lib] ==> [/datausers/ioit/thaontp/diepht/clang+llvm-12.0.1-x86_64-linux-gnu-ubuntu-/lib]
  collapse library dir [/lib] ==> [/lib]
  collapse library dir [/usr/lib] ==> [/usr/lib]
  collapse library dir [/opt/apps/intel/compilers_and_libraries_2017.7.259/linux/ipp/lib/intel64] ==> [/opt/apps/intel/compilers_and_libraries_2017.7.259/linux/ipp/lib/intel64]
  collapse library dir [/opt/apps/intel/compilers_and_libraries_2017.7.259/linux/compiler/lib/intel64_lin] ==> [/opt/apps/intel/compilers_and_libraries_2017.7.259/linux/compiler/lib/intel64_lin]
  collapse library dir [/opt/apps/intel/compilers_and_libraries_2017.7.259/linux/mkl/lib/intel64_lin] ==> [/opt/apps/intel/compilers_and_libraries_2017.7.259/linux/mkl/lib/intel64_lin]
  collapse library dir [/opt/apps/intel/compilers_and_libraries_2017.7.259/linux/tbb/lib/intel64/gcc4.7] ==> [/opt/apps/intel/compilers_and_libraries_2017.7.259/linux/tbb/lib/intel64/gcc4.7]
  collapse library dir [/opt/apps/intel/compilers_and_libraries_2017.7.259/linux/daal/lib/intel64_lin] ==> [/opt/apps/intel/compilers_and_libraries_2017.7.259/linux/daal/lib/intel64_lin]
  collapse library dir [/opt/apps/intel/compilers_and_libraries_2017.7.259/linux/ipp/lib/intel64] ==> [/opt/apps/intel/compilers_and_libraries_2017.7.259/linux/ipp/lib/intel64]
  collapse library dir [/opt/apps/intel/compilers_and_libraries_2017.7.259/linux/compiler/lib/intel64_lin] ==> [/opt/apps/intel/compilers_and_libraries_2017.7.259/linux/compiler/lib/intel64_lin]
  collapse library dir [/opt/apps/intel/compilers_and_libraries_2017.7.259/linux/mkl/lib/intel64_lin] ==> [/opt/apps/intel/compilers_and_libraries_2017.7.259/linux/mkl/lib/intel64_lin]
  collapse library dir [/opt/apps/intel/compilers_and_libraries_2017.7.259/linux/tbb/lib/intel64/gcc4.7] ==> [/opt/apps/intel/compilers_and_libraries_2017.7.259/linux/tbb/lib/intel64/gcc4.7]
  collapse library dir [/opt/apps/intel/compilers_and_libraries_2017.7.259/linux/daal/lib/intel64_lin] ==> [/opt/apps/intel/compilers_and_libraries_2017.7.259/linux/daal/lib/intel64_lin]
  collapse library dir [/opt/apps/intel/compilers_and_libraries_2017.7.259/linux/ipp/lib/intel64] ==> [/opt/apps/intel/compilers_and_libraries_2017.7.259/linux/ipp/lib/intel64]
  collapse library dir [/opt/apps/intel/compilers_and_libraries_2017.7.259/linux/compiler/lib/intel64_lin] ==> [/opt/apps/intel/compilers_and_libraries_2017.7.259/linux/compiler/lib/intel64_lin]
  collapse library dir [/opt/apps/intel/compilers_and_libraries_2017.7.259/linux/mkl/lib/intel64_lin] ==> [/opt/apps/intel/compilers_and_libraries_2017.7.259/linux/mkl/lib/intel64_lin]
  collapse library dir [/opt/apps/intel/compilers_and_libraries_2017.7.259/linux/tbb/lib/intel64/gcc4.7] ==> [/opt/apps/intel/compilers_and_libraries_2017.7.259/linux/tbb/lib/intel64/gcc4.7]
  collapse library dir [/opt/apps/intel/compilers_and_libraries_2017.7.259/linux/daal/lib/intel64_lin] ==> [/opt/apps/intel/compilers_and_libraries_2017.7.259/linux/daal/lib/intel64_lin]
  collapse library dir [/opt/apps/intel/compilers_and_libraries_2017.7.259/linux/daal/../tbb/lib/intel64_lin/gcc4.4] ==> [/opt/apps/intel/compilers_and_libraries_2017.7.259/linux/tbb/lib/intel64_lin/gcc4.4]
  implicit libs: [stdc++;m;gcc_s;gcc;c;gcc_s;gcc]
  implicit objs: [/lib64/crt1.o;/lib64/crti.o;/opt/rh/devtoolset-7/root/usr/lib/gcc/x86_64-redhat-linux/7/crtbegin.o;/opt/rh/devtoolset-7/root/usr/lib/gcc/x86_64-redhat-linux/7/crtend.o;/lib64/crtn.o]
  implicit dirs: [/opt/rh/devtoolset-7/root/usr/lib/gcc/x86_64-redhat-linux/7;/opt/rh/devtoolset-7/root/usr/lib64;/lib64;/usr/lib64;/opt/rh/devtoolset-7/root/usr/lib;/datausers/ioit/thaontp/diepht/clang+llvm-12.0.1-x86_64-linux-gnu-ubuntu-/lib;/lib;/usr/lib;/opt/apps/intel/compilers_and_libraries_2017.7.259/linux/ipp/lib/intel64;/opt/apps/intel/compilers_and_libraries_2017.7.259/linux/compiler/lib/intel64_lin;/opt/apps/intel/compilers_and_libraries_2017.7.259/linux/mkl/lib/intel64_lin;/opt/apps/intel/compilers_and_libraries_2017.7.259/linux/tbb/lib/intel64/gcc4.7;/opt/apps/intel/compilers_and_libraries_2017.7.259/linux/daal/lib/intel64_lin;/opt/apps/intel/compilers_and_libraries_2017.7.259/linux/tbb/lib/intel64_lin/gcc4.4]
  implicit fwks: []


Determining if the function gettimeofday exists passed with the following output:
Change Dir: /datausers/ioit/thaontp/diepht/my-mpboot/build/CMakeFiles/CMakeTmp

Run Build Command(s):/usr/bin/gmake -f Makefile cmTC_3966c/fast && /usr/bin/gmake  -f CMakeFiles/cmTC_3966c.dir/build.make CMakeFiles/cmTC_3966c.dir/build
gmake[1]: Entering directory `/datausers/ioit/thaontp/diepht/my-mpboot/build/CMakeFiles/CMakeTmp'
Building C object CMakeFiles/cmTC_3966c.dir/CheckFunctionExists.c.o
/datausers/ioit/thaontp/diepht/clang+llvm-12.0.1-x86_64-linux-gnu-ubuntu-/bin/clang   -mavx -DCHECK_FUNCTION_EXISTS=gettimeofday -MD -MT CMakeFiles/cmTC_3966c.dir/CheckFunctionExists.c.o -MF CMakeFiles/cmTC_3966c.dir/CheckFunctionExists.c.o.d -o CMakeFiles/cmTC_3966c.dir/CheckFunctionExists.c.o -c /opt/apps/cmake/3.20.2/share/cmake-3.20/Modules/CheckFunctionExists.c
Linking C executable cmTC_3966c
/opt/apps/cmake/3.20.2/bin/cmake -E cmake_link_script CMakeFiles/cmTC_3966c.dir/link.txt --verbose=1
/datausers/ioit/thaontp/diepht/clang+llvm-12.0.1-x86_64-linux-gnu-ubuntu-/bin/clang   -mavx -DCHECK_FUNCTION_EXISTS=gettimeofday -rdynamic CMakeFiles/cmTC_3966c.dir/CheckFunctionExists.c.o -o cmTC_3966c 
gmake[1]: Leaving directory `/datausers/ioit/thaontp/diepht/my-mpboot/build/CMakeFiles/CMakeTmp'



Determining if the function getrusage exists passed with the following output:
Change Dir: /datausers/ioit/thaontp/diepht/my-mpboot/build/CMakeFiles/CMakeTmp

Run Build Command(s):/usr/bin/gmake -f Makefile cmTC_fa6ba/fast && /usr/bin/gmake  -f CMakeFiles/cmTC_fa6ba.dir/build.make CMakeFiles/cmTC_fa6ba.dir/build
gmake[1]: Entering directory `/datausers/ioit/thaontp/diepht/my-mpboot/build/CMakeFiles/CMakeTmp'
Building C object CMakeFiles/cmTC_fa6ba.dir/CheckFunctionExists.c.o
/datausers/ioit/thaontp/diepht/clang+llvm-12.0.1-x86_64-linux-gnu-ubuntu-/bin/clang   -mavx -DCHECK_FUNCTION_EXISTS=getrusage -MD -MT CMakeFiles/cmTC_fa6ba.dir/CheckFunctionExists.c.o -MF CMakeFiles/cmTC_fa6ba.dir/CheckFunctionExists.c.o.d -o CMakeFiles/cmTC_fa6ba.dir/CheckFunctionExists.c.o -c /opt/apps/cmake/3.20.2/share/cmake-3.20/Modules/CheckFunctionExists.c
Linking C executable cmTC_fa6ba
/opt/apps/cmake/3.20.2/bin/cmake -E cmake_link_script CMakeFiles/cmTC_fa6ba.dir/link.txt --verbose=1
/datausers/ioit/thaontp/diepht/clang+llvm-12.0.1-x86_64-linux-gnu-ubuntu-/bin/clang   -mavx -DCHECK_FUNCTION_EXISTS=getrusage -rdynamic CMakeFiles/cmTC_fa6ba.dir/CheckFunctionExists.c.o -o cmTC_fa6ba 
gmake[1]: Leaving directory `/datausers/ioit/thaontp/diepht/my-mpboot/build/CMakeFiles/CMakeTmp'



Determining if the include file sys/types.h exists passed with the following output:
Change Dir: /datausers/ioit/thaontp/diepht/my-mpboot/build/CMakeFiles/CMakeTmp

Run Build Command(s):/usr/bin/gmake -f Makefile cmTC_93d7d/fast && /usr/bin/gmake  -f CMakeFiles/cmTC_93d7d.dir/build.make CMakeFiles/cmTC_93d7d.dir/build
gmake[1]: Entering directory `/datausers/ioit/thaontp/diepht/my-mpboot/build/CMakeFiles/CMakeTmp'
Building C object CMakeFiles/cmTC_93d7d.dir/CheckIncludeFile.c.o
/datausers/ioit/thaontp/diepht/clang+llvm-12.0.1-x86_64-linux-gnu-ubuntu-/bin/clang   -mavx  -MD -MT CMakeFiles/cmTC_93d7d.dir/CheckIncludeFile.c.o -MF CMakeFiles/cmTC_93d7d.dir/CheckIncludeFile.c.o.d -o CMakeFiles/cmTC_93d7d.dir/CheckIncludeFile.c.o -c /datausers/ioit/thaontp/diepht/my-mpboot/build/CMakeFiles/CMakeTmp/CheckIncludeFile.c
Linking C executable cmTC_93d7d
/opt/apps/cmake/3.20.2/bin/cmake -E cmake_link_script CMakeFiles/cmTC_93d7d.dir/link.txt --verbose=1
/datausers/ioit/thaontp/diepht/clang+llvm-12.0.1-x86_64-linux-gnu-ubuntu-/bin/clang   -mavx  -rdynamic CMakeFiles/cmTC_93d7d.dir/CheckIncludeFile.c.o -o cmTC_93d7d 
gmake[1]: Leaving directory `/datausers/ioit/thaontp/diepht/my-mpboot/build/CMakeFiles/CMakeTmp'



Determining if the include file stdint.h exists passed with the following output:
Change Dir: /datausers/ioit/thaontp/diepht/my-mpboot/build/CMakeFiles/CMakeTmp

Run Build Command(s):/usr/bin/gmake -f Makefile cmTC_bb255/fast && /usr/bin/gmake  -f CMakeFiles/cmTC_bb255.dir/build.make CMakeFiles/cmTC_bb255.dir/build
gmake[1]: Entering directory `/datausers/ioit/thaontp/diepht/my-mpboot/build/CMakeFiles/CMakeTmp'
Building C object CMakeFiles/cmTC_bb255.dir/CheckIncludeFile.c.o
/datausers/ioit/thaontp/diepht/clang+llvm-12.0.1-x86_64-linux-gnu-ubuntu-/bin/clang   -mavx  -MD -MT CMakeFiles/cmTC_bb255.dir/CheckIncludeFile.c.o -MF CMakeFiles/cmTC_bb255.dir/CheckIncludeFile.c.o.d -o CMakeFiles/cmTC_bb255.dir/CheckIncludeFile.c.o -c /datausers/ioit/thaontp/diepht/my-mpboot/build/CMakeFiles/CMakeTmp/CheckIncludeFile.c
Linking C executable cmTC_bb255
/opt/apps/cmake/3.20.2/bin/cmake -E cmake_link_script CMakeFiles/cmTC_bb255.dir/link.txt --verbose=1
/datausers/ioit/thaontp/diepht/clang+llvm-12.0.1-x86_64-linux-gnu-ubuntu-/bin/clang   -mavx  -rdynamic CMakeFiles/cmTC_bb255.dir/CheckIncludeFile.c.o -o cmTC_bb255 
gmake[1]: Leaving directory `/datausers/ioit/thaontp/diepht/my-mpboot/build/CMakeFiles/CMakeTmp'



Determining if the include file stddef.h exists passed with the following output:
Change Dir: /datausers/ioit/thaontp/diepht/my-mpboot/build/CMakeFiles/CMakeTmp

Run Build Command(s):/usr/bin/gmake -f Makefile cmTC_5b5da/fast && /usr/bin/gmake  -f CMakeFiles/cmTC_5b5da.dir/build.make CMakeFiles/cmTC_5b5da.dir/build
gmake[1]: Entering directory `/datausers/ioit/thaontp/diepht/my-mpboot/build/CMakeFiles/CMakeTmp'
Building C object CMakeFiles/cmTC_5b5da.dir/CheckIncludeFile.c.o
/datausers/ioit/thaontp/diepht/clang+llvm-12.0.1-x86_64-linux-gnu-ubuntu-/bin/clang   -mavx  -MD -MT CMakeFiles/cmTC_5b5da.dir/CheckIncludeFile.c.o -MF CMakeFiles/cmTC_5b5da.dir/CheckIncludeFile.c.o.d -o CMakeFiles/cmTC_5b5da.dir/CheckIncludeFile.c.o -c /datausers/ioit/thaontp/diepht/my-mpboot/build/CMakeFiles/CMakeTmp/CheckIncludeFile.c
Linking C executable cmTC_5b5da
/opt/apps/cmake/3.20.2/bin/cmake -E cmake_link_script CMakeFiles/cmTC_5b5da.dir/link.txt --verbose=1
/datausers/ioit/thaontp/diepht/clang+llvm-12.0.1-x86_64-linux-gnu-ubuntu-/bin/clang   -mavx  -rdynamic CMakeFiles/cmTC_5b5da.dir/CheckIncludeFile.c.o -o cmTC_5b5da 
gmake[1]: Leaving directory `/datausers/ioit/thaontp/diepht/my-mpboot/build/CMakeFiles/CMakeTmp'



Determining size of off64_t passed with the following output:
Change Dir: /datausers/ioit/thaontp/diepht/my-mpboot/build/CMakeFiles/CMakeTmp

Run Build Command(s):/usr/bin/gmake -f Makefile cmTC_e7c8a/fast && /usr/bin/gmake  -f CMakeFiles/cmTC_e7c8a.dir/build.make CMakeFiles/cmTC_e7c8a.dir/build
gmake[1]: Entering directory `/datausers/ioit/thaontp/diepht/my-mpboot/build/CMakeFiles/CMakeTmp'
Building C object CMakeFiles/cmTC_e7c8a.dir/OFF64_T.c.o
/datausers/ioit/thaontp/diepht/clang+llvm-12.0.1-x86_64-linux-gnu-ubuntu-/bin/clang -DHAVE_STDDEF_H -DHAVE_STDINT_H -DHAVE_SYS_TYPES_H -D_LARGEFILE64_SOURCE=1  -mavx  -MD -MT CMakeFiles/cmTC_e7c8a.dir/OFF64_T.c.o -MF CMakeFiles/cmTC_e7c8a.dir/OFF64_T.c.o.d -o CMakeFiles/cmTC_e7c8a.dir/OFF64_T.c.o -c /datausers/ioit/thaontp/diepht/my-mpboot/build/CMakeFiles/CheckTypeSize/OFF64_T.c
Linking C executable cmTC_e7c8a
/opt/apps/cmake/3.20.2/bin/cmake -E cmake_link_script CMakeFiles/cmTC_e7c8a.dir/link.txt --verbose=1
/datausers/ioit/thaontp/diepht/clang+llvm-12.0.1-x86_64-linux-gnu-ubuntu-/bin/clang   -mavx  -rdynamic CMakeFiles/cmTC_e7c8a.dir/OFF64_T.c.o -o cmTC_e7c8a 
gmake[1]: Leaving directory `/datausers/ioit/thaontp/diepht/my-mpboot/build/CMakeFiles/CMakeTmp'



Determining if the function fseeko exists passed with the following output:
Change Dir: /datausers/ioit/thaontp/diepht/my-mpboot/build/CMakeFiles/CMakeTmp

Run Build Command(s):/usr/bin/gmake -f Makefile cmTC_6cae1/fast && /usr/bin/gmake  -f CMakeFiles/cmTC_6cae1.dir/build.make CMakeFiles/cmTC_6cae1.dir/build
gmake[1]: Entering directory `/datausers/ioit/thaontp/diepht/my-mpboot/build/CMakeFiles/CMakeTmp'
Building C object CMakeFiles/cmTC_6cae1.dir/CheckFunctionExists.c.o
/datausers/ioit/thaontp/diepht/clang+llvm-12.0.1-x86_64-linux-gnu-ubuntu-/bin/clang   -mavx -DCHECK_FUNCTION_EXISTS=fseeko -MD -MT CMakeFiles/cmTC_6cae1.dir/CheckFunctionExists.c.o -MF CMakeFiles/cmTC_6cae1.dir/CheckFunctionExists.c.o.d -o CMakeFiles/cmTC_6cae1.dir/CheckFunctionExists.c.o -c /opt/apps/cmake/3.20.2/share/cmake-3.20/Modules/CheckFunctionExists.c
Linking C executable cmTC_6cae1
/opt/apps/cmake/3.20.2/bin/cmake -E cmake_link_script CMakeFiles/cmTC_6cae1.dir/link.txt --verbose=1
/datausers/ioit/thaontp/diepht/clang+llvm-12.0.1-x86_64-linux-gnu-ubuntu-/bin/clang   -mavx -DCHECK_FUNCTION_EXISTS=fseeko -rdynamic CMakeFiles/cmTC_6cae1.dir/CheckFunctionExists.c.o -o cmTC_6cae1 
gmake[1]: Leaving directory `/datausers/ioit/thaontp/diepht/my-mpboot/build/CMakeFiles/CMakeTmp'



Determining if the include file unistd.h exists passed with the following output:
Change Dir: /datausers/ioit/thaontp/diepht/my-mpboot/build/CMakeFiles/CMakeTmp

Run Build Command(s):/usr/bin/gmake -f Makefile cmTC_27663/fast && /usr/bin/gmake  -f CMakeFiles/cmTC_27663.dir/build.make CMakeFiles/cmTC_27663.dir/build
gmake[1]: Entering directory `/datausers/ioit/thaontp/diepht/my-mpboot/build/CMakeFiles/CMakeTmp'
Building C object CMakeFiles/cmTC_27663.dir/CheckIncludeFile.c.o
/datausers/ioit/thaontp/diepht/clang+llvm-12.0.1-x86_64-linux-gnu-ubuntu-/bin/clang   -mavx  -MD -MT CMakeFiles/cmTC_27663.dir/CheckIncludeFile.c.o -MF CMakeFiles/cmTC_27663.dir/CheckIncludeFile.c.o.d -o CMakeFiles/cmTC_27663.dir/CheckIncludeFile.c.o -c /datausers/ioit/thaontp/diepht/my-mpboot/build/CMakeFiles/CMakeTmp/CheckIncludeFile.c
Linking C executable cmTC_27663
/opt/apps/cmake/3.20.2/bin/cmake -E cmake_link_script CMakeFiles/cmTC_27663.dir/link.txt --verbose=1
/datausers/ioit/thaontp/diepht/clang+llvm-12.0.1-x86_64-linux-gnu-ubuntu-/bin/clang   -mavx  -rdynamic CMakeFiles/cmTC_27663.dir/CheckIncludeFile.c.o -o cmTC_27663 
gmake[1]: Leaving directory `/datausers/ioit/thaontp/diepht/my-mpboot/build/CMakeFiles/CMakeTmp'



